Copyright 1986-2017 Xilinx, Inc. All Rights Reserved.
---------------------------------------------------------------------------------------------------------------------------
| Tool Version : Vivado v.2017.4 (lin64) Build 2086221 Fri Dec 15 20:54:30 MST 2017
| Date         : Mon Apr  9 22:20:07 2018
| Host         : xbili-T470-ubuntu running 64-bit Ubuntu 17.10
| Command      : report_drc -file base_wrapper_drc_opted.rpt -pb base_wrapper_drc_opted.pb -rpx base_wrapper_drc_opted.rpx
| Design       : base_wrapper
| Device       : xc7z020clg400-1
| Speed File   : -1
| Design State : Synthesized
---------------------------------------------------------------------------------------------------------------------------

Report DRC

Table of Contents
-----------------
1. REPORT SUMMARY
2. REPORT DETAILS

1. REPORT SUMMARY
-----------------
            Netlist: netlist
          Floorplan: design_1
      Design limits: <entire design considered>
           Ruledeck: default
             Max violations: <unlimited>
             Violations found: 148
+--------+----------+------------------------+------------+
| Rule   | Severity | Description            | Violations |
+--------+----------+------------------------+------------+
| DPIP-1 | Warning  | Input pipelining       | 74         |
| DPOP-1 | Warning  | PREG Output pipelining | 37         |
| DPOP-2 | Warning  | MREG Output pipelining | 37         |
+--------+----------+------------------------+------------+

2. REPORT DETAILS
-----------------
DPIP-1#1 Warning
Input pipelining  
DSP base_i/mnist_edp_0/inst/linear_activation_1_U0/grp_multiply_accumulate_fu_440/mnist_edp_mul_mulbkb_U9/mnist_edp_mul_mulbkb_DSP48_0_U/in00 input base_i/mnist_edp_0/inst/linear_activation_1_U0/grp_multiply_accumulate_fu_440/mnist_edp_mul_mulbkb_U9/mnist_edp_mul_mulbkb_DSP48_0_U/in00/A[29:0] is not pipelined. Pipelining DSP48 input will improve performance.
Related violations: <none>

DPIP-1#2 Warning
Input pipelining  
DSP base_i/mnist_edp_0/inst/linear_activation_1_U0/grp_multiply_accumulate_fu_440/mnist_edp_mul_mulbkb_U9/mnist_edp_mul_mulbkb_DSP48_0_U/in00 input base_i/mnist_edp_0/inst/linear_activation_1_U0/grp_multiply_accumulate_fu_440/mnist_edp_mul_mulbkb_U9/mnist_edp_mul_mulbkb_DSP48_0_U/in00/B[17:0] is not pipelined. Pipelining DSP48 input will improve performance.
Related violations: <none>

DPIP-1#3 Warning
Input pipelining  
DSP base_i/mnist_edp_0/inst/linear_activation_1_U0/grp_multiply_accumulate_fu_448/mnist_edp_mul_mulbkb_U9/mnist_edp_mul_mulbkb_DSP48_0_U/in00 input base_i/mnist_edp_0/inst/linear_activation_1_U0/grp_multiply_accumulate_fu_448/mnist_edp_mul_mulbkb_U9/mnist_edp_mul_mulbkb_DSP48_0_U/in00/A[29:0] is not pipelined. Pipelining DSP48 input will improve performance.
Related violations: <none>

DPIP-1#4 Warning
Input pipelining  
DSP base_i/mnist_edp_0/inst/linear_activation_1_U0/grp_multiply_accumulate_fu_448/mnist_edp_mul_mulbkb_U9/mnist_edp_mul_mulbkb_DSP48_0_U/in00 input base_i/mnist_edp_0/inst/linear_activation_1_U0/grp_multiply_accumulate_fu_448/mnist_edp_mul_mulbkb_U9/mnist_edp_mul_mulbkb_DSP48_0_U/in00/B[17:0] is not pipelined. Pipelining DSP48 input will improve performance.
Related violations: <none>

DPIP-1#5 Warning
Input pipelining  
DSP base_i/mnist_edp_0/inst/linear_activation_1_U0/grp_multiply_accumulate_fu_456/mnist_edp_mul_mulbkb_U9/mnist_edp_mul_mulbkb_DSP48_0_U/in00 input base_i/mnist_edp_0/inst/linear_activation_1_U0/grp_multiply_accumulate_fu_456/mnist_edp_mul_mulbkb_U9/mnist_edp_mul_mulbkb_DSP48_0_U/in00/A[29:0] is not pipelined. Pipelining DSP48 input will improve performance.
Related violations: <none>

DPIP-1#6 Warning
Input pipelining  
DSP base_i/mnist_edp_0/inst/linear_activation_1_U0/grp_multiply_accumulate_fu_456/mnist_edp_mul_mulbkb_U9/mnist_edp_mul_mulbkb_DSP48_0_U/in00 input base_i/mnist_edp_0/inst/linear_activation_1_U0/grp_multiply_accumulate_fu_456/mnist_edp_mul_mulbkb_U9/mnist_edp_mul_mulbkb_DSP48_0_U/in00/B[17:0] is not pipelined. Pipelining DSP48 input will improve performance.
Related violations: <none>

DPIP-1#7 Warning
Input pipelining  
DSP base_i/mnist_edp_0/inst/linear_activation_1_U0/grp_multiply_accumulate_fu_464/mnist_edp_mul_mulbkb_U9/mnist_edp_mul_mulbkb_DSP48_0_U/in00 input base_i/mnist_edp_0/inst/linear_activation_1_U0/grp_multiply_accumulate_fu_464/mnist_edp_mul_mulbkb_U9/mnist_edp_mul_mulbkb_DSP48_0_U/in00/A[29:0] is not pipelined. Pipelining DSP48 input will improve performance.
Related violations: <none>

DPIP-1#8 Warning
Input pipelining  
DSP base_i/mnist_edp_0/inst/linear_activation_1_U0/grp_multiply_accumulate_fu_464/mnist_edp_mul_mulbkb_U9/mnist_edp_mul_mulbkb_DSP48_0_U/in00 input base_i/mnist_edp_0/inst/linear_activation_1_U0/grp_multiply_accumulate_fu_464/mnist_edp_mul_mulbkb_U9/mnist_edp_mul_mulbkb_DSP48_0_U/in00/B[17:0] is not pipelined. Pipelining DSP48 input will improve performance.
Related violations: <none>

DPIP-1#9 Warning
Input pipelining  
DSP base_i/mnist_edp_0/inst/linear_activation_1_U0/grp_multiply_accumulate_fu_472/mnist_edp_mul_mulbkb_U9/mnist_edp_mul_mulbkb_DSP48_0_U/in00 input base_i/mnist_edp_0/inst/linear_activation_1_U0/grp_multiply_accumulate_fu_472/mnist_edp_mul_mulbkb_U9/mnist_edp_mul_mulbkb_DSP48_0_U/in00/A[29:0] is not pipelined. Pipelining DSP48 input will improve performance.
Related violations: <none>

DPIP-1#10 Warning
Input pipelining  
DSP base_i/mnist_edp_0/inst/linear_activation_1_U0/grp_multiply_accumulate_fu_472/mnist_edp_mul_mulbkb_U9/mnist_edp_mul_mulbkb_DSP48_0_U/in00 input base_i/mnist_edp_0/inst/linear_activation_1_U0/grp_multiply_accumulate_fu_472/mnist_edp_mul_mulbkb_U9/mnist_edp_mul_mulbkb_DSP48_0_U/in00/B[17:0] is not pipelined. Pipelining DSP48 input will improve performance.
Related violations: <none>

DPIP-1#11 Warning
Input pipelining  
DSP base_i/mnist_edp_0/inst/linear_activation_U0/grp_multiply_accumulate_fu_1561/mnist_edp_mul_mulbkb_U9/mnist_edp_mul_mulbkb_DSP48_0_U/in00 input base_i/mnist_edp_0/inst/linear_activation_U0/grp_multiply_accumulate_fu_1561/mnist_edp_mul_mulbkb_U9/mnist_edp_mul_mulbkb_DSP48_0_U/in00/A[29:0] is not pipelined. Pipelining DSP48 input will improve performance.
Related violations: <none>

DPIP-1#12 Warning
Input pipelining  
DSP base_i/mnist_edp_0/inst/linear_activation_U0/grp_multiply_accumulate_fu_1561/mnist_edp_mul_mulbkb_U9/mnist_edp_mul_mulbkb_DSP48_0_U/in00 input base_i/mnist_edp_0/inst/linear_activation_U0/grp_multiply_accumulate_fu_1561/mnist_edp_mul_mulbkb_U9/mnist_edp_mul_mulbkb_DSP48_0_U/in00/B[17:0] is not pipelined. Pipelining DSP48 input will improve performance.
Related violations: <none>

DPIP-1#13 Warning
Input pipelining  
DSP base_i/mnist_edp_0/inst/linear_activation_U0/grp_multiply_accumulate_fu_1569/mnist_edp_mul_mulbkb_U9/mnist_edp_mul_mulbkb_DSP48_0_U/in00 input base_i/mnist_edp_0/inst/linear_activation_U0/grp_multiply_accumulate_fu_1569/mnist_edp_mul_mulbkb_U9/mnist_edp_mul_mulbkb_DSP48_0_U/in00/A[29:0] is not pipelined. Pipelining DSP48 input will improve performance.
Related violations: <none>

DPIP-1#14 Warning
Input pipelining  
DSP base_i/mnist_edp_0/inst/linear_activation_U0/grp_multiply_accumulate_fu_1569/mnist_edp_mul_mulbkb_U9/mnist_edp_mul_mulbkb_DSP48_0_U/in00 input base_i/mnist_edp_0/inst/linear_activation_U0/grp_multiply_accumulate_fu_1569/mnist_edp_mul_mulbkb_U9/mnist_edp_mul_mulbkb_DSP48_0_U/in00/B[17:0] is not pipelined. Pipelining DSP48 input will improve performance.
Related violations: <none>

DPIP-1#15 Warning
Input pipelining  
DSP base_i/mnist_edp_0/inst/linear_activation_U0/grp_multiply_accumulate_fu_1577/mnist_edp_mul_mulbkb_U9/mnist_edp_mul_mulbkb_DSP48_0_U/in00 input base_i/mnist_edp_0/inst/linear_activation_U0/grp_multiply_accumulate_fu_1577/mnist_edp_mul_mulbkb_U9/mnist_edp_mul_mulbkb_DSP48_0_U/in00/A[29:0] is not pipelined. Pipelining DSP48 input will improve performance.
Related violations: <none>

DPIP-1#16 Warning
Input pipelining  
DSP base_i/mnist_edp_0/inst/linear_activation_U0/grp_multiply_accumulate_fu_1577/mnist_edp_mul_mulbkb_U9/mnist_edp_mul_mulbkb_DSP48_0_U/in00 input base_i/mnist_edp_0/inst/linear_activation_U0/grp_multiply_accumulate_fu_1577/mnist_edp_mul_mulbkb_U9/mnist_edp_mul_mulbkb_DSP48_0_U/in00/B[17:0] is not pipelined. Pipelining DSP48 input will improve performance.
Related violations: <none>

DPIP-1#17 Warning
Input pipelining  
DSP base_i/mnist_edp_0/inst/linear_activation_U0/grp_multiply_accumulate_fu_1585/mnist_edp_mul_mulbkb_U9/mnist_edp_mul_mulbkb_DSP48_0_U/in00 input base_i/mnist_edp_0/inst/linear_activation_U0/grp_multiply_accumulate_fu_1585/mnist_edp_mul_mulbkb_U9/mnist_edp_mul_mulbkb_DSP48_0_U/in00/A[29:0] is not pipelined. Pipelining DSP48 input will improve performance.
Related violations: <none>

DPIP-1#18 Warning
Input pipelining  
DSP base_i/mnist_edp_0/inst/linear_activation_U0/grp_multiply_accumulate_fu_1585/mnist_edp_mul_mulbkb_U9/mnist_edp_mul_mulbkb_DSP48_0_U/in00 input base_i/mnist_edp_0/inst/linear_activation_U0/grp_multiply_accumulate_fu_1585/mnist_edp_mul_mulbkb_U9/mnist_edp_mul_mulbkb_DSP48_0_U/in00/B[17:0] is not pipelined. Pipelining DSP48 input will improve performance.
Related violations: <none>

DPIP-1#19 Warning
Input pipelining  
DSP base_i/mnist_edp_0/inst/linear_activation_U0/grp_multiply_accumulate_fu_1593/mnist_edp_mul_mulbkb_U9/mnist_edp_mul_mulbkb_DSP48_0_U/in00 input base_i/mnist_edp_0/inst/linear_activation_U0/grp_multiply_accumulate_fu_1593/mnist_edp_mul_mulbkb_U9/mnist_edp_mul_mulbkb_DSP48_0_U/in00/A[29:0] is not pipelined. Pipelining DSP48 input will improve performance.
Related violations: <none>

DPIP-1#20 Warning
Input pipelining  
DSP base_i/mnist_edp_0/inst/linear_activation_U0/grp_multiply_accumulate_fu_1593/mnist_edp_mul_mulbkb_U9/mnist_edp_mul_mulbkb_DSP48_0_U/in00 input base_i/mnist_edp_0/inst/linear_activation_U0/grp_multiply_accumulate_fu_1593/mnist_edp_mul_mulbkb_U9/mnist_edp_mul_mulbkb_DSP48_0_U/in00/B[17:0] is not pipelined. Pipelining DSP48 input will improve performance.
Related violations: <none>

DPIP-1#21 Warning
Input pipelining  
DSP base_i/mnist_edp_0/inst/linear_activation_U0/grp_multiply_accumulate_fu_1601/mnist_edp_mul_mulbkb_U9/mnist_edp_mul_mulbkb_DSP48_0_U/in00 input base_i/mnist_edp_0/inst/linear_activation_U0/grp_multiply_accumulate_fu_1601/mnist_edp_mul_mulbkb_U9/mnist_edp_mul_mulbkb_DSP48_0_U/in00/A[29:0] is not pipelined. Pipelining DSP48 input will improve performance.
Related violations: <none>

DPIP-1#22 Warning
Input pipelining  
DSP base_i/mnist_edp_0/inst/linear_activation_U0/grp_multiply_accumulate_fu_1601/mnist_edp_mul_mulbkb_U9/mnist_edp_mul_mulbkb_DSP48_0_U/in00 input base_i/mnist_edp_0/inst/linear_activation_U0/grp_multiply_accumulate_fu_1601/mnist_edp_mul_mulbkb_U9/mnist_edp_mul_mulbkb_DSP48_0_U/in00/B[17:0] is not pipelined. Pipelining DSP48 input will improve performance.
Related violations: <none>

DPIP-1#23 Warning
Input pipelining  
DSP base_i/mnist_edp_0/inst/linear_activation_U0/grp_multiply_accumulate_fu_1609/mnist_edp_mul_mulbkb_U9/mnist_edp_mul_mulbkb_DSP48_0_U/in00 input base_i/mnist_edp_0/inst/linear_activation_U0/grp_multiply_accumulate_fu_1609/mnist_edp_mul_mulbkb_U9/mnist_edp_mul_mulbkb_DSP48_0_U/in00/A[29:0] is not pipelined. Pipelining DSP48 input will improve performance.
Related violations: <none>

DPIP-1#24 Warning
Input pipelining  
DSP base_i/mnist_edp_0/inst/linear_activation_U0/grp_multiply_accumulate_fu_1609/mnist_edp_mul_mulbkb_U9/mnist_edp_mul_mulbkb_DSP48_0_U/in00 input base_i/mnist_edp_0/inst/linear_activation_U0/grp_multiply_accumulate_fu_1609/mnist_edp_mul_mulbkb_U9/mnist_edp_mul_mulbkb_DSP48_0_U/in00/B[17:0] is not pipelined. Pipelining DSP48 input will improve performance.
Related violations: <none>

DPIP-1#25 Warning
Input pipelining  
DSP base_i/mnist_edp_0/inst/linear_activation_U0/grp_multiply_accumulate_fu_1617/mnist_edp_mul_mulbkb_U9/mnist_edp_mul_mulbkb_DSP48_0_U/in00 input base_i/mnist_edp_0/inst/linear_activation_U0/grp_multiply_accumulate_fu_1617/mnist_edp_mul_mulbkb_U9/mnist_edp_mul_mulbkb_DSP48_0_U/in00/A[29:0] is not pipelined. Pipelining DSP48 input will improve performance.
Related violations: <none>

DPIP-1#26 Warning
Input pipelining  
DSP base_i/mnist_edp_0/inst/linear_activation_U0/grp_multiply_accumulate_fu_1617/mnist_edp_mul_mulbkb_U9/mnist_edp_mul_mulbkb_DSP48_0_U/in00 input base_i/mnist_edp_0/inst/linear_activation_U0/grp_multiply_accumulate_fu_1617/mnist_edp_mul_mulbkb_U9/mnist_edp_mul_mulbkb_DSP48_0_U/in00/B[17:0] is not pipelined. Pipelining DSP48 input will improve performance.
Related violations: <none>

DPIP-1#27 Warning
Input pipelining  
DSP base_i/mnist_edp_0/inst/linear_activation_U0/grp_multiply_accumulate_fu_1625/mnist_edp_mul_mulbkb_U9/mnist_edp_mul_mulbkb_DSP48_0_U/in00 input base_i/mnist_edp_0/inst/linear_activation_U0/grp_multiply_accumulate_fu_1625/mnist_edp_mul_mulbkb_U9/mnist_edp_mul_mulbkb_DSP48_0_U/in00/A[29:0] is not pipelined. Pipelining DSP48 input will improve performance.
Related violations: <none>

DPIP-1#28 Warning
Input pipelining  
DSP base_i/mnist_edp_0/inst/linear_activation_U0/grp_multiply_accumulate_fu_1625/mnist_edp_mul_mulbkb_U9/mnist_edp_mul_mulbkb_DSP48_0_U/in00 input base_i/mnist_edp_0/inst/linear_activation_U0/grp_multiply_accumulate_fu_1625/mnist_edp_mul_mulbkb_U9/mnist_edp_mul_mulbkb_DSP48_0_U/in00/B[17:0] is not pipelined. Pipelining DSP48 input will improve performance.
Related violations: <none>

DPIP-1#29 Warning
Input pipelining  
DSP base_i/mnist_edp_0/inst/linear_activation_U0/grp_multiply_accumulate_fu_1633/mnist_edp_mul_mulbkb_U9/mnist_edp_mul_mulbkb_DSP48_0_U/in00 input base_i/mnist_edp_0/inst/linear_activation_U0/grp_multiply_accumulate_fu_1633/mnist_edp_mul_mulbkb_U9/mnist_edp_mul_mulbkb_DSP48_0_U/in00/A[29:0] is not pipelined. Pipelining DSP48 input will improve performance.
Related violations: <none>

DPIP-1#30 Warning
Input pipelining  
DSP base_i/mnist_edp_0/inst/linear_activation_U0/grp_multiply_accumulate_fu_1633/mnist_edp_mul_mulbkb_U9/mnist_edp_mul_mulbkb_DSP48_0_U/in00 input base_i/mnist_edp_0/inst/linear_activation_U0/grp_multiply_accumulate_fu_1633/mnist_edp_mul_mulbkb_U9/mnist_edp_mul_mulbkb_DSP48_0_U/in00/B[17:0] is not pipelined. Pipelining DSP48 input will improve performance.
Related violations: <none>

DPIP-1#31 Warning
Input pipelining  
DSP base_i/mnist_edp_0/inst/linear_activation_U0/grp_multiply_accumulate_fu_1641/mnist_edp_mul_mulbkb_U9/mnist_edp_mul_mulbkb_DSP48_0_U/in00 input base_i/mnist_edp_0/inst/linear_activation_U0/grp_multiply_accumulate_fu_1641/mnist_edp_mul_mulbkb_U9/mnist_edp_mul_mulbkb_DSP48_0_U/in00/A[29:0] is not pipelined. Pipelining DSP48 input will improve performance.
Related violations: <none>

DPIP-1#32 Warning
Input pipelining  
DSP base_i/mnist_edp_0/inst/linear_activation_U0/grp_multiply_accumulate_fu_1641/mnist_edp_mul_mulbkb_U9/mnist_edp_mul_mulbkb_DSP48_0_U/in00 input base_i/mnist_edp_0/inst/linear_activation_U0/grp_multiply_accumulate_fu_1641/mnist_edp_mul_mulbkb_U9/mnist_edp_mul_mulbkb_DSP48_0_U/in00/B[17:0] is not pipelined. Pipelining DSP48 input will improve performance.
Related violations: <none>

DPIP-1#33 Warning
Input pipelining  
DSP base_i/mnist_edp_0/inst/linear_activation_U0/grp_multiply_accumulate_fu_1649/mnist_edp_mul_mulbkb_U9/mnist_edp_mul_mulbkb_DSP48_0_U/in00 input base_i/mnist_edp_0/inst/linear_activation_U0/grp_multiply_accumulate_fu_1649/mnist_edp_mul_mulbkb_U9/mnist_edp_mul_mulbkb_DSP48_0_U/in00/A[29:0] is not pipelined. Pipelining DSP48 input will improve performance.
Related violations: <none>

DPIP-1#34 Warning
Input pipelining  
DSP base_i/mnist_edp_0/inst/linear_activation_U0/grp_multiply_accumulate_fu_1649/mnist_edp_mul_mulbkb_U9/mnist_edp_mul_mulbkb_DSP48_0_U/in00 input base_i/mnist_edp_0/inst/linear_activation_U0/grp_multiply_accumulate_fu_1649/mnist_edp_mul_mulbkb_U9/mnist_edp_mul_mulbkb_DSP48_0_U/in00/B[17:0] is not pipelined. Pipelining DSP48 input will improve performance.
Related violations: <none>

DPIP-1#35 Warning
Input pipelining  
DSP base_i/mnist_edp_0/inst/linear_activation_U0/grp_multiply_accumulate_fu_1657/mnist_edp_mul_mulbkb_U9/mnist_edp_mul_mulbkb_DSP48_0_U/in00 input base_i/mnist_edp_0/inst/linear_activation_U0/grp_multiply_accumulate_fu_1657/mnist_edp_mul_mulbkb_U9/mnist_edp_mul_mulbkb_DSP48_0_U/in00/A[29:0] is not pipelined. Pipelining DSP48 input will improve performance.
Related violations: <none>

DPIP-1#36 Warning
Input pipelining  
DSP base_i/mnist_edp_0/inst/linear_activation_U0/grp_multiply_accumulate_fu_1657/mnist_edp_mul_mulbkb_U9/mnist_edp_mul_mulbkb_DSP48_0_U/in00 input base_i/mnist_edp_0/inst/linear_activation_U0/grp_multiply_accumulate_fu_1657/mnist_edp_mul_mulbkb_U9/mnist_edp_mul_mulbkb_DSP48_0_U/in00/B[17:0] is not pipelined. Pipelining DSP48 input will improve performance.
Related violations: <none>

DPIP-1#37 Warning
Input pipelining  
DSP base_i/mnist_edp_0/inst/linear_activation_U0/grp_multiply_accumulate_fu_1665/mnist_edp_mul_mulbkb_U9/mnist_edp_mul_mulbkb_DSP48_0_U/in00 input base_i/mnist_edp_0/inst/linear_activation_U0/grp_multiply_accumulate_fu_1665/mnist_edp_mul_mulbkb_U9/mnist_edp_mul_mulbkb_DSP48_0_U/in00/A[29:0] is not pipelined. Pipelining DSP48 input will improve performance.
Related violations: <none>

DPIP-1#38 Warning
Input pipelining  
DSP base_i/mnist_edp_0/inst/linear_activation_U0/grp_multiply_accumulate_fu_1665/mnist_edp_mul_mulbkb_U9/mnist_edp_mul_mulbkb_DSP48_0_U/in00 input base_i/mnist_edp_0/inst/linear_activation_U0/grp_multiply_accumulate_fu_1665/mnist_edp_mul_mulbkb_U9/mnist_edp_mul_mulbkb_DSP48_0_U/in00/B[17:0] is not pipelined. Pipelining DSP48 input will improve performance.
Related violations: <none>

DPIP-1#39 Warning
Input pipelining  
DSP base_i/mnist_edp_0/inst/linear_activation_U0/grp_multiply_accumulate_fu_1673/mnist_edp_mul_mulbkb_U9/mnist_edp_mul_mulbkb_DSP48_0_U/in00 input base_i/mnist_edp_0/inst/linear_activation_U0/grp_multiply_accumulate_fu_1673/mnist_edp_mul_mulbkb_U9/mnist_edp_mul_mulbkb_DSP48_0_U/in00/A[29:0] is not pipelined. Pipelining DSP48 input will improve performance.
Related violations: <none>

DPIP-1#40 Warning
Input pipelining  
DSP base_i/mnist_edp_0/inst/linear_activation_U0/grp_multiply_accumulate_fu_1673/mnist_edp_mul_mulbkb_U9/mnist_edp_mul_mulbkb_DSP48_0_U/in00 input base_i/mnist_edp_0/inst/linear_activation_U0/grp_multiply_accumulate_fu_1673/mnist_edp_mul_mulbkb_U9/mnist_edp_mul_mulbkb_DSP48_0_U/in00/B[17:0] is not pipelined. Pipelining DSP48 input will improve performance.
Related violations: <none>

DPIP-1#41 Warning
Input pipelining  
DSP base_i/mnist_edp_0/inst/linear_activation_U0/grp_multiply_accumulate_fu_1681/mnist_edp_mul_mulbkb_U9/mnist_edp_mul_mulbkb_DSP48_0_U/in00 input base_i/mnist_edp_0/inst/linear_activation_U0/grp_multiply_accumulate_fu_1681/mnist_edp_mul_mulbkb_U9/mnist_edp_mul_mulbkb_DSP48_0_U/in00/A[29:0] is not pipelined. Pipelining DSP48 input will improve performance.
Related violations: <none>

DPIP-1#42 Warning
Input pipelining  
DSP base_i/mnist_edp_0/inst/linear_activation_U0/grp_multiply_accumulate_fu_1681/mnist_edp_mul_mulbkb_U9/mnist_edp_mul_mulbkb_DSP48_0_U/in00 input base_i/mnist_edp_0/inst/linear_activation_U0/grp_multiply_accumulate_fu_1681/mnist_edp_mul_mulbkb_U9/mnist_edp_mul_mulbkb_DSP48_0_U/in00/B[17:0] is not pipelined. Pipelining DSP48 input will improve performance.
Related violations: <none>

DPIP-1#43 Warning
Input pipelining  
DSP base_i/mnist_edp_0/inst/linear_activation_U0/grp_multiply_accumulate_fu_1689/mnist_edp_mul_mulbkb_U9/mnist_edp_mul_mulbkb_DSP48_0_U/in00 input base_i/mnist_edp_0/inst/linear_activation_U0/grp_multiply_accumulate_fu_1689/mnist_edp_mul_mulbkb_U9/mnist_edp_mul_mulbkb_DSP48_0_U/in00/A[29:0] is not pipelined. Pipelining DSP48 input will improve performance.
Related violations: <none>

DPIP-1#44 Warning
Input pipelining  
DSP base_i/mnist_edp_0/inst/linear_activation_U0/grp_multiply_accumulate_fu_1689/mnist_edp_mul_mulbkb_U9/mnist_edp_mul_mulbkb_DSP48_0_U/in00 input base_i/mnist_edp_0/inst/linear_activation_U0/grp_multiply_accumulate_fu_1689/mnist_edp_mul_mulbkb_U9/mnist_edp_mul_mulbkb_DSP48_0_U/in00/B[17:0] is not pipelined. Pipelining DSP48 input will improve performance.
Related violations: <none>

DPIP-1#45 Warning
Input pipelining  
DSP base_i/mnist_edp_0/inst/linear_activation_U0/grp_multiply_accumulate_fu_1697/mnist_edp_mul_mulbkb_U9/mnist_edp_mul_mulbkb_DSP48_0_U/in00 input base_i/mnist_edp_0/inst/linear_activation_U0/grp_multiply_accumulate_fu_1697/mnist_edp_mul_mulbkb_U9/mnist_edp_mul_mulbkb_DSP48_0_U/in00/A[29:0] is not pipelined. Pipelining DSP48 input will improve performance.
Related violations: <none>

DPIP-1#46 Warning
Input pipelining  
DSP base_i/mnist_edp_0/inst/linear_activation_U0/grp_multiply_accumulate_fu_1697/mnist_edp_mul_mulbkb_U9/mnist_edp_mul_mulbkb_DSP48_0_U/in00 input base_i/mnist_edp_0/inst/linear_activation_U0/grp_multiply_accumulate_fu_1697/mnist_edp_mul_mulbkb_U9/mnist_edp_mul_mulbkb_DSP48_0_U/in00/B[17:0] is not pipelined. Pipelining DSP48 input will improve performance.
Related violations: <none>

DPIP-1#47 Warning
Input pipelining  
DSP base_i/mnist_edp_0/inst/linear_activation_U0/grp_multiply_accumulate_fu_1705/mnist_edp_mul_mulbkb_U9/mnist_edp_mul_mulbkb_DSP48_0_U/in00 input base_i/mnist_edp_0/inst/linear_activation_U0/grp_multiply_accumulate_fu_1705/mnist_edp_mul_mulbkb_U9/mnist_edp_mul_mulbkb_DSP48_0_U/in00/A[29:0] is not pipelined. Pipelining DSP48 input will improve performance.
Related violations: <none>

DPIP-1#48 Warning
Input pipelining  
DSP base_i/mnist_edp_0/inst/linear_activation_U0/grp_multiply_accumulate_fu_1705/mnist_edp_mul_mulbkb_U9/mnist_edp_mul_mulbkb_DSP48_0_U/in00 input base_i/mnist_edp_0/inst/linear_activation_U0/grp_multiply_accumulate_fu_1705/mnist_edp_mul_mulbkb_U9/mnist_edp_mul_mulbkb_DSP48_0_U/in00/B[17:0] is not pipelined. Pipelining DSP48 input will improve performance.
Related violations: <none>

DPIP-1#49 Warning
Input pipelining  
DSP base_i/mnist_edp_0/inst/linear_activation_U0/grp_multiply_accumulate_fu_1713/mnist_edp_mul_mulbkb_U9/mnist_edp_mul_mulbkb_DSP48_0_U/in00 input base_i/mnist_edp_0/inst/linear_activation_U0/grp_multiply_accumulate_fu_1713/mnist_edp_mul_mulbkb_U9/mnist_edp_mul_mulbkb_DSP48_0_U/in00/A[29:0] is not pipelined. Pipelining DSP48 input will improve performance.
Related violations: <none>

DPIP-1#50 Warning
Input pipelining  
DSP base_i/mnist_edp_0/inst/linear_activation_U0/grp_multiply_accumulate_fu_1713/mnist_edp_mul_mulbkb_U9/mnist_edp_mul_mulbkb_DSP48_0_U/in00 input base_i/mnist_edp_0/inst/linear_activation_U0/grp_multiply_accumulate_fu_1713/mnist_edp_mul_mulbkb_U9/mnist_edp_mul_mulbkb_DSP48_0_U/in00/B[17:0] is not pipelined. Pipelining DSP48 input will improve performance.
Related violations: <none>

DPIP-1#51 Warning
Input pipelining  
DSP base_i/mnist_edp_0/inst/linear_activation_U0/grp_multiply_accumulate_fu_1721/mnist_edp_mul_mulbkb_U9/mnist_edp_mul_mulbkb_DSP48_0_U/in00 input base_i/mnist_edp_0/inst/linear_activation_U0/grp_multiply_accumulate_fu_1721/mnist_edp_mul_mulbkb_U9/mnist_edp_mul_mulbkb_DSP48_0_U/in00/A[29:0] is not pipelined. Pipelining DSP48 input will improve performance.
Related violations: <none>

DPIP-1#52 Warning
Input pipelining  
DSP base_i/mnist_edp_0/inst/linear_activation_U0/grp_multiply_accumulate_fu_1721/mnist_edp_mul_mulbkb_U9/mnist_edp_mul_mulbkb_DSP48_0_U/in00 input base_i/mnist_edp_0/inst/linear_activation_U0/grp_multiply_accumulate_fu_1721/mnist_edp_mul_mulbkb_U9/mnist_edp_mul_mulbkb_DSP48_0_U/in00/B[17:0] is not pipelined. Pipelining DSP48 input will improve performance.
Related violations: <none>

DPIP-1#53 Warning
Input pipelining  
DSP base_i/mnist_edp_0/inst/linear_activation_U0/grp_multiply_accumulate_fu_1729/mnist_edp_mul_mulbkb_U9/mnist_edp_mul_mulbkb_DSP48_0_U/in00 input base_i/mnist_edp_0/inst/linear_activation_U0/grp_multiply_accumulate_fu_1729/mnist_edp_mul_mulbkb_U9/mnist_edp_mul_mulbkb_DSP48_0_U/in00/A[29:0] is not pipelined. Pipelining DSP48 input will improve performance.
Related violations: <none>

DPIP-1#54 Warning
Input pipelining  
DSP base_i/mnist_edp_0/inst/linear_activation_U0/grp_multiply_accumulate_fu_1729/mnist_edp_mul_mulbkb_U9/mnist_edp_mul_mulbkb_DSP48_0_U/in00 input base_i/mnist_edp_0/inst/linear_activation_U0/grp_multiply_accumulate_fu_1729/mnist_edp_mul_mulbkb_U9/mnist_edp_mul_mulbkb_DSP48_0_U/in00/B[17:0] is not pipelined. Pipelining DSP48 input will improve performance.
Related violations: <none>

DPIP-1#55 Warning
Input pipelining  
DSP base_i/mnist_edp_0/inst/linear_activation_U0/grp_multiply_accumulate_fu_1737/mnist_edp_mul_mulbkb_U9/mnist_edp_mul_mulbkb_DSP48_0_U/in00 input base_i/mnist_edp_0/inst/linear_activation_U0/grp_multiply_accumulate_fu_1737/mnist_edp_mul_mulbkb_U9/mnist_edp_mul_mulbkb_DSP48_0_U/in00/A[29:0] is not pipelined. Pipelining DSP48 input will improve performance.
Related violations: <none>

DPIP-1#56 Warning
Input pipelining  
DSP base_i/mnist_edp_0/inst/linear_activation_U0/grp_multiply_accumulate_fu_1737/mnist_edp_mul_mulbkb_U9/mnist_edp_mul_mulbkb_DSP48_0_U/in00 input base_i/mnist_edp_0/inst/linear_activation_U0/grp_multiply_accumulate_fu_1737/mnist_edp_mul_mulbkb_U9/mnist_edp_mul_mulbkb_DSP48_0_U/in00/B[17:0] is not pipelined. Pipelining DSP48 input will improve performance.
Related violations: <none>

DPIP-1#57 Warning
Input pipelining  
DSP base_i/mnist_edp_0/inst/linear_activation_U0/grp_multiply_accumulate_fu_1745/mnist_edp_mul_mulbkb_U9/mnist_edp_mul_mulbkb_DSP48_0_U/in00 input base_i/mnist_edp_0/inst/linear_activation_U0/grp_multiply_accumulate_fu_1745/mnist_edp_mul_mulbkb_U9/mnist_edp_mul_mulbkb_DSP48_0_U/in00/A[29:0] is not pipelined. Pipelining DSP48 input will improve performance.
Related violations: <none>

DPIP-1#58 Warning
Input pipelining  
DSP base_i/mnist_edp_0/inst/linear_activation_U0/grp_multiply_accumulate_fu_1745/mnist_edp_mul_mulbkb_U9/mnist_edp_mul_mulbkb_DSP48_0_U/in00 input base_i/mnist_edp_0/inst/linear_activation_U0/grp_multiply_accumulate_fu_1745/mnist_edp_mul_mulbkb_U9/mnist_edp_mul_mulbkb_DSP48_0_U/in00/B[17:0] is not pipelined. Pipelining DSP48 input will improve performance.
Related violations: <none>

DPIP-1#59 Warning
Input pipelining  
DSP base_i/mnist_edp_0/inst/linear_activation_U0/grp_multiply_accumulate_fu_1753/mnist_edp_mul_mulbkb_U9/mnist_edp_mul_mulbkb_DSP48_0_U/in00 input base_i/mnist_edp_0/inst/linear_activation_U0/grp_multiply_accumulate_fu_1753/mnist_edp_mul_mulbkb_U9/mnist_edp_mul_mulbkb_DSP48_0_U/in00/A[29:0] is not pipelined. Pipelining DSP48 input will improve performance.
Related violations: <none>

DPIP-1#60 Warning
Input pipelining  
DSP base_i/mnist_edp_0/inst/linear_activation_U0/grp_multiply_accumulate_fu_1753/mnist_edp_mul_mulbkb_U9/mnist_edp_mul_mulbkb_DSP48_0_U/in00 input base_i/mnist_edp_0/inst/linear_activation_U0/grp_multiply_accumulate_fu_1753/mnist_edp_mul_mulbkb_U9/mnist_edp_mul_mulbkb_DSP48_0_U/in00/B[17:0] is not pipelined. Pipelining DSP48 input will improve performance.
Related violations: <none>

DPIP-1#61 Warning
Input pipelining  
DSP base_i/mnist_edp_0/inst/linear_activation_U0/grp_multiply_accumulate_fu_1761/mnist_edp_mul_mulbkb_U9/mnist_edp_mul_mulbkb_DSP48_0_U/in00 input base_i/mnist_edp_0/inst/linear_activation_U0/grp_multiply_accumulate_fu_1761/mnist_edp_mul_mulbkb_U9/mnist_edp_mul_mulbkb_DSP48_0_U/in00/A[29:0] is not pipelined. Pipelining DSP48 input will improve performance.
Related violations: <none>

DPIP-1#62 Warning
Input pipelining  
DSP base_i/mnist_edp_0/inst/linear_activation_U0/grp_multiply_accumulate_fu_1761/mnist_edp_mul_mulbkb_U9/mnist_edp_mul_mulbkb_DSP48_0_U/in00 input base_i/mnist_edp_0/inst/linear_activation_U0/grp_multiply_accumulate_fu_1761/mnist_edp_mul_mulbkb_U9/mnist_edp_mul_mulbkb_DSP48_0_U/in00/B[17:0] is not pipelined. Pipelining DSP48 input will improve performance.
Related violations: <none>

DPIP-1#63 Warning
Input pipelining  
DSP base_i/mnist_edp_0/inst/linear_activation_U0/grp_multiply_accumulate_fu_1769/mnist_edp_mul_mulbkb_U9/mnist_edp_mul_mulbkb_DSP48_0_U/in00 input base_i/mnist_edp_0/inst/linear_activation_U0/grp_multiply_accumulate_fu_1769/mnist_edp_mul_mulbkb_U9/mnist_edp_mul_mulbkb_DSP48_0_U/in00/A[29:0] is not pipelined. Pipelining DSP48 input will improve performance.
Related violations: <none>

DPIP-1#64 Warning
Input pipelining  
DSP base_i/mnist_edp_0/inst/linear_activation_U0/grp_multiply_accumulate_fu_1769/mnist_edp_mul_mulbkb_U9/mnist_edp_mul_mulbkb_DSP48_0_U/in00 input base_i/mnist_edp_0/inst/linear_activation_U0/grp_multiply_accumulate_fu_1769/mnist_edp_mul_mulbkb_U9/mnist_edp_mul_mulbkb_DSP48_0_U/in00/B[17:0] is not pipelined. Pipelining DSP48 input will improve performance.
Related violations: <none>

DPIP-1#65 Warning
Input pipelining  
DSP base_i/mnist_edp_0/inst/linear_activation_U0/grp_multiply_accumulate_fu_1777/mnist_edp_mul_mulbkb_U9/mnist_edp_mul_mulbkb_DSP48_0_U/in00 input base_i/mnist_edp_0/inst/linear_activation_U0/grp_multiply_accumulate_fu_1777/mnist_edp_mul_mulbkb_U9/mnist_edp_mul_mulbkb_DSP48_0_U/in00/A[29:0] is not pipelined. Pipelining DSP48 input will improve performance.
Related violations: <none>

DPIP-1#66 Warning
Input pipelining  
DSP base_i/mnist_edp_0/inst/linear_activation_U0/grp_multiply_accumulate_fu_1777/mnist_edp_mul_mulbkb_U9/mnist_edp_mul_mulbkb_DSP48_0_U/in00 input base_i/mnist_edp_0/inst/linear_activation_U0/grp_multiply_accumulate_fu_1777/mnist_edp_mul_mulbkb_U9/mnist_edp_mul_mulbkb_DSP48_0_U/in00/B[17:0] is not pipelined. Pipelining DSP48 input will improve performance.
Related violations: <none>

DPIP-1#67 Warning
Input pipelining  
DSP base_i/mnist_edp_0/inst/linear_activation_U0/grp_multiply_accumulate_fu_1785/mnist_edp_mul_mulbkb_U9/mnist_edp_mul_mulbkb_DSP48_0_U/in00 input base_i/mnist_edp_0/inst/linear_activation_U0/grp_multiply_accumulate_fu_1785/mnist_edp_mul_mulbkb_U9/mnist_edp_mul_mulbkb_DSP48_0_U/in00/A[29:0] is not pipelined. Pipelining DSP48 input will improve performance.
Related violations: <none>

DPIP-1#68 Warning
Input pipelining  
DSP base_i/mnist_edp_0/inst/linear_activation_U0/grp_multiply_accumulate_fu_1785/mnist_edp_mul_mulbkb_U9/mnist_edp_mul_mulbkb_DSP48_0_U/in00 input base_i/mnist_edp_0/inst/linear_activation_U0/grp_multiply_accumulate_fu_1785/mnist_edp_mul_mulbkb_U9/mnist_edp_mul_mulbkb_DSP48_0_U/in00/B[17:0] is not pipelined. Pipelining DSP48 input will improve performance.
Related violations: <none>

DPIP-1#69 Warning
Input pipelining  
DSP base_i/mnist_edp_0/inst/linear_activation_U0/grp_multiply_accumulate_fu_1793/mnist_edp_mul_mulbkb_U9/mnist_edp_mul_mulbkb_DSP48_0_U/in00 input base_i/mnist_edp_0/inst/linear_activation_U0/grp_multiply_accumulate_fu_1793/mnist_edp_mul_mulbkb_U9/mnist_edp_mul_mulbkb_DSP48_0_U/in00/A[29:0] is not pipelined. Pipelining DSP48 input will improve performance.
Related violations: <none>

DPIP-1#70 Warning
Input pipelining  
DSP base_i/mnist_edp_0/inst/linear_activation_U0/grp_multiply_accumulate_fu_1793/mnist_edp_mul_mulbkb_U9/mnist_edp_mul_mulbkb_DSP48_0_U/in00 input base_i/mnist_edp_0/inst/linear_activation_U0/grp_multiply_accumulate_fu_1793/mnist_edp_mul_mulbkb_U9/mnist_edp_mul_mulbkb_DSP48_0_U/in00/B[17:0] is not pipelined. Pipelining DSP48 input will improve performance.
Related violations: <none>

DPIP-1#71 Warning
Input pipelining  
DSP base_i/mnist_edp_0/inst/linear_activation_U0/grp_multiply_accumulate_fu_1801/mnist_edp_mul_mulbkb_U9/mnist_edp_mul_mulbkb_DSP48_0_U/in00 input base_i/mnist_edp_0/inst/linear_activation_U0/grp_multiply_accumulate_fu_1801/mnist_edp_mul_mulbkb_U9/mnist_edp_mul_mulbkb_DSP48_0_U/in00/A[29:0] is not pipelined. Pipelining DSP48 input will improve performance.
Related violations: <none>

DPIP-1#72 Warning
Input pipelining  
DSP base_i/mnist_edp_0/inst/linear_activation_U0/grp_multiply_accumulate_fu_1801/mnist_edp_mul_mulbkb_U9/mnist_edp_mul_mulbkb_DSP48_0_U/in00 input base_i/mnist_edp_0/inst/linear_activation_U0/grp_multiply_accumulate_fu_1801/mnist_edp_mul_mulbkb_U9/mnist_edp_mul_mulbkb_DSP48_0_U/in00/B[17:0] is not pipelined. Pipelining DSP48 input will improve performance.
Related violations: <none>

DPIP-1#73 Warning
Input pipelining  
DSP base_i/mnist_edp_0/inst/linear_activation_U0/grp_multiply_accumulate_fu_1809/mnist_edp_mul_mulbkb_U9/mnist_edp_mul_mulbkb_DSP48_0_U/in00 input base_i/mnist_edp_0/inst/linear_activation_U0/grp_multiply_accumulate_fu_1809/mnist_edp_mul_mulbkb_U9/mnist_edp_mul_mulbkb_DSP48_0_U/in00/A[29:0] is not pipelined. Pipelining DSP48 input will improve performance.
Related violations: <none>

DPIP-1#74 Warning
Input pipelining  
DSP base_i/mnist_edp_0/inst/linear_activation_U0/grp_multiply_accumulate_fu_1809/mnist_edp_mul_mulbkb_U9/mnist_edp_mul_mulbkb_DSP48_0_U/in00 input base_i/mnist_edp_0/inst/linear_activation_U0/grp_multiply_accumulate_fu_1809/mnist_edp_mul_mulbkb_U9/mnist_edp_mul_mulbkb_DSP48_0_U/in00/B[17:0] is not pipelined. Pipelining DSP48 input will improve performance.
Related violations: <none>

DPOP-1#1 Warning
PREG Output pipelining  
DSP base_i/mnist_edp_0/inst/linear_activation_1_U0/grp_multiply_accumulate_fu_440/mnist_edp_mul_mulbkb_U9/mnist_edp_mul_mulbkb_DSP48_0_U/in00 output base_i/mnist_edp_0/inst/linear_activation_1_U0/grp_multiply_accumulate_fu_440/mnist_edp_mul_mulbkb_U9/mnist_edp_mul_mulbkb_DSP48_0_U/in00/P[47:0] is not pipelined (PREG=0). Pipelining the DSP48 output will improve performance and often saves power so it is suggested whenever possible to fully pipeline this function.  If this DSP48 function was inferred, it is suggested to describe an additional register stage after this function.  If the DSP48 was instantiated in the design, it is suggested to set the PREG attribute to 1.
Related violations: <none>

DPOP-1#2 Warning
PREG Output pipelining  
DSP base_i/mnist_edp_0/inst/linear_activation_1_U0/grp_multiply_accumulate_fu_448/mnist_edp_mul_mulbkb_U9/mnist_edp_mul_mulbkb_DSP48_0_U/in00 output base_i/mnist_edp_0/inst/linear_activation_1_U0/grp_multiply_accumulate_fu_448/mnist_edp_mul_mulbkb_U9/mnist_edp_mul_mulbkb_DSP48_0_U/in00/P[47:0] is not pipelined (PREG=0). Pipelining the DSP48 output will improve performance and often saves power so it is suggested whenever possible to fully pipeline this function.  If this DSP48 function was inferred, it is suggested to describe an additional register stage after this function.  If the DSP48 was instantiated in the design, it is suggested to set the PREG attribute to 1.
Related violations: <none>

DPOP-1#3 Warning
PREG Output pipelining  
DSP base_i/mnist_edp_0/inst/linear_activation_1_U0/grp_multiply_accumulate_fu_456/mnist_edp_mul_mulbkb_U9/mnist_edp_mul_mulbkb_DSP48_0_U/in00 output base_i/mnist_edp_0/inst/linear_activation_1_U0/grp_multiply_accumulate_fu_456/mnist_edp_mul_mulbkb_U9/mnist_edp_mul_mulbkb_DSP48_0_U/in00/P[47:0] is not pipelined (PREG=0). Pipelining the DSP48 output will improve performance and often saves power so it is suggested whenever possible to fully pipeline this function.  If this DSP48 function was inferred, it is suggested to describe an additional register stage after this function.  If the DSP48 was instantiated in the design, it is suggested to set the PREG attribute to 1.
Related violations: <none>

DPOP-1#4 Warning
PREG Output pipelining  
DSP base_i/mnist_edp_0/inst/linear_activation_1_U0/grp_multiply_accumulate_fu_464/mnist_edp_mul_mulbkb_U9/mnist_edp_mul_mulbkb_DSP48_0_U/in00 output base_i/mnist_edp_0/inst/linear_activation_1_U0/grp_multiply_accumulate_fu_464/mnist_edp_mul_mulbkb_U9/mnist_edp_mul_mulbkb_DSP48_0_U/in00/P[47:0] is not pipelined (PREG=0). Pipelining the DSP48 output will improve performance and often saves power so it is suggested whenever possible to fully pipeline this function.  If this DSP48 function was inferred, it is suggested to describe an additional register stage after this function.  If the DSP48 was instantiated in the design, it is suggested to set the PREG attribute to 1.
Related violations: <none>

DPOP-1#5 Warning
PREG Output pipelining  
DSP base_i/mnist_edp_0/inst/linear_activation_1_U0/grp_multiply_accumulate_fu_472/mnist_edp_mul_mulbkb_U9/mnist_edp_mul_mulbkb_DSP48_0_U/in00 output base_i/mnist_edp_0/inst/linear_activation_1_U0/grp_multiply_accumulate_fu_472/mnist_edp_mul_mulbkb_U9/mnist_edp_mul_mulbkb_DSP48_0_U/in00/P[47:0] is not pipelined (PREG=0). Pipelining the DSP48 output will improve performance and often saves power so it is suggested whenever possible to fully pipeline this function.  If this DSP48 function was inferred, it is suggested to describe an additional register stage after this function.  If the DSP48 was instantiated in the design, it is suggested to set the PREG attribute to 1.
Related violations: <none>

DPOP-1#6 Warning
PREG Output pipelining  
DSP base_i/mnist_edp_0/inst/linear_activation_U0/grp_multiply_accumulate_fu_1561/mnist_edp_mul_mulbkb_U9/mnist_edp_mul_mulbkb_DSP48_0_U/in00 output base_i/mnist_edp_0/inst/linear_activation_U0/grp_multiply_accumulate_fu_1561/mnist_edp_mul_mulbkb_U9/mnist_edp_mul_mulbkb_DSP48_0_U/in00/P[47:0] is not pipelined (PREG=0). Pipelining the DSP48 output will improve performance and often saves power so it is suggested whenever possible to fully pipeline this function.  If this DSP48 function was inferred, it is suggested to describe an additional register stage after this function.  If the DSP48 was instantiated in the design, it is suggested to set the PREG attribute to 1.
Related violations: <none>

DPOP-1#7 Warning
PREG Output pipelining  
DSP base_i/mnist_edp_0/inst/linear_activation_U0/grp_multiply_accumulate_fu_1569/mnist_edp_mul_mulbkb_U9/mnist_edp_mul_mulbkb_DSP48_0_U/in00 output base_i/mnist_edp_0/inst/linear_activation_U0/grp_multiply_accumulate_fu_1569/mnist_edp_mul_mulbkb_U9/mnist_edp_mul_mulbkb_DSP48_0_U/in00/P[47:0] is not pipelined (PREG=0). Pipelining the DSP48 output will improve performance and often saves power so it is suggested whenever possible to fully pipeline this function.  If this DSP48 function was inferred, it is suggested to describe an additional register stage after this function.  If the DSP48 was instantiated in the design, it is suggested to set the PREG attribute to 1.
Related violations: <none>

DPOP-1#8 Warning
PREG Output pipelining  
DSP base_i/mnist_edp_0/inst/linear_activation_U0/grp_multiply_accumulate_fu_1577/mnist_edp_mul_mulbkb_U9/mnist_edp_mul_mulbkb_DSP48_0_U/in00 output base_i/mnist_edp_0/inst/linear_activation_U0/grp_multiply_accumulate_fu_1577/mnist_edp_mul_mulbkb_U9/mnist_edp_mul_mulbkb_DSP48_0_U/in00/P[47:0] is not pipelined (PREG=0). Pipelining the DSP48 output will improve performance and often saves power so it is suggested whenever possible to fully pipeline this function.  If this DSP48 function was inferred, it is suggested to describe an additional register stage after this function.  If the DSP48 was instantiated in the design, it is suggested to set the PREG attribute to 1.
Related violations: <none>

DPOP-1#9 Warning
PREG Output pipelining  
DSP base_i/mnist_edp_0/inst/linear_activation_U0/grp_multiply_accumulate_fu_1585/mnist_edp_mul_mulbkb_U9/mnist_edp_mul_mulbkb_DSP48_0_U/in00 output base_i/mnist_edp_0/inst/linear_activation_U0/grp_multiply_accumulate_fu_1585/mnist_edp_mul_mulbkb_U9/mnist_edp_mul_mulbkb_DSP48_0_U/in00/P[47:0] is not pipelined (PREG=0). Pipelining the DSP48 output will improve performance and often saves power so it is suggested whenever possible to fully pipeline this function.  If this DSP48 function was inferred, it is suggested to describe an additional register stage after this function.  If the DSP48 was instantiated in the design, it is suggested to set the PREG attribute to 1.
Related violations: <none>

DPOP-1#10 Warning
PREG Output pipelining  
DSP base_i/mnist_edp_0/inst/linear_activation_U0/grp_multiply_accumulate_fu_1593/mnist_edp_mul_mulbkb_U9/mnist_edp_mul_mulbkb_DSP48_0_U/in00 output base_i/mnist_edp_0/inst/linear_activation_U0/grp_multiply_accumulate_fu_1593/mnist_edp_mul_mulbkb_U9/mnist_edp_mul_mulbkb_DSP48_0_U/in00/P[47:0] is not pipelined (PREG=0). Pipelining the DSP48 output will improve performance and often saves power so it is suggested whenever possible to fully pipeline this function.  If this DSP48 function was inferred, it is suggested to describe an additional register stage after this function.  If the DSP48 was instantiated in the design, it is suggested to set the PREG attribute to 1.
Related violations: <none>

DPOP-1#11 Warning
PREG Output pipelining  
DSP base_i/mnist_edp_0/inst/linear_activation_U0/grp_multiply_accumulate_fu_1601/mnist_edp_mul_mulbkb_U9/mnist_edp_mul_mulbkb_DSP48_0_U/in00 output base_i/mnist_edp_0/inst/linear_activation_U0/grp_multiply_accumulate_fu_1601/mnist_edp_mul_mulbkb_U9/mnist_edp_mul_mulbkb_DSP48_0_U/in00/P[47:0] is not pipelined (PREG=0). Pipelining the DSP48 output will improve performance and often saves power so it is suggested whenever possible to fully pipeline this function.  If this DSP48 function was inferred, it is suggested to describe an additional register stage after this function.  If the DSP48 was instantiated in the design, it is suggested to set the PREG attribute to 1.
Related violations: <none>

DPOP-1#12 Warning
PREG Output pipelining  
DSP base_i/mnist_edp_0/inst/linear_activation_U0/grp_multiply_accumulate_fu_1609/mnist_edp_mul_mulbkb_U9/mnist_edp_mul_mulbkb_DSP48_0_U/in00 output base_i/mnist_edp_0/inst/linear_activation_U0/grp_multiply_accumulate_fu_1609/mnist_edp_mul_mulbkb_U9/mnist_edp_mul_mulbkb_DSP48_0_U/in00/P[47:0] is not pipelined (PREG=0). Pipelining the DSP48 output will improve performance and often saves power so it is suggested whenever possible to fully pipeline this function.  If this DSP48 function was inferred, it is suggested to describe an additional register stage after this function.  If the DSP48 was instantiated in the design, it is suggested to set the PREG attribute to 1.
Related violations: <none>

DPOP-1#13 Warning
PREG Output pipelining  
DSP base_i/mnist_edp_0/inst/linear_activation_U0/grp_multiply_accumulate_fu_1617/mnist_edp_mul_mulbkb_U9/mnist_edp_mul_mulbkb_DSP48_0_U/in00 output base_i/mnist_edp_0/inst/linear_activation_U0/grp_multiply_accumulate_fu_1617/mnist_edp_mul_mulbkb_U9/mnist_edp_mul_mulbkb_DSP48_0_U/in00/P[47:0] is not pipelined (PREG=0). Pipelining the DSP48 output will improve performance and often saves power so it is suggested whenever possible to fully pipeline this function.  If this DSP48 function was inferred, it is suggested to describe an additional register stage after this function.  If the DSP48 was instantiated in the design, it is suggested to set the PREG attribute to 1.
Related violations: <none>

DPOP-1#14 Warning
PREG Output pipelining  
DSP base_i/mnist_edp_0/inst/linear_activation_U0/grp_multiply_accumulate_fu_1625/mnist_edp_mul_mulbkb_U9/mnist_edp_mul_mulbkb_DSP48_0_U/in00 output base_i/mnist_edp_0/inst/linear_activation_U0/grp_multiply_accumulate_fu_1625/mnist_edp_mul_mulbkb_U9/mnist_edp_mul_mulbkb_DSP48_0_U/in00/P[47:0] is not pipelined (PREG=0). Pipelining the DSP48 output will improve performance and often saves power so it is suggested whenever possible to fully pipeline this function.  If this DSP48 function was inferred, it is suggested to describe an additional register stage after this function.  If the DSP48 was instantiated in the design, it is suggested to set the PREG attribute to 1.
Related violations: <none>

DPOP-1#15 Warning
PREG Output pipelining  
DSP base_i/mnist_edp_0/inst/linear_activation_U0/grp_multiply_accumulate_fu_1633/mnist_edp_mul_mulbkb_U9/mnist_edp_mul_mulbkb_DSP48_0_U/in00 output base_i/mnist_edp_0/inst/linear_activation_U0/grp_multiply_accumulate_fu_1633/mnist_edp_mul_mulbkb_U9/mnist_edp_mul_mulbkb_DSP48_0_U/in00/P[47:0] is not pipelined (PREG=0). Pipelining the DSP48 output will improve performance and often saves power so it is suggested whenever possible to fully pipeline this function.  If this DSP48 function was inferred, it is suggested to describe an additional register stage after this function.  If the DSP48 was instantiated in the design, it is suggested to set the PREG attribute to 1.
Related violations: <none>

DPOP-1#16 Warning
PREG Output pipelining  
DSP base_i/mnist_edp_0/inst/linear_activation_U0/grp_multiply_accumulate_fu_1641/mnist_edp_mul_mulbkb_U9/mnist_edp_mul_mulbkb_DSP48_0_U/in00 output base_i/mnist_edp_0/inst/linear_activation_U0/grp_multiply_accumulate_fu_1641/mnist_edp_mul_mulbkb_U9/mnist_edp_mul_mulbkb_DSP48_0_U/in00/P[47:0] is not pipelined (PREG=0). Pipelining the DSP48 output will improve performance and often saves power so it is suggested whenever possible to fully pipeline this function.  If this DSP48 function was inferred, it is suggested to describe an additional register stage after this function.  If the DSP48 was instantiated in the design, it is suggested to set the PREG attribute to 1.
Related violations: <none>

DPOP-1#17 Warning
PREG Output pipelining  
DSP base_i/mnist_edp_0/inst/linear_activation_U0/grp_multiply_accumulate_fu_1649/mnist_edp_mul_mulbkb_U9/mnist_edp_mul_mulbkb_DSP48_0_U/in00 output base_i/mnist_edp_0/inst/linear_activation_U0/grp_multiply_accumulate_fu_1649/mnist_edp_mul_mulbkb_U9/mnist_edp_mul_mulbkb_DSP48_0_U/in00/P[47:0] is not pipelined (PREG=0). Pipelining the DSP48 output will improve performance and often saves power so it is suggested whenever possible to fully pipeline this function.  If this DSP48 function was inferred, it is suggested to describe an additional register stage after this function.  If the DSP48 was instantiated in the design, it is suggested to set the PREG attribute to 1.
Related violations: <none>

DPOP-1#18 Warning
PREG Output pipelining  
DSP base_i/mnist_edp_0/inst/linear_activation_U0/grp_multiply_accumulate_fu_1657/mnist_edp_mul_mulbkb_U9/mnist_edp_mul_mulbkb_DSP48_0_U/in00 output base_i/mnist_edp_0/inst/linear_activation_U0/grp_multiply_accumulate_fu_1657/mnist_edp_mul_mulbkb_U9/mnist_edp_mul_mulbkb_DSP48_0_U/in00/P[47:0] is not pipelined (PREG=0). Pipelining the DSP48 output will improve performance and often saves power so it is suggested whenever possible to fully pipeline this function.  If this DSP48 function was inferred, it is suggested to describe an additional register stage after this function.  If the DSP48 was instantiated in the design, it is suggested to set the PREG attribute to 1.
Related violations: <none>

DPOP-1#19 Warning
PREG Output pipelining  
DSP base_i/mnist_edp_0/inst/linear_activation_U0/grp_multiply_accumulate_fu_1665/mnist_edp_mul_mulbkb_U9/mnist_edp_mul_mulbkb_DSP48_0_U/in00 output base_i/mnist_edp_0/inst/linear_activation_U0/grp_multiply_accumulate_fu_1665/mnist_edp_mul_mulbkb_U9/mnist_edp_mul_mulbkb_DSP48_0_U/in00/P[47:0] is not pipelined (PREG=0). Pipelining the DSP48 output will improve performance and often saves power so it is suggested whenever possible to fully pipeline this function.  If this DSP48 function was inferred, it is suggested to describe an additional register stage after this function.  If the DSP48 was instantiated in the design, it is suggested to set the PREG attribute to 1.
Related violations: <none>

DPOP-1#20 Warning
PREG Output pipelining  
DSP base_i/mnist_edp_0/inst/linear_activation_U0/grp_multiply_accumulate_fu_1673/mnist_edp_mul_mulbkb_U9/mnist_edp_mul_mulbkb_DSP48_0_U/in00 output base_i/mnist_edp_0/inst/linear_activation_U0/grp_multiply_accumulate_fu_1673/mnist_edp_mul_mulbkb_U9/mnist_edp_mul_mulbkb_DSP48_0_U/in00/P[47:0] is not pipelined (PREG=0). Pipelining the DSP48 output will improve performance and often saves power so it is suggested whenever possible to fully pipeline this function.  If this DSP48 function was inferred, it is suggested to describe an additional register stage after this function.  If the DSP48 was instantiated in the design, it is suggested to set the PREG attribute to 1.
Related violations: <none>

DPOP-1#21 Warning
PREG Output pipelining  
DSP base_i/mnist_edp_0/inst/linear_activation_U0/grp_multiply_accumulate_fu_1681/mnist_edp_mul_mulbkb_U9/mnist_edp_mul_mulbkb_DSP48_0_U/in00 output base_i/mnist_edp_0/inst/linear_activation_U0/grp_multiply_accumulate_fu_1681/mnist_edp_mul_mulbkb_U9/mnist_edp_mul_mulbkb_DSP48_0_U/in00/P[47:0] is not pipelined (PREG=0). Pipelining the DSP48 output will improve performance and often saves power so it is suggested whenever possible to fully pipeline this function.  If this DSP48 function was inferred, it is suggested to describe an additional register stage after this function.  If the DSP48 was instantiated in the design, it is suggested to set the PREG attribute to 1.
Related violations: <none>

DPOP-1#22 Warning
PREG Output pipelining  
DSP base_i/mnist_edp_0/inst/linear_activation_U0/grp_multiply_accumulate_fu_1689/mnist_edp_mul_mulbkb_U9/mnist_edp_mul_mulbkb_DSP48_0_U/in00 output base_i/mnist_edp_0/inst/linear_activation_U0/grp_multiply_accumulate_fu_1689/mnist_edp_mul_mulbkb_U9/mnist_edp_mul_mulbkb_DSP48_0_U/in00/P[47:0] is not pipelined (PREG=0). Pipelining the DSP48 output will improve performance and often saves power so it is suggested whenever possible to fully pipeline this function.  If this DSP48 function was inferred, it is suggested to describe an additional register stage after this function.  If the DSP48 was instantiated in the design, it is suggested to set the PREG attribute to 1.
Related violations: <none>

DPOP-1#23 Warning
PREG Output pipelining  
DSP base_i/mnist_edp_0/inst/linear_activation_U0/grp_multiply_accumulate_fu_1697/mnist_edp_mul_mulbkb_U9/mnist_edp_mul_mulbkb_DSP48_0_U/in00 output base_i/mnist_edp_0/inst/linear_activation_U0/grp_multiply_accumulate_fu_1697/mnist_edp_mul_mulbkb_U9/mnist_edp_mul_mulbkb_DSP48_0_U/in00/P[47:0] is not pipelined (PREG=0). Pipelining the DSP48 output will improve performance and often saves power so it is suggested whenever possible to fully pipeline this function.  If this DSP48 function was inferred, it is suggested to describe an additional register stage after this function.  If the DSP48 was instantiated in the design, it is suggested to set the PREG attribute to 1.
Related violations: <none>

DPOP-1#24 Warning
PREG Output pipelining  
DSP base_i/mnist_edp_0/inst/linear_activation_U0/grp_multiply_accumulate_fu_1705/mnist_edp_mul_mulbkb_U9/mnist_edp_mul_mulbkb_DSP48_0_U/in00 output base_i/mnist_edp_0/inst/linear_activation_U0/grp_multiply_accumulate_fu_1705/mnist_edp_mul_mulbkb_U9/mnist_edp_mul_mulbkb_DSP48_0_U/in00/P[47:0] is not pipelined (PREG=0). Pipelining the DSP48 output will improve performance and often saves power so it is suggested whenever possible to fully pipeline this function.  If this DSP48 function was inferred, it is suggested to describe an additional register stage after this function.  If the DSP48 was instantiated in the design, it is suggested to set the PREG attribute to 1.
Related violations: <none>

DPOP-1#25 Warning
PREG Output pipelining  
DSP base_i/mnist_edp_0/inst/linear_activation_U0/grp_multiply_accumulate_fu_1713/mnist_edp_mul_mulbkb_U9/mnist_edp_mul_mulbkb_DSP48_0_U/in00 output base_i/mnist_edp_0/inst/linear_activation_U0/grp_multiply_accumulate_fu_1713/mnist_edp_mul_mulbkb_U9/mnist_edp_mul_mulbkb_DSP48_0_U/in00/P[47:0] is not pipelined (PREG=0). Pipelining the DSP48 output will improve performance and often saves power so it is suggested whenever possible to fully pipeline this function.  If this DSP48 function was inferred, it is suggested to describe an additional register stage after this function.  If the DSP48 was instantiated in the design, it is suggested to set the PREG attribute to 1.
Related violations: <none>

DPOP-1#26 Warning
PREG Output pipelining  
DSP base_i/mnist_edp_0/inst/linear_activation_U0/grp_multiply_accumulate_fu_1721/mnist_edp_mul_mulbkb_U9/mnist_edp_mul_mulbkb_DSP48_0_U/in00 output base_i/mnist_edp_0/inst/linear_activation_U0/grp_multiply_accumulate_fu_1721/mnist_edp_mul_mulbkb_U9/mnist_edp_mul_mulbkb_DSP48_0_U/in00/P[47:0] is not pipelined (PREG=0). Pipelining the DSP48 output will improve performance and often saves power so it is suggested whenever possible to fully pipeline this function.  If this DSP48 function was inferred, it is suggested to describe an additional register stage after this function.  If the DSP48 was instantiated in the design, it is suggested to set the PREG attribute to 1.
Related violations: <none>

DPOP-1#27 Warning
PREG Output pipelining  
DSP base_i/mnist_edp_0/inst/linear_activation_U0/grp_multiply_accumulate_fu_1729/mnist_edp_mul_mulbkb_U9/mnist_edp_mul_mulbkb_DSP48_0_U/in00 output base_i/mnist_edp_0/inst/linear_activation_U0/grp_multiply_accumulate_fu_1729/mnist_edp_mul_mulbkb_U9/mnist_edp_mul_mulbkb_DSP48_0_U/in00/P[47:0] is not pipelined (PREG=0). Pipelining the DSP48 output will improve performance and often saves power so it is suggested whenever possible to fully pipeline this function.  If this DSP48 function was inferred, it is suggested to describe an additional register stage after this function.  If the DSP48 was instantiated in the design, it is suggested to set the PREG attribute to 1.
Related violations: <none>

DPOP-1#28 Warning
PREG Output pipelining  
DSP base_i/mnist_edp_0/inst/linear_activation_U0/grp_multiply_accumulate_fu_1737/mnist_edp_mul_mulbkb_U9/mnist_edp_mul_mulbkb_DSP48_0_U/in00 output base_i/mnist_edp_0/inst/linear_activation_U0/grp_multiply_accumulate_fu_1737/mnist_edp_mul_mulbkb_U9/mnist_edp_mul_mulbkb_DSP48_0_U/in00/P[47:0] is not pipelined (PREG=0). Pipelining the DSP48 output will improve performance and often saves power so it is suggested whenever possible to fully pipeline this function.  If this DSP48 function was inferred, it is suggested to describe an additional register stage after this function.  If the DSP48 was instantiated in the design, it is suggested to set the PREG attribute to 1.
Related violations: <none>

DPOP-1#29 Warning
PREG Output pipelining  
DSP base_i/mnist_edp_0/inst/linear_activation_U0/grp_multiply_accumulate_fu_1745/mnist_edp_mul_mulbkb_U9/mnist_edp_mul_mulbkb_DSP48_0_U/in00 output base_i/mnist_edp_0/inst/linear_activation_U0/grp_multiply_accumulate_fu_1745/mnist_edp_mul_mulbkb_U9/mnist_edp_mul_mulbkb_DSP48_0_U/in00/P[47:0] is not pipelined (PREG=0). Pipelining the DSP48 output will improve performance and often saves power so it is suggested whenever possible to fully pipeline this function.  If this DSP48 function was inferred, it is suggested to describe an additional register stage after this function.  If the DSP48 was instantiated in the design, it is suggested to set the PREG attribute to 1.
Related violations: <none>

DPOP-1#30 Warning
PREG Output pipelining  
DSP base_i/mnist_edp_0/inst/linear_activation_U0/grp_multiply_accumulate_fu_1753/mnist_edp_mul_mulbkb_U9/mnist_edp_mul_mulbkb_DSP48_0_U/in00 output base_i/mnist_edp_0/inst/linear_activation_U0/grp_multiply_accumulate_fu_1753/mnist_edp_mul_mulbkb_U9/mnist_edp_mul_mulbkb_DSP48_0_U/in00/P[47:0] is not pipelined (PREG=0). Pipelining the DSP48 output will improve performance and often saves power so it is suggested whenever possible to fully pipeline this function.  If this DSP48 function was inferred, it is suggested to describe an additional register stage after this function.  If the DSP48 was instantiated in the design, it is suggested to set the PREG attribute to 1.
Related violations: <none>

DPOP-1#31 Warning
PREG Output pipelining  
DSP base_i/mnist_edp_0/inst/linear_activation_U0/grp_multiply_accumulate_fu_1761/mnist_edp_mul_mulbkb_U9/mnist_edp_mul_mulbkb_DSP48_0_U/in00 output base_i/mnist_edp_0/inst/linear_activation_U0/grp_multiply_accumulate_fu_1761/mnist_edp_mul_mulbkb_U9/mnist_edp_mul_mulbkb_DSP48_0_U/in00/P[47:0] is not pipelined (PREG=0). Pipelining the DSP48 output will improve performance and often saves power so it is suggested whenever possible to fully pipeline this function.  If this DSP48 function was inferred, it is suggested to describe an additional register stage after this function.  If the DSP48 was instantiated in the design, it is suggested to set the PREG attribute to 1.
Related violations: <none>

DPOP-1#32 Warning
PREG Output pipelining  
DSP base_i/mnist_edp_0/inst/linear_activation_U0/grp_multiply_accumulate_fu_1769/mnist_edp_mul_mulbkb_U9/mnist_edp_mul_mulbkb_DSP48_0_U/in00 output base_i/mnist_edp_0/inst/linear_activation_U0/grp_multiply_accumulate_fu_1769/mnist_edp_mul_mulbkb_U9/mnist_edp_mul_mulbkb_DSP48_0_U/in00/P[47:0] is not pipelined (PREG=0). Pipelining the DSP48 output will improve performance and often saves power so it is suggested whenever possible to fully pipeline this function.  If this DSP48 function was inferred, it is suggested to describe an additional register stage after this function.  If the DSP48 was instantiated in the design, it is suggested to set the PREG attribute to 1.
Related violations: <none>

DPOP-1#33 Warning
PREG Output pipelining  
DSP base_i/mnist_edp_0/inst/linear_activation_U0/grp_multiply_accumulate_fu_1777/mnist_edp_mul_mulbkb_U9/mnist_edp_mul_mulbkb_DSP48_0_U/in00 output base_i/mnist_edp_0/inst/linear_activation_U0/grp_multiply_accumulate_fu_1777/mnist_edp_mul_mulbkb_U9/mnist_edp_mul_mulbkb_DSP48_0_U/in00/P[47:0] is not pipelined (PREG=0). Pipelining the DSP48 output will improve performance and often saves power so it is suggested whenever possible to fully pipeline this function.  If this DSP48 function was inferred, it is suggested to describe an additional register stage after this function.  If the DSP48 was instantiated in the design, it is suggested to set the PREG attribute to 1.
Related violations: <none>

DPOP-1#34 Warning
PREG Output pipelining  
DSP base_i/mnist_edp_0/inst/linear_activation_U0/grp_multiply_accumulate_fu_1785/mnist_edp_mul_mulbkb_U9/mnist_edp_mul_mulbkb_DSP48_0_U/in00 output base_i/mnist_edp_0/inst/linear_activation_U0/grp_multiply_accumulate_fu_1785/mnist_edp_mul_mulbkb_U9/mnist_edp_mul_mulbkb_DSP48_0_U/in00/P[47:0] is not pipelined (PREG=0). Pipelining the DSP48 output will improve performance and often saves power so it is suggested whenever possible to fully pipeline this function.  If this DSP48 function was inferred, it is suggested to describe an additional register stage after this function.  If the DSP48 was instantiated in the design, it is suggested to set the PREG attribute to 1.
Related violations: <none>

DPOP-1#35 Warning
PREG Output pipelining  
DSP base_i/mnist_edp_0/inst/linear_activation_U0/grp_multiply_accumulate_fu_1793/mnist_edp_mul_mulbkb_U9/mnist_edp_mul_mulbkb_DSP48_0_U/in00 output base_i/mnist_edp_0/inst/linear_activation_U0/grp_multiply_accumulate_fu_1793/mnist_edp_mul_mulbkb_U9/mnist_edp_mul_mulbkb_DSP48_0_U/in00/P[47:0] is not pipelined (PREG=0). Pipelining the DSP48 output will improve performance and often saves power so it is suggested whenever possible to fully pipeline this function.  If this DSP48 function was inferred, it is suggested to describe an additional register stage after this function.  If the DSP48 was instantiated in the design, it is suggested to set the PREG attribute to 1.
Related violations: <none>

DPOP-1#36 Warning
PREG Output pipelining  
DSP base_i/mnist_edp_0/inst/linear_activation_U0/grp_multiply_accumulate_fu_1801/mnist_edp_mul_mulbkb_U9/mnist_edp_mul_mulbkb_DSP48_0_U/in00 output base_i/mnist_edp_0/inst/linear_activation_U0/grp_multiply_accumulate_fu_1801/mnist_edp_mul_mulbkb_U9/mnist_edp_mul_mulbkb_DSP48_0_U/in00/P[47:0] is not pipelined (PREG=0). Pipelining the DSP48 output will improve performance and often saves power so it is suggested whenever possible to fully pipeline this function.  If this DSP48 function was inferred, it is suggested to describe an additional register stage after this function.  If the DSP48 was instantiated in the design, it is suggested to set the PREG attribute to 1.
Related violations: <none>

DPOP-1#37 Warning
PREG Output pipelining  
DSP base_i/mnist_edp_0/inst/linear_activation_U0/grp_multiply_accumulate_fu_1809/mnist_edp_mul_mulbkb_U9/mnist_edp_mul_mulbkb_DSP48_0_U/in00 output base_i/mnist_edp_0/inst/linear_activation_U0/grp_multiply_accumulate_fu_1809/mnist_edp_mul_mulbkb_U9/mnist_edp_mul_mulbkb_DSP48_0_U/in00/P[47:0] is not pipelined (PREG=0). Pipelining the DSP48 output will improve performance and often saves power so it is suggested whenever possible to fully pipeline this function.  If this DSP48 function was inferred, it is suggested to describe an additional register stage after this function.  If the DSP48 was instantiated in the design, it is suggested to set the PREG attribute to 1.
Related violations: <none>

DPOP-2#1 Warning
MREG Output pipelining  
DSP base_i/mnist_edp_0/inst/linear_activation_1_U0/grp_multiply_accumulate_fu_440/mnist_edp_mul_mulbkb_U9/mnist_edp_mul_mulbkb_DSP48_0_U/in00 multiplier stage base_i/mnist_edp_0/inst/linear_activation_1_U0/grp_multiply_accumulate_fu_440/mnist_edp_mul_mulbkb_U9/mnist_edp_mul_mulbkb_DSP48_0_U/in00/P[47:0] is not pipelined (MREG=0). Pipelining the multiplier function will improve performance and will save significant power so it is suggested whenever possible to fully pipeline this function.  If this multiplier was inferred, it is suggested to describe an additional register stage after this function.  If there is no registered adder/accumulator following the multiply function, two pipeline stages are suggested to allow both the MREG and PREG registers to be used.  If the DSP48 was instantiated in the design, it is suggested to set both the MREG and PREG attributes to 1 when performing multiply functions.
Related violations: <none>

DPOP-2#2 Warning
MREG Output pipelining  
DSP base_i/mnist_edp_0/inst/linear_activation_1_U0/grp_multiply_accumulate_fu_448/mnist_edp_mul_mulbkb_U9/mnist_edp_mul_mulbkb_DSP48_0_U/in00 multiplier stage base_i/mnist_edp_0/inst/linear_activation_1_U0/grp_multiply_accumulate_fu_448/mnist_edp_mul_mulbkb_U9/mnist_edp_mul_mulbkb_DSP48_0_U/in00/P[47:0] is not pipelined (MREG=0). Pipelining the multiplier function will improve performance and will save significant power so it is suggested whenever possible to fully pipeline this function.  If this multiplier was inferred, it is suggested to describe an additional register stage after this function.  If there is no registered adder/accumulator following the multiply function, two pipeline stages are suggested to allow both the MREG and PREG registers to be used.  If the DSP48 was instantiated in the design, it is suggested to set both the MREG and PREG attributes to 1 when performing multiply functions.
Related violations: <none>

DPOP-2#3 Warning
MREG Output pipelining  
DSP base_i/mnist_edp_0/inst/linear_activation_1_U0/grp_multiply_accumulate_fu_456/mnist_edp_mul_mulbkb_U9/mnist_edp_mul_mulbkb_DSP48_0_U/in00 multiplier stage base_i/mnist_edp_0/inst/linear_activation_1_U0/grp_multiply_accumulate_fu_456/mnist_edp_mul_mulbkb_U9/mnist_edp_mul_mulbkb_DSP48_0_U/in00/P[47:0] is not pipelined (MREG=0). Pipelining the multiplier function will improve performance and will save significant power so it is suggested whenever possible to fully pipeline this function.  If this multiplier was inferred, it is suggested to describe an additional register stage after this function.  If there is no registered adder/accumulator following the multiply function, two pipeline stages are suggested to allow both the MREG and PREG registers to be used.  If the DSP48 was instantiated in the design, it is suggested to set both the MREG and PREG attributes to 1 when performing multiply functions.
Related violations: <none>

DPOP-2#4 Warning
MREG Output pipelining  
DSP base_i/mnist_edp_0/inst/linear_activation_1_U0/grp_multiply_accumulate_fu_464/mnist_edp_mul_mulbkb_U9/mnist_edp_mul_mulbkb_DSP48_0_U/in00 multiplier stage base_i/mnist_edp_0/inst/linear_activation_1_U0/grp_multiply_accumulate_fu_464/mnist_edp_mul_mulbkb_U9/mnist_edp_mul_mulbkb_DSP48_0_U/in00/P[47:0] is not pipelined (MREG=0). Pipelining the multiplier function will improve performance and will save significant power so it is suggested whenever possible to fully pipeline this function.  If this multiplier was inferred, it is suggested to describe an additional register stage after this function.  If there is no registered adder/accumulator following the multiply function, two pipeline stages are suggested to allow both the MREG and PREG registers to be used.  If the DSP48 was instantiated in the design, it is suggested to set both the MREG and PREG attributes to 1 when performing multiply functions.
Related violations: <none>

DPOP-2#5 Warning
MREG Output pipelining  
DSP base_i/mnist_edp_0/inst/linear_activation_1_U0/grp_multiply_accumulate_fu_472/mnist_edp_mul_mulbkb_U9/mnist_edp_mul_mulbkb_DSP48_0_U/in00 multiplier stage base_i/mnist_edp_0/inst/linear_activation_1_U0/grp_multiply_accumulate_fu_472/mnist_edp_mul_mulbkb_U9/mnist_edp_mul_mulbkb_DSP48_0_U/in00/P[47:0] is not pipelined (MREG=0). Pipelining the multiplier function will improve performance and will save significant power so it is suggested whenever possible to fully pipeline this function.  If this multiplier was inferred, it is suggested to describe an additional register stage after this function.  If there is no registered adder/accumulator following the multiply function, two pipeline stages are suggested to allow both the MREG and PREG registers to be used.  If the DSP48 was instantiated in the design, it is suggested to set both the MREG and PREG attributes to 1 when performing multiply functions.
Related violations: <none>

DPOP-2#6 Warning
MREG Output pipelining  
DSP base_i/mnist_edp_0/inst/linear_activation_U0/grp_multiply_accumulate_fu_1561/mnist_edp_mul_mulbkb_U9/mnist_edp_mul_mulbkb_DSP48_0_U/in00 multiplier stage base_i/mnist_edp_0/inst/linear_activation_U0/grp_multiply_accumulate_fu_1561/mnist_edp_mul_mulbkb_U9/mnist_edp_mul_mulbkb_DSP48_0_U/in00/P[47:0] is not pipelined (MREG=0). Pipelining the multiplier function will improve performance and will save significant power so it is suggested whenever possible to fully pipeline this function.  If this multiplier was inferred, it is suggested to describe an additional register stage after this function.  If there is no registered adder/accumulator following the multiply function, two pipeline stages are suggested to allow both the MREG and PREG registers to be used.  If the DSP48 was instantiated in the design, it is suggested to set both the MREG and PREG attributes to 1 when performing multiply functions.
Related violations: <none>

DPOP-2#7 Warning
MREG Output pipelining  
DSP base_i/mnist_edp_0/inst/linear_activation_U0/grp_multiply_accumulate_fu_1569/mnist_edp_mul_mulbkb_U9/mnist_edp_mul_mulbkb_DSP48_0_U/in00 multiplier stage base_i/mnist_edp_0/inst/linear_activation_U0/grp_multiply_accumulate_fu_1569/mnist_edp_mul_mulbkb_U9/mnist_edp_mul_mulbkb_DSP48_0_U/in00/P[47:0] is not pipelined (MREG=0). Pipelining the multiplier function will improve performance and will save significant power so it is suggested whenever possible to fully pipeline this function.  If this multiplier was inferred, it is suggested to describe an additional register stage after this function.  If there is no registered adder/accumulator following the multiply function, two pipeline stages are suggested to allow both the MREG and PREG registers to be used.  If the DSP48 was instantiated in the design, it is suggested to set both the MREG and PREG attributes to 1 when performing multiply functions.
Related violations: <none>

DPOP-2#8 Warning
MREG Output pipelining  
DSP base_i/mnist_edp_0/inst/linear_activation_U0/grp_multiply_accumulate_fu_1577/mnist_edp_mul_mulbkb_U9/mnist_edp_mul_mulbkb_DSP48_0_U/in00 multiplier stage base_i/mnist_edp_0/inst/linear_activation_U0/grp_multiply_accumulate_fu_1577/mnist_edp_mul_mulbkb_U9/mnist_edp_mul_mulbkb_DSP48_0_U/in00/P[47:0] is not pipelined (MREG=0). Pipelining the multiplier function will improve performance and will save significant power so it is suggested whenever possible to fully pipeline this function.  If this multiplier was inferred, it is suggested to describe an additional register stage after this function.  If there is no registered adder/accumulator following the multiply function, two pipeline stages are suggested to allow both the MREG and PREG registers to be used.  If the DSP48 was instantiated in the design, it is suggested to set both the MREG and PREG attributes to 1 when performing multiply functions.
Related violations: <none>

DPOP-2#9 Warning
MREG Output pipelining  
DSP base_i/mnist_edp_0/inst/linear_activation_U0/grp_multiply_accumulate_fu_1585/mnist_edp_mul_mulbkb_U9/mnist_edp_mul_mulbkb_DSP48_0_U/in00 multiplier stage base_i/mnist_edp_0/inst/linear_activation_U0/grp_multiply_accumulate_fu_1585/mnist_edp_mul_mulbkb_U9/mnist_edp_mul_mulbkb_DSP48_0_U/in00/P[47:0] is not pipelined (MREG=0). Pipelining the multiplier function will improve performance and will save significant power so it is suggested whenever possible to fully pipeline this function.  If this multiplier was inferred, it is suggested to describe an additional register stage after this function.  If there is no registered adder/accumulator following the multiply function, two pipeline stages are suggested to allow both the MREG and PREG registers to be used.  If the DSP48 was instantiated in the design, it is suggested to set both the MREG and PREG attributes to 1 when performing multiply functions.
Related violations: <none>

DPOP-2#10 Warning
MREG Output pipelining  
DSP base_i/mnist_edp_0/inst/linear_activation_U0/grp_multiply_accumulate_fu_1593/mnist_edp_mul_mulbkb_U9/mnist_edp_mul_mulbkb_DSP48_0_U/in00 multiplier stage base_i/mnist_edp_0/inst/linear_activation_U0/grp_multiply_accumulate_fu_1593/mnist_edp_mul_mulbkb_U9/mnist_edp_mul_mulbkb_DSP48_0_U/in00/P[47:0] is not pipelined (MREG=0). Pipelining the multiplier function will improve performance and will save significant power so it is suggested whenever possible to fully pipeline this function.  If this multiplier was inferred, it is suggested to describe an additional register stage after this function.  If there is no registered adder/accumulator following the multiply function, two pipeline stages are suggested to allow both the MREG and PREG registers to be used.  If the DSP48 was instantiated in the design, it is suggested to set both the MREG and PREG attributes to 1 when performing multiply functions.
Related violations: <none>

DPOP-2#11 Warning
MREG Output pipelining  
DSP base_i/mnist_edp_0/inst/linear_activation_U0/grp_multiply_accumulate_fu_1601/mnist_edp_mul_mulbkb_U9/mnist_edp_mul_mulbkb_DSP48_0_U/in00 multiplier stage base_i/mnist_edp_0/inst/linear_activation_U0/grp_multiply_accumulate_fu_1601/mnist_edp_mul_mulbkb_U9/mnist_edp_mul_mulbkb_DSP48_0_U/in00/P[47:0] is not pipelined (MREG=0). Pipelining the multiplier function will improve performance and will save significant power so it is suggested whenever possible to fully pipeline this function.  If this multiplier was inferred, it is suggested to describe an additional register stage after this function.  If there is no registered adder/accumulator following the multiply function, two pipeline stages are suggested to allow both the MREG and PREG registers to be used.  If the DSP48 was instantiated in the design, it is suggested to set both the MREG and PREG attributes to 1 when performing multiply functions.
Related violations: <none>

DPOP-2#12 Warning
MREG Output pipelining  
DSP base_i/mnist_edp_0/inst/linear_activation_U0/grp_multiply_accumulate_fu_1609/mnist_edp_mul_mulbkb_U9/mnist_edp_mul_mulbkb_DSP48_0_U/in00 multiplier stage base_i/mnist_edp_0/inst/linear_activation_U0/grp_multiply_accumulate_fu_1609/mnist_edp_mul_mulbkb_U9/mnist_edp_mul_mulbkb_DSP48_0_U/in00/P[47:0] is not pipelined (MREG=0). Pipelining the multiplier function will improve performance and will save significant power so it is suggested whenever possible to fully pipeline this function.  If this multiplier was inferred, it is suggested to describe an additional register stage after this function.  If there is no registered adder/accumulator following the multiply function, two pipeline stages are suggested to allow both the MREG and PREG registers to be used.  If the DSP48 was instantiated in the design, it is suggested to set both the MREG and PREG attributes to 1 when performing multiply functions.
Related violations: <none>

DPOP-2#13 Warning
MREG Output pipelining  
DSP base_i/mnist_edp_0/inst/linear_activation_U0/grp_multiply_accumulate_fu_1617/mnist_edp_mul_mulbkb_U9/mnist_edp_mul_mulbkb_DSP48_0_U/in00 multiplier stage base_i/mnist_edp_0/inst/linear_activation_U0/grp_multiply_accumulate_fu_1617/mnist_edp_mul_mulbkb_U9/mnist_edp_mul_mulbkb_DSP48_0_U/in00/P[47:0] is not pipelined (MREG=0). Pipelining the multiplier function will improve performance and will save significant power so it is suggested whenever possible to fully pipeline this function.  If this multiplier was inferred, it is suggested to describe an additional register stage after this function.  If there is no registered adder/accumulator following the multiply function, two pipeline stages are suggested to allow both the MREG and PREG registers to be used.  If the DSP48 was instantiated in the design, it is suggested to set both the MREG and PREG attributes to 1 when performing multiply functions.
Related violations: <none>

DPOP-2#14 Warning
MREG Output pipelining  
DSP base_i/mnist_edp_0/inst/linear_activation_U0/grp_multiply_accumulate_fu_1625/mnist_edp_mul_mulbkb_U9/mnist_edp_mul_mulbkb_DSP48_0_U/in00 multiplier stage base_i/mnist_edp_0/inst/linear_activation_U0/grp_multiply_accumulate_fu_1625/mnist_edp_mul_mulbkb_U9/mnist_edp_mul_mulbkb_DSP48_0_U/in00/P[47:0] is not pipelined (MREG=0). Pipelining the multiplier function will improve performance and will save significant power so it is suggested whenever possible to fully pipeline this function.  If this multiplier was inferred, it is suggested to describe an additional register stage after this function.  If there is no registered adder/accumulator following the multiply function, two pipeline stages are suggested to allow both the MREG and PREG registers to be used.  If the DSP48 was instantiated in the design, it is suggested to set both the MREG and PREG attributes to 1 when performing multiply functions.
Related violations: <none>

DPOP-2#15 Warning
MREG Output pipelining  
DSP base_i/mnist_edp_0/inst/linear_activation_U0/grp_multiply_accumulate_fu_1633/mnist_edp_mul_mulbkb_U9/mnist_edp_mul_mulbkb_DSP48_0_U/in00 multiplier stage base_i/mnist_edp_0/inst/linear_activation_U0/grp_multiply_accumulate_fu_1633/mnist_edp_mul_mulbkb_U9/mnist_edp_mul_mulbkb_DSP48_0_U/in00/P[47:0] is not pipelined (MREG=0). Pipelining the multiplier function will improve performance and will save significant power so it is suggested whenever possible to fully pipeline this function.  If this multiplier was inferred, it is suggested to describe an additional register stage after this function.  If there is no registered adder/accumulator following the multiply function, two pipeline stages are suggested to allow both the MREG and PREG registers to be used.  If the DSP48 was instantiated in the design, it is suggested to set both the MREG and PREG attributes to 1 when performing multiply functions.
Related violations: <none>

DPOP-2#16 Warning
MREG Output pipelining  
DSP base_i/mnist_edp_0/inst/linear_activation_U0/grp_multiply_accumulate_fu_1641/mnist_edp_mul_mulbkb_U9/mnist_edp_mul_mulbkb_DSP48_0_U/in00 multiplier stage base_i/mnist_edp_0/inst/linear_activation_U0/grp_multiply_accumulate_fu_1641/mnist_edp_mul_mulbkb_U9/mnist_edp_mul_mulbkb_DSP48_0_U/in00/P[47:0] is not pipelined (MREG=0). Pipelining the multiplier function will improve performance and will save significant power so it is suggested whenever possible to fully pipeline this function.  If this multiplier was inferred, it is suggested to describe an additional register stage after this function.  If there is no registered adder/accumulator following the multiply function, two pipeline stages are suggested to allow both the MREG and PREG registers to be used.  If the DSP48 was instantiated in the design, it is suggested to set both the MREG and PREG attributes to 1 when performing multiply functions.
Related violations: <none>

DPOP-2#17 Warning
MREG Output pipelining  
DSP base_i/mnist_edp_0/inst/linear_activation_U0/grp_multiply_accumulate_fu_1649/mnist_edp_mul_mulbkb_U9/mnist_edp_mul_mulbkb_DSP48_0_U/in00 multiplier stage base_i/mnist_edp_0/inst/linear_activation_U0/grp_multiply_accumulate_fu_1649/mnist_edp_mul_mulbkb_U9/mnist_edp_mul_mulbkb_DSP48_0_U/in00/P[47:0] is not pipelined (MREG=0). Pipelining the multiplier function will improve performance and will save significant power so it is suggested whenever possible to fully pipeline this function.  If this multiplier was inferred, it is suggested to describe an additional register stage after this function.  If there is no registered adder/accumulator following the multiply function, two pipeline stages are suggested to allow both the MREG and PREG registers to be used.  If the DSP48 was instantiated in the design, it is suggested to set both the MREG and PREG attributes to 1 when performing multiply functions.
Related violations: <none>

DPOP-2#18 Warning
MREG Output pipelining  
DSP base_i/mnist_edp_0/inst/linear_activation_U0/grp_multiply_accumulate_fu_1657/mnist_edp_mul_mulbkb_U9/mnist_edp_mul_mulbkb_DSP48_0_U/in00 multiplier stage base_i/mnist_edp_0/inst/linear_activation_U0/grp_multiply_accumulate_fu_1657/mnist_edp_mul_mulbkb_U9/mnist_edp_mul_mulbkb_DSP48_0_U/in00/P[47:0] is not pipelined (MREG=0). Pipelining the multiplier function will improve performance and will save significant power so it is suggested whenever possible to fully pipeline this function.  If this multiplier was inferred, it is suggested to describe an additional register stage after this function.  If there is no registered adder/accumulator following the multiply function, two pipeline stages are suggested to allow both the MREG and PREG registers to be used.  If the DSP48 was instantiated in the design, it is suggested to set both the MREG and PREG attributes to 1 when performing multiply functions.
Related violations: <none>

DPOP-2#19 Warning
MREG Output pipelining  
DSP base_i/mnist_edp_0/inst/linear_activation_U0/grp_multiply_accumulate_fu_1665/mnist_edp_mul_mulbkb_U9/mnist_edp_mul_mulbkb_DSP48_0_U/in00 multiplier stage base_i/mnist_edp_0/inst/linear_activation_U0/grp_multiply_accumulate_fu_1665/mnist_edp_mul_mulbkb_U9/mnist_edp_mul_mulbkb_DSP48_0_U/in00/P[47:0] is not pipelined (MREG=0). Pipelining the multiplier function will improve performance and will save significant power so it is suggested whenever possible to fully pipeline this function.  If this multiplier was inferred, it is suggested to describe an additional register stage after this function.  If there is no registered adder/accumulator following the multiply function, two pipeline stages are suggested to allow both the MREG and PREG registers to be used.  If the DSP48 was instantiated in the design, it is suggested to set both the MREG and PREG attributes to 1 when performing multiply functions.
Related violations: <none>

DPOP-2#20 Warning
MREG Output pipelining  
DSP base_i/mnist_edp_0/inst/linear_activation_U0/grp_multiply_accumulate_fu_1673/mnist_edp_mul_mulbkb_U9/mnist_edp_mul_mulbkb_DSP48_0_U/in00 multiplier stage base_i/mnist_edp_0/inst/linear_activation_U0/grp_multiply_accumulate_fu_1673/mnist_edp_mul_mulbkb_U9/mnist_edp_mul_mulbkb_DSP48_0_U/in00/P[47:0] is not pipelined (MREG=0). Pipelining the multiplier function will improve performance and will save significant power so it is suggested whenever possible to fully pipeline this function.  If this multiplier was inferred, it is suggested to describe an additional register stage after this function.  If there is no registered adder/accumulator following the multiply function, two pipeline stages are suggested to allow both the MREG and PREG registers to be used.  If the DSP48 was instantiated in the design, it is suggested to set both the MREG and PREG attributes to 1 when performing multiply functions.
Related violations: <none>

DPOP-2#21 Warning
MREG Output pipelining  
DSP base_i/mnist_edp_0/inst/linear_activation_U0/grp_multiply_accumulate_fu_1681/mnist_edp_mul_mulbkb_U9/mnist_edp_mul_mulbkb_DSP48_0_U/in00 multiplier stage base_i/mnist_edp_0/inst/linear_activation_U0/grp_multiply_accumulate_fu_1681/mnist_edp_mul_mulbkb_U9/mnist_edp_mul_mulbkb_DSP48_0_U/in00/P[47:0] is not pipelined (MREG=0). Pipelining the multiplier function will improve performance and will save significant power so it is suggested whenever possible to fully pipeline this function.  If this multiplier was inferred, it is suggested to describe an additional register stage after this function.  If there is no registered adder/accumulator following the multiply function, two pipeline stages are suggested to allow both the MREG and PREG registers to be used.  If the DSP48 was instantiated in the design, it is suggested to set both the MREG and PREG attributes to 1 when performing multiply functions.
Related violations: <none>

DPOP-2#22 Warning
MREG Output pipelining  
DSP base_i/mnist_edp_0/inst/linear_activation_U0/grp_multiply_accumulate_fu_1689/mnist_edp_mul_mulbkb_U9/mnist_edp_mul_mulbkb_DSP48_0_U/in00 multiplier stage base_i/mnist_edp_0/inst/linear_activation_U0/grp_multiply_accumulate_fu_1689/mnist_edp_mul_mulbkb_U9/mnist_edp_mul_mulbkb_DSP48_0_U/in00/P[47:0] is not pipelined (MREG=0). Pipelining the multiplier function will improve performance and will save significant power so it is suggested whenever possible to fully pipeline this function.  If this multiplier was inferred, it is suggested to describe an additional register stage after this function.  If there is no registered adder/accumulator following the multiply function, two pipeline stages are suggested to allow both the MREG and PREG registers to be used.  If the DSP48 was instantiated in the design, it is suggested to set both the MREG and PREG attributes to 1 when performing multiply functions.
Related violations: <none>

DPOP-2#23 Warning
MREG Output pipelining  
DSP base_i/mnist_edp_0/inst/linear_activation_U0/grp_multiply_accumulate_fu_1697/mnist_edp_mul_mulbkb_U9/mnist_edp_mul_mulbkb_DSP48_0_U/in00 multiplier stage base_i/mnist_edp_0/inst/linear_activation_U0/grp_multiply_accumulate_fu_1697/mnist_edp_mul_mulbkb_U9/mnist_edp_mul_mulbkb_DSP48_0_U/in00/P[47:0] is not pipelined (MREG=0). Pipelining the multiplier function will improve performance and will save significant power so it is suggested whenever possible to fully pipeline this function.  If this multiplier was inferred, it is suggested to describe an additional register stage after this function.  If there is no registered adder/accumulator following the multiply function, two pipeline stages are suggested to allow both the MREG and PREG registers to be used.  If the DSP48 was instantiated in the design, it is suggested to set both the MREG and PREG attributes to 1 when performing multiply functions.
Related violations: <none>

DPOP-2#24 Warning
MREG Output pipelining  
DSP base_i/mnist_edp_0/inst/linear_activation_U0/grp_multiply_accumulate_fu_1705/mnist_edp_mul_mulbkb_U9/mnist_edp_mul_mulbkb_DSP48_0_U/in00 multiplier stage base_i/mnist_edp_0/inst/linear_activation_U0/grp_multiply_accumulate_fu_1705/mnist_edp_mul_mulbkb_U9/mnist_edp_mul_mulbkb_DSP48_0_U/in00/P[47:0] is not pipelined (MREG=0). Pipelining the multiplier function will improve performance and will save significant power so it is suggested whenever possible to fully pipeline this function.  If this multiplier was inferred, it is suggested to describe an additional register stage after this function.  If there is no registered adder/accumulator following the multiply function, two pipeline stages are suggested to allow both the MREG and PREG registers to be used.  If the DSP48 was instantiated in the design, it is suggested to set both the MREG and PREG attributes to 1 when performing multiply functions.
Related violations: <none>

DPOP-2#25 Warning
MREG Output pipelining  
DSP base_i/mnist_edp_0/inst/linear_activation_U0/grp_multiply_accumulate_fu_1713/mnist_edp_mul_mulbkb_U9/mnist_edp_mul_mulbkb_DSP48_0_U/in00 multiplier stage base_i/mnist_edp_0/inst/linear_activation_U0/grp_multiply_accumulate_fu_1713/mnist_edp_mul_mulbkb_U9/mnist_edp_mul_mulbkb_DSP48_0_U/in00/P[47:0] is not pipelined (MREG=0). Pipelining the multiplier function will improve performance and will save significant power so it is suggested whenever possible to fully pipeline this function.  If this multiplier was inferred, it is suggested to describe an additional register stage after this function.  If there is no registered adder/accumulator following the multiply function, two pipeline stages are suggested to allow both the MREG and PREG registers to be used.  If the DSP48 was instantiated in the design, it is suggested to set both the MREG and PREG attributes to 1 when performing multiply functions.
Related violations: <none>

DPOP-2#26 Warning
MREG Output pipelining  
DSP base_i/mnist_edp_0/inst/linear_activation_U0/grp_multiply_accumulate_fu_1721/mnist_edp_mul_mulbkb_U9/mnist_edp_mul_mulbkb_DSP48_0_U/in00 multiplier stage base_i/mnist_edp_0/inst/linear_activation_U0/grp_multiply_accumulate_fu_1721/mnist_edp_mul_mulbkb_U9/mnist_edp_mul_mulbkb_DSP48_0_U/in00/P[47:0] is not pipelined (MREG=0). Pipelining the multiplier function will improve performance and will save significant power so it is suggested whenever possible to fully pipeline this function.  If this multiplier was inferred, it is suggested to describe an additional register stage after this function.  If there is no registered adder/accumulator following the multiply function, two pipeline stages are suggested to allow both the MREG and PREG registers to be used.  If the DSP48 was instantiated in the design, it is suggested to set both the MREG and PREG attributes to 1 when performing multiply functions.
Related violations: <none>

DPOP-2#27 Warning
MREG Output pipelining  
DSP base_i/mnist_edp_0/inst/linear_activation_U0/grp_multiply_accumulate_fu_1729/mnist_edp_mul_mulbkb_U9/mnist_edp_mul_mulbkb_DSP48_0_U/in00 multiplier stage base_i/mnist_edp_0/inst/linear_activation_U0/grp_multiply_accumulate_fu_1729/mnist_edp_mul_mulbkb_U9/mnist_edp_mul_mulbkb_DSP48_0_U/in00/P[47:0] is not pipelined (MREG=0). Pipelining the multiplier function will improve performance and will save significant power so it is suggested whenever possible to fully pipeline this function.  If this multiplier was inferred, it is suggested to describe an additional register stage after this function.  If there is no registered adder/accumulator following the multiply function, two pipeline stages are suggested to allow both the MREG and PREG registers to be used.  If the DSP48 was instantiated in the design, it is suggested to set both the MREG and PREG attributes to 1 when performing multiply functions.
Related violations: <none>

DPOP-2#28 Warning
MREG Output pipelining  
DSP base_i/mnist_edp_0/inst/linear_activation_U0/grp_multiply_accumulate_fu_1737/mnist_edp_mul_mulbkb_U9/mnist_edp_mul_mulbkb_DSP48_0_U/in00 multiplier stage base_i/mnist_edp_0/inst/linear_activation_U0/grp_multiply_accumulate_fu_1737/mnist_edp_mul_mulbkb_U9/mnist_edp_mul_mulbkb_DSP48_0_U/in00/P[47:0] is not pipelined (MREG=0). Pipelining the multiplier function will improve performance and will save significant power so it is suggested whenever possible to fully pipeline this function.  If this multiplier was inferred, it is suggested to describe an additional register stage after this function.  If there is no registered adder/accumulator following the multiply function, two pipeline stages are suggested to allow both the MREG and PREG registers to be used.  If the DSP48 was instantiated in the design, it is suggested to set both the MREG and PREG attributes to 1 when performing multiply functions.
Related violations: <none>

DPOP-2#29 Warning
MREG Output pipelining  
DSP base_i/mnist_edp_0/inst/linear_activation_U0/grp_multiply_accumulate_fu_1745/mnist_edp_mul_mulbkb_U9/mnist_edp_mul_mulbkb_DSP48_0_U/in00 multiplier stage base_i/mnist_edp_0/inst/linear_activation_U0/grp_multiply_accumulate_fu_1745/mnist_edp_mul_mulbkb_U9/mnist_edp_mul_mulbkb_DSP48_0_U/in00/P[47:0] is not pipelined (MREG=0). Pipelining the multiplier function will improve performance and will save significant power so it is suggested whenever possible to fully pipeline this function.  If this multiplier was inferred, it is suggested to describe an additional register stage after this function.  If there is no registered adder/accumulator following the multiply function, two pipeline stages are suggested to allow both the MREG and PREG registers to be used.  If the DSP48 was instantiated in the design, it is suggested to set both the MREG and PREG attributes to 1 when performing multiply functions.
Related violations: <none>

DPOP-2#30 Warning
MREG Output pipelining  
DSP base_i/mnist_edp_0/inst/linear_activation_U0/grp_multiply_accumulate_fu_1753/mnist_edp_mul_mulbkb_U9/mnist_edp_mul_mulbkb_DSP48_0_U/in00 multiplier stage base_i/mnist_edp_0/inst/linear_activation_U0/grp_multiply_accumulate_fu_1753/mnist_edp_mul_mulbkb_U9/mnist_edp_mul_mulbkb_DSP48_0_U/in00/P[47:0] is not pipelined (MREG=0). Pipelining the multiplier function will improve performance and will save significant power so it is suggested whenever possible to fully pipeline this function.  If this multiplier was inferred, it is suggested to describe an additional register stage after this function.  If there is no registered adder/accumulator following the multiply function, two pipeline stages are suggested to allow both the MREG and PREG registers to be used.  If the DSP48 was instantiated in the design, it is suggested to set both the MREG and PREG attributes to 1 when performing multiply functions.
Related violations: <none>

DPOP-2#31 Warning
MREG Output pipelining  
DSP base_i/mnist_edp_0/inst/linear_activation_U0/grp_multiply_accumulate_fu_1761/mnist_edp_mul_mulbkb_U9/mnist_edp_mul_mulbkb_DSP48_0_U/in00 multiplier stage base_i/mnist_edp_0/inst/linear_activation_U0/grp_multiply_accumulate_fu_1761/mnist_edp_mul_mulbkb_U9/mnist_edp_mul_mulbkb_DSP48_0_U/in00/P[47:0] is not pipelined (MREG=0). Pipelining the multiplier function will improve performance and will save significant power so it is suggested whenever possible to fully pipeline this function.  If this multiplier was inferred, it is suggested to describe an additional register stage after this function.  If there is no registered adder/accumulator following the multiply function, two pipeline stages are suggested to allow both the MREG and PREG registers to be used.  If the DSP48 was instantiated in the design, it is suggested to set both the MREG and PREG attributes to 1 when performing multiply functions.
Related violations: <none>

DPOP-2#32 Warning
MREG Output pipelining  
DSP base_i/mnist_edp_0/inst/linear_activation_U0/grp_multiply_accumulate_fu_1769/mnist_edp_mul_mulbkb_U9/mnist_edp_mul_mulbkb_DSP48_0_U/in00 multiplier stage base_i/mnist_edp_0/inst/linear_activation_U0/grp_multiply_accumulate_fu_1769/mnist_edp_mul_mulbkb_U9/mnist_edp_mul_mulbkb_DSP48_0_U/in00/P[47:0] is not pipelined (MREG=0). Pipelining the multiplier function will improve performance and will save significant power so it is suggested whenever possible to fully pipeline this function.  If this multiplier was inferred, it is suggested to describe an additional register stage after this function.  If there is no registered adder/accumulator following the multiply function, two pipeline stages are suggested to allow both the MREG and PREG registers to be used.  If the DSP48 was instantiated in the design, it is suggested to set both the MREG and PREG attributes to 1 when performing multiply functions.
Related violations: <none>

DPOP-2#33 Warning
MREG Output pipelining  
DSP base_i/mnist_edp_0/inst/linear_activation_U0/grp_multiply_accumulate_fu_1777/mnist_edp_mul_mulbkb_U9/mnist_edp_mul_mulbkb_DSP48_0_U/in00 multiplier stage base_i/mnist_edp_0/inst/linear_activation_U0/grp_multiply_accumulate_fu_1777/mnist_edp_mul_mulbkb_U9/mnist_edp_mul_mulbkb_DSP48_0_U/in00/P[47:0] is not pipelined (MREG=0). Pipelining the multiplier function will improve performance and will save significant power so it is suggested whenever possible to fully pipeline this function.  If this multiplier was inferred, it is suggested to describe an additional register stage after this function.  If there is no registered adder/accumulator following the multiply function, two pipeline stages are suggested to allow both the MREG and PREG registers to be used.  If the DSP48 was instantiated in the design, it is suggested to set both the MREG and PREG attributes to 1 when performing multiply functions.
Related violations: <none>

DPOP-2#34 Warning
MREG Output pipelining  
DSP base_i/mnist_edp_0/inst/linear_activation_U0/grp_multiply_accumulate_fu_1785/mnist_edp_mul_mulbkb_U9/mnist_edp_mul_mulbkb_DSP48_0_U/in00 multiplier stage base_i/mnist_edp_0/inst/linear_activation_U0/grp_multiply_accumulate_fu_1785/mnist_edp_mul_mulbkb_U9/mnist_edp_mul_mulbkb_DSP48_0_U/in00/P[47:0] is not pipelined (MREG=0). Pipelining the multiplier function will improve performance and will save significant power so it is suggested whenever possible to fully pipeline this function.  If this multiplier was inferred, it is suggested to describe an additional register stage after this function.  If there is no registered adder/accumulator following the multiply function, two pipeline stages are suggested to allow both the MREG and PREG registers to be used.  If the DSP48 was instantiated in the design, it is suggested to set both the MREG and PREG attributes to 1 when performing multiply functions.
Related violations: <none>

DPOP-2#35 Warning
MREG Output pipelining  
DSP base_i/mnist_edp_0/inst/linear_activation_U0/grp_multiply_accumulate_fu_1793/mnist_edp_mul_mulbkb_U9/mnist_edp_mul_mulbkb_DSP48_0_U/in00 multiplier stage base_i/mnist_edp_0/inst/linear_activation_U0/grp_multiply_accumulate_fu_1793/mnist_edp_mul_mulbkb_U9/mnist_edp_mul_mulbkb_DSP48_0_U/in00/P[47:0] is not pipelined (MREG=0). Pipelining the multiplier function will improve performance and will save significant power so it is suggested whenever possible to fully pipeline this function.  If this multiplier was inferred, it is suggested to describe an additional register stage after this function.  If there is no registered adder/accumulator following the multiply function, two pipeline stages are suggested to allow both the MREG and PREG registers to be used.  If the DSP48 was instantiated in the design, it is suggested to set both the MREG and PREG attributes to 1 when performing multiply functions.
Related violations: <none>

DPOP-2#36 Warning
MREG Output pipelining  
DSP base_i/mnist_edp_0/inst/linear_activation_U0/grp_multiply_accumulate_fu_1801/mnist_edp_mul_mulbkb_U9/mnist_edp_mul_mulbkb_DSP48_0_U/in00 multiplier stage base_i/mnist_edp_0/inst/linear_activation_U0/grp_multiply_accumulate_fu_1801/mnist_edp_mul_mulbkb_U9/mnist_edp_mul_mulbkb_DSP48_0_U/in00/P[47:0] is not pipelined (MREG=0). Pipelining the multiplier function will improve performance and will save significant power so it is suggested whenever possible to fully pipeline this function.  If this multiplier was inferred, it is suggested to describe an additional register stage after this function.  If there is no registered adder/accumulator following the multiply function, two pipeline stages are suggested to allow both the MREG and PREG registers to be used.  If the DSP48 was instantiated in the design, it is suggested to set both the MREG and PREG attributes to 1 when performing multiply functions.
Related violations: <none>

DPOP-2#37 Warning
MREG Output pipelining  
DSP base_i/mnist_edp_0/inst/linear_activation_U0/grp_multiply_accumulate_fu_1809/mnist_edp_mul_mulbkb_U9/mnist_edp_mul_mulbkb_DSP48_0_U/in00 multiplier stage base_i/mnist_edp_0/inst/linear_activation_U0/grp_multiply_accumulate_fu_1809/mnist_edp_mul_mulbkb_U9/mnist_edp_mul_mulbkb_DSP48_0_U/in00/P[47:0] is not pipelined (MREG=0). Pipelining the multiplier function will improve performance and will save significant power so it is suggested whenever possible to fully pipeline this function.  If this multiplier was inferred, it is suggested to describe an additional register stage after this function.  If there is no registered adder/accumulator following the multiply function, two pipeline stages are suggested to allow both the MREG and PREG registers to be used.  If the DSP48 was instantiated in the design, it is suggested to set both the MREG and PREG attributes to 1 when performing multiply functions.
Related violations: <none>


