

================================================================
== Vivado HLS Report for 'packer'
================================================================
* Date:           Sun Apr 22 02:00:10 2018

* Version:        2017.4 (Build 2086221 on Fri Dec 15 21:13:33 MST 2017)
* Project:        mnist
* Solution:       base
* Product family: zynq
* Target device:  xc7z020clg400-1


================================================================
== Performance Estimates
================================================================
+ Timing (ns): 
    * Summary: 
    +--------+-------+----------+------------+
    |  Clock | Target| Estimated| Uncertainty|
    +--------+-------+----------+------------+
    |ap_clk  |  10.00|      3.63|        1.25|
    +--------+-------+----------+------------+

+ Latency (clock cycles): 
    * Summary: 
    +-----+-----+-----+-----+---------+
    |  Latency  |  Interval | Pipeline|
    | min | max | min | max |   Type  |
    +-----+-----+-----+-----+---------+
    |   23|   23|   23|   23|   none  |
    +-----+-----+-----+-----+---------+

    + Detail: 
        * Instance: 
        N/A

        * Loop: 
        +----------+-----+-----+----------+-----------+-----------+------+----------+
        |          |  Latency  | Iteration|  Initiation Interval  | Trip |          |
        | Loop Name| min | max |  Latency |  achieved |   target  | Count| Pipelined|
        +----------+-----+-----+----------+-----------+-----------+------+----------+
        |- Pack    |   21|   21|         4|          2|          1|    10|    yes   |
        +----------+-----+-----+----------+-----------+-----------+------+----------+



================================================================
== Utilization Estimates
================================================================
* Summary: 
+-----------------+---------+-------+--------+-------+
|       Name      | BRAM_18K| DSP48E|   FF   |  LUT  |
+-----------------+---------+-------+--------+-------+
|DSP              |        -|      -|       -|      -|
|Expression       |        -|      -|       0|    247|
|FIFO             |        -|      -|       -|      -|
|Instance         |        -|      -|       -|      -|
|Memory           |        0|      -|       8|      4|
|Multiplexer      |        -|      -|       -|    273|
|Register         |        -|      -|     119|      -|
+-----------------+---------+-------+--------+-------+
|Total            |        0|      0|     127|    524|
+-----------------+---------+-------+--------+-------+
|Available        |      280|    220|  106400|  53200|
+-----------------+---------+-------+--------+-------+
|Utilization (%)  |        0|      0|   ~0   |   ~0  |
+-----------------+---------+-------+--------+-------+

+ Detail: 
    * Instance: 
    N/A

    * DSP48: 
    N/A

    * Memory: 
    +-----------------+----------------------+---------+---+----+------+-----+------+-------------+
    |      Memory     |        Module        | BRAM_18K| FF| LUT| Words| Bits| Banks| W*Bits*Banks|
    +-----------------+----------------------+---------+---+----+------+-----+------+-------------+
    |packet_last_V_U  |packer_packet_lasjbC  |        0|  2|   1|    10|    1|     1|           10|
    |packet_user_V_U  |packer_packet_useibs  |        0|  2|   1|    10|    1|     1|           10|
    |packet_id_V_U    |packer_packet_useibs  |        0|  2|   1|    10|    1|     1|           10|
    |packet_dest_V_U  |packer_packet_useibs  |        0|  2|   1|    10|    1|     1|           10|
    +-----------------+----------------------+---------+---+----+------+-----+------+-------------+
    |Total            |                      |        0|  8|   4|    40|    4|     4|           40|
    +-----------------+----------------------+---------+---+----+------+-----+------+-------------+

    * FIFO: 
    N/A

    * Expression: 
    +--------------------------------------+----------+-------+---+----+------------+------------+
    |             Variable Name            | Operation| DSP48E| FF| LUT| Bitwidth P0| Bitwidth P1|
    +--------------------------------------+----------+-------+---+----+------------+------------+
    |i_2_fu_218_p2                         |     +    |      0|  0|  13|           4|           1|
    |ap_block_pp0_stage0_01001             |    and   |      0|  0|   8|           1|           1|
    |ap_block_pp0_stage0_11001             |    and   |      0|  0|   8|           1|           1|
    |ap_block_pp0_stage1_11001             |    and   |      0|  0|   8|           1|           1|
    |ap_block_state4_io                    |    and   |      0|  0|   8|           1|           1|
    |ap_block_state5_io                    |    and   |      0|  0|   8|           1|           1|
    |ap_condition_692                      |    and   |      0|  0|   8|           1|           1|
    |ap_condition_695                      |    and   |      0|  0|   8|           1|           1|
    |ap_condition_699                      |    and   |      0|  0|   8|           1|           1|
    |stream_out_V_data_V_1_load_A          |    and   |      0|  0|   8|           1|           1|
    |stream_out_V_data_V_1_load_B          |    and   |      0|  0|   8|           1|           1|
    |stream_out_V_dest_V_1_load_A          |    and   |      0|  0|   8|           1|           1|
    |stream_out_V_dest_V_1_load_B          |    and   |      0|  0|   8|           1|           1|
    |stream_out_V_id_V_1_load_A            |    and   |      0|  0|   8|           1|           1|
    |stream_out_V_id_V_1_load_B            |    and   |      0|  0|   8|           1|           1|
    |stream_out_V_last_V_1_load_A          |    and   |      0|  0|   8|           1|           1|
    |stream_out_V_last_V_1_load_B          |    and   |      0|  0|   8|           1|           1|
    |stream_out_V_user_V_1_load_A          |    and   |      0|  0|   8|           1|           1|
    |stream_out_V_user_V_1_load_B          |    and   |      0|  0|   8|           1|           1|
    |exitcond_fu_212_p2                    |   icmp   |      0|  0|   9|           4|           4|
    |stream_out_V_data_V_1_state_cmp_full  |   icmp   |      0|  0|   8|           2|           1|
    |stream_out_V_dest_V_1_state_cmp_full  |   icmp   |      0|  0|   8|           2|           1|
    |stream_out_V_id_V_1_state_cmp_full    |   icmp   |      0|  0|   8|           2|           1|
    |stream_out_V_last_V_1_state_cmp_full  |   icmp   |      0|  0|   8|           2|           1|
    |stream_out_V_user_V_1_state_cmp_full  |   icmp   |      0|  0|   8|           2|           1|
    |tmp_8_fu_229_p2                       |   icmp   |      0|  0|   9|           4|           4|
    |ap_block_state1                       |    or    |      0|  0|   8|           1|           1|
    |ap_block_state6                       |    or    |      0|  0|   8|           1|           1|
    |ap_enable_pp0                         |    xor   |      0|  0|   8|           1|           2|
    |ap_enable_reg_pp0_iter1               |    xor   |      0|  0|   8|           2|           1|
    +--------------------------------------+----------+-------+---+----+------------+------------+
    |Total                                 |          |      0|  0| 247|          45|          37|
    +--------------------------------------+----------+-------+---+----+------------+------------+

    * Multiplexer: 
    +--------------------------------+----+-----------+-----+-----------+
    |              Name              | LUT| Input Size| Bits| Total Bits|
    +--------------------------------+----+-----------+-----+-----------+
    |ap_NS_fsm                       |  27|          5|    1|          5|
    |ap_done                         |   9|          2|    1|          2|
    |ap_enable_reg_pp0_iter1         |  15|          3|    1|          3|
    |ap_phi_mux_i_phi_fu_205_p4      |   9|          2|    4|          8|
    |i_reg_201                       |   9|          2|    4|          8|
    |packet_last_V_address0          |  21|          4|    4|         16|
    |packet_last_V_d0                |  15|          3|    1|          3|
    |sdata_out_TDATA_blk_n           |   9|          2|    1|          2|
    |stream_in_V_V_blk_n             |   9|          2|    1|          2|
    |stream_out_V_data_V_1_data_out  |   9|          2|   32|         64|
    |stream_out_V_data_V_1_state     |  15|          3|    2|          6|
    |stream_out_V_dest_V_1_data_out  |   9|          2|    1|          2|
    |stream_out_V_dest_V_1_state     |  15|          3|    2|          6|
    |stream_out_V_id_V_1_data_out    |   9|          2|    1|          2|
    |stream_out_V_id_V_1_state       |  15|          3|    2|          6|
    |stream_out_V_keep_V_1_state     |  15|          3|    2|          6|
    |stream_out_V_last_V_1_data_out  |   9|          2|    1|          2|
    |stream_out_V_last_V_1_state     |  15|          3|    2|          6|
    |stream_out_V_strb_V_1_state     |  15|          3|    2|          6|
    |stream_out_V_user_V_1_data_out  |   9|          2|    1|          2|
    |stream_out_V_user_V_1_state     |  15|          3|    2|          6|
    +--------------------------------+----+-----------+-----+-----------+
    |Total                           | 273|         56|   68|        163|
    +--------------------------------+----+-----------+-----+-----------+

    * Register: 
    +-----------------------------------+----+----+-----+-----------+
    |                Name               | FF | LUT| Bits| Const Bits|
    +-----------------------------------+----+----+-----+-----------+
    |ap_CS_fsm                          |   4|   0|    4|          0|
    |ap_done_reg                        |   1|   0|    1|          0|
    |ap_enable_reg_pp0_iter0            |   1|   0|    1|          0|
    |ap_enable_reg_pp0_iter1            |   1|   0|    1|          0|
    |ap_reg_pp0_iter1_exitcond_reg_240  |   1|   0|    1|          0|
    |exitcond_reg_240                   |   1|   0|    1|          0|
    |i_2_reg_244                        |   4|   0|    4|          0|
    |i_reg_201                          |   4|   0|    4|          0|
    |stream_out_V_data_V_1_payload_A    |  32|   0|   32|          0|
    |stream_out_V_data_V_1_payload_B    |  32|   0|   32|          0|
    |stream_out_V_data_V_1_sel_rd       |   1|   0|    1|          0|
    |stream_out_V_data_V_1_sel_wr       |   1|   0|    1|          0|
    |stream_out_V_data_V_1_state        |   2|   0|    2|          0|
    |stream_out_V_dest_V_1_payload_A    |   1|   0|    1|          0|
    |stream_out_V_dest_V_1_payload_B    |   1|   0|    1|          0|
    |stream_out_V_dest_V_1_sel_rd       |   1|   0|    1|          0|
    |stream_out_V_dest_V_1_sel_wr       |   1|   0|    1|          0|
    |stream_out_V_dest_V_1_state        |   2|   0|    2|          0|
    |stream_out_V_id_V_1_payload_A      |   1|   0|    1|          0|
    |stream_out_V_id_V_1_payload_B      |   1|   0|    1|          0|
    |stream_out_V_id_V_1_sel_rd         |   1|   0|    1|          0|
    |stream_out_V_id_V_1_sel_wr         |   1|   0|    1|          0|
    |stream_out_V_id_V_1_state          |   2|   0|    2|          0|
    |stream_out_V_keep_V_1_sel_rd       |   1|   0|    1|          0|
    |stream_out_V_keep_V_1_state        |   2|   0|    2|          0|
    |stream_out_V_last_V_1_payload_A    |   1|   0|    1|          0|
    |stream_out_V_last_V_1_payload_B    |   1|   0|    1|          0|
    |stream_out_V_last_V_1_sel_rd       |   1|   0|    1|          0|
    |stream_out_V_last_V_1_sel_wr       |   1|   0|    1|          0|
    |stream_out_V_last_V_1_state        |   2|   0|    2|          0|
    |stream_out_V_strb_V_1_sel_rd       |   1|   0|    1|          0|
    |stream_out_V_strb_V_1_state        |   2|   0|    2|          0|
    |stream_out_V_user_V_1_payload_A    |   1|   0|    1|          0|
    |stream_out_V_user_V_1_payload_B    |   1|   0|    1|          0|
    |stream_out_V_user_V_1_sel_rd       |   1|   0|    1|          0|
    |stream_out_V_user_V_1_sel_wr       |   1|   0|    1|          0|
    |stream_out_V_user_V_1_state        |   2|   0|    2|          0|
    |tmp_reg_249                        |   4|   0|   64|         60|
    +-----------------------------------+----+----+-----+-----------+
    |Total                              | 119|   0|  179|         60|
    +-----------------------------------+----+----+-----+-----------+



================================================================
== Interface
================================================================
* Summary: 
+-----------------------+-----+-----+------------+---------------------+--------------+
|       RTL Ports       | Dir | Bits|  Protocol  |    Source Object    |    C Type    |
+-----------------------+-----+-----+------------+---------------------+--------------+
|ap_clk                 |  in |    1| ap_ctrl_hs |        packer       | return value |
|ap_rst                 |  in |    1| ap_ctrl_hs |        packer       | return value |
|ap_start               |  in |    1| ap_ctrl_hs |        packer       | return value |
|ap_done                | out |    1| ap_ctrl_hs |        packer       | return value |
|ap_continue            |  in |    1| ap_ctrl_hs |        packer       | return value |
|ap_idle                | out |    1| ap_ctrl_hs |        packer       | return value |
|ap_ready               | out |    1| ap_ctrl_hs |        packer       | return value |
|stream_in_V_V_dout     |  in |   32|   ap_fifo  |    stream_in_V_V    |    pointer   |
|stream_in_V_V_empty_n  |  in |    1|   ap_fifo  |    stream_in_V_V    |    pointer   |
|stream_in_V_V_read     | out |    1|   ap_fifo  |    stream_in_V_V    |    pointer   |
|sdata_out_TDATA        | out |   32|    axis    | stream_out_V_data_V |    pointer   |
|sdata_out_TVALID       | out |    1|    axis    | stream_out_V_dest_V |    pointer   |
|sdata_out_TREADY       |  in |    1|    axis    | stream_out_V_dest_V |    pointer   |
|sdata_out_TDEST        | out |    1|    axis    | stream_out_V_dest_V |    pointer   |
|sdata_out_TKEEP        | out |    4|    axis    | stream_out_V_keep_V |    pointer   |
|sdata_out_TSTRB        | out |    4|    axis    | stream_out_V_strb_V |    pointer   |
|sdata_out_TUSER        | out |    1|    axis    | stream_out_V_user_V |    pointer   |
|sdata_out_TLAST        | out |    1|    axis    | stream_out_V_last_V |    pointer   |
|sdata_out_TID          | out |    1|    axis    |  stream_out_V_id_V  |    pointer   |
+-----------------------+-----+-----+------------+---------------------+--------------+

