

================================================================
== Vivado HLS Report for 'packer'
================================================================
* Date:           Thu Apr  5 21:36:53 2018

* Version:        2017.4 (Build 2086221 on Fri Dec 15 21:13:33 MST 2017)
* Project:        mnist
* Solution:       base
* Product family: zynq
* Target device:  xc7z020clg400-1


================================================================
== Performance Estimates
================================================================
+ Timing (ns): 
    * Summary: 
    +--------+-------+----------+------------+
    |  Clock | Target| Estimated| Uncertainty|
    +--------+-------+----------+------------+
    |ap_clk  |  10.00|      3.63|        1.25|
    +--------+-------+----------+------------+

+ Latency (clock cycles): 
    * Summary: 
    +-----+-----+-----+-----+---------+
    |  Latency  |  Interval | Pipeline|
    | min | max | min | max |   Type  |
    +-----+-----+-----+-----+---------+
    |   23|   23|   23|   23|   none  |
    +-----+-----+-----+-----+---------+

    + Detail: 
        * Instance: 
        N/A

        * Loop: 
        +----------+-----+-----+----------+-----------+-----------+------+----------+
        |          |  Latency  | Iteration|  Initiation Interval  | Trip |          |
        | Loop Name| min | max |  Latency |  achieved |   target  | Count| Pipelined|
        +----------+-----+-----+----------+-----------+-----------+------+----------+
        |- Pack    |   21|   21|         4|          2|          1|    10|    yes   |
        +----------+-----+-----+----------+-----------+-----------+------+----------+



================================================================
== Utilization Estimates
================================================================
* Summary: 
+-----------------+---------+-------+--------+-------+
|       Name      | BRAM_18K| DSP48E|   FF   |  LUT  |
+-----------------+---------+-------+--------+-------+
|DSP              |        -|      -|       -|      -|
|Expression       |        -|      -|       0|    247|
|FIFO             |        -|      -|       -|      -|
|Instance         |        -|      -|       -|      -|
|Memory           |        0|      -|       8|      4|
|Multiplexer      |        -|      -|       -|    273|
|Register         |        -|      -|     119|      -|
+-----------------+---------+-------+--------+-------+
|Total            |        0|      0|     127|    524|
+-----------------+---------+-------+--------+-------+
|Available        |      280|    220|  106400|  53200|
+-----------------+---------+-------+--------+-------+
|Utilization (%)  |        0|      0|   ~0   |   ~0  |
+-----------------+---------+-------+--------+-------+

+ Detail: 
    * Instance: 
    N/A

    * DSP48: 
    N/A

    * Memory: 
    +-----------------+----------------------+---------+---+----+------+-----+------+-------------+
    |      Memory     |        Module        | BRAM_18K| FF| LUT| Words| Bits| Banks| W*Bits*Banks|
    +-----------------+----------------------+---------+---+----+------+-----+------+-------------+
    |packet_last_V_U  |packer_packet_laskbM  |        0|  2|   1|    10|    1|     1|           10|
    |packet_user_V_U  |packer_packet_usejbC  |        0|  2|   1|    10|    1|     1|           10|
    |packet_id_V_U    |packer_packet_usejbC  |        0|  2|   1|    10|    1|     1|           10|
    |packet_dest_V_U  |packer_packet_usejbC  |        0|  2|   1|    10|    1|     1|           10|
    +-----------------+----------------------+---------+---+----+------+-----+------+-------------+
    |Total            |                      |        0|  8|   4|    40|    4|     4|           40|
    +-----------------+----------------------+---------+---+----+------+-----+------+-------------+

    * FIFO: 
    N/A

    * Expression: 
    +--------------------------------------+----------+-------+---+----+------------+------------+
    |             Variable Name            | Operation| DSP48E| FF| LUT| Bitwidth P0| Bitwidth P1|
    +--------------------------------------+----------+-------+---+----+------------+------------+
    |i_2_fu_218_p2                         |     +    |      0|  0|  13|           4|           1|
    |ap_block_pp0_stage0_01001             |    and   |      0|  0|   8|           1|           1|
    |ap_block_pp0_stage0_11001             |    and   |      0|  0|   8|           1|           1|
    |ap_block_pp0_stage1_11001             |    and   |      0|  0|   8|           1|           1|
    |ap_block_state4_io                    |    and   |      0|  0|   8|           1|           1|
    |ap_block_state5_io                    |    and   |      0|  0|   8|           1|           1|
    |ap_condition_692                      |    and   |      0|  0|   8|           1|           1|
    |ap_condition_695                      |    and   |      0|  0|   8|           1|           1|
    |ap_condition_699                      |    and   |      0|  0|   8|           1|           1|
    |stream_out_V_data_V_1_load_A          |    and   |      0|  0|   8|           1|           1|
    |stream_out_V_data_V_1_load_B          |    and   |      0|  0|   8|           1|           1|
    |stream_out_V_dest_V_1_load_A          |    and   |      0|  0|   8|           1|           1|
    |stream_out_V_dest_V_1_load_B          |    and   |      0|  0|   8|           1|           1|
    |stream_out_V_id_V_1_load_A            |    and   |      0|  0|   8|           1|           1|
    |stream_out_V_id_V_1_load_B            |    and   |      0|  0|   8|           1|           1|
    |stream_out_V_last_V_1_load_A          |    and   |      0|  0|   8|           1|           1|
    |stream_out_V_last_V_1_load_B          |    and   |      0|  0|   8|           1|           1|
    |stream_out_V_user_V_1_load_A          |    and   |      0|  0|   8|           1|           1|
    |stream_out_V_user_V_1_load_B          |    and   |      0|  0|   8|           1|           1|
    |exitcond_fu_212_p2                    |   icmp   |      0|  0|   9|           4|           4|
    |stream_out_V_data_V_1_state_cmp_full  |   icmp   |      0|  0|   8|           2|           1|
    |stream_out_V_dest_V_1_state_cmp_full  |   icmp   |      0|  0|   8|           2|           1|
    |stream_out_V_id_V_1_state_cmp_full    |   icmp   |      0|  0|   8|           2|           1|
    |stream_out_V_last_V_1_state_cmp_full  |   icmp   |      0|  0|   8|           2|           1|
    |stream_out_V_user_V_1_state_cmp_full  |   icmp   |      0|  0|   8|           2|           1|
    |tmp_8_fu_229_p2                       |   icmp   |      0|  0|   9|           4|           4|
    |ap_block_state1                       |    or    |      0|  0|   8|           1|           1|
    |ap_block_state6                       |    or    |      0|  0|   8|           1|           1|
    |ap_enable_pp0                         |    xor   |      0|  0|   8|           1|           2|
    |ap_enable_reg_pp0_iter1               |    xor   |      0|  0|   8|           2|           1|
    +--------------------------------------+----------+-------+---+----+------------+------------+
    |Total                                 |          |      0|  0| 247|          45|          37|
    +--------------------------------------+----------+-------+---+----+------------+------------+

    * Multiplexer: 
    +--------------------------------+----+-----------+-----+-----------+
    |              Name              | LUT| Input Size| Bits| Total Bits|
    +--------------------------------+----+-----------+-----+-----------+
    |ap_NS_fsm                       |  27|          5|    1|          5|
    |ap_done                         |   9|          2|    1|          2|
    |ap_enable_reg_pp0_iter1         |  15|          3|    1|          3|
    |ap_phi_mux_i_phi_fu_205_p4      |   9|          2|    4|          8|
    |i_reg_201                       |   9|          2|    4|          8|
    |packet_last_V_address0          |  21|          4|    4|         16|
    |packet_last_V_d0                |  15|          3|    1|          3|
    |sdata_out_TDATA_blk_n           |   9|          2|    1|          2|
    |stream_in_V_V_blk_n             |   9|          2|    1|          2|
    |stream_out_V_data_V_1_data_out  |   9|          2|   32|         64|
    |stream_out_V_data_V_1_state     |  15|          3|    2|          6|
    |stream_out_V_dest_V_1_data_out  |   9|          2|    1|          2|
    |stream_out_V_dest_V_1_state     |  15|          3|    2|          6|
    |stream_out_V_id_V_1_data_out    |   9|          2|    1|          2|
    |stream_out_V_id_V_1_state       |  15|          3|    2|          6|
    |stream_out_V_keep_V_1_state     |  15|          3|    2|          6|
    |stream_out_V_last_V_1_data_out  |   9|          2|    1|          2|
    |stream_out_V_last_V_1_state     |  15|          3|    2|          6|
    |stream_out_V_strb_V_1_state     |  15|          3|    2|          6|
    |stream_out_V_user_V_1_data_out  |   9|          2|    1|          2|
    |stream_out_V_user_V_1_state     |  15|          3|    2|          6|
    +--------------------------------+----+-----------+-----+-----------+
    |Total                           | 273|         56|   68|        163|
    +--------------------------------+----+-----------+-----+-----------+

    * Register: 
    +-----------------------------------+----+----+-----+-----------+
    |                Name               | FF | LUT| Bits| Const Bits|
    +-----------------------------------+----+----+-----+-----------+
    |ap_CS_fsm                          |   4|   0|    4|          0|
    |ap_done_reg                        |   1|   0|    1|          0|
    |ap_enable_reg_pp0_iter0            |   1|   0|    1|          0|
    |ap_enable_reg_pp0_iter1            |   1|   0|    1|          0|
    |ap_reg_pp0_iter1_exitcond_reg_240  |   1|   0|    1|          0|
    |exitcond_reg_240                   |   1|   0|    1|          0|
    |i_2_reg_244                        |   4|   0|    4|          0|
    |i_reg_201                          |   4|   0|    4|          0|
    |stream_out_V_data_V_1_payload_A    |  32|   0|   32|          0|
    |stream_out_V_data_V_1_payload_B    |  32|   0|   32|          0|
    |stream_out_V_data_V_1_sel_rd       |   1|   0|    1|          0|
    |stream_out_V_data_V_1_sel_wr       |   1|   0|    1|          0|
    |stream_out_V_data_V_1_state        |   2|   0|    2|          0|
    |stream_out_V_dest_V_1_payload_A    |   1|   0|    1|          0|
    |stream_out_V_dest_V_1_payload_B    |   1|   0|    1|          0|
    |stream_out_V_dest_V_1_sel_rd       |   1|   0|    1|          0|
    |stream_out_V_dest_V_1_sel_wr       |   1|   0|    1|          0|
    |stream_out_V_dest_V_1_state        |   2|   0|    2|          0|
    |stream_out_V_id_V_1_payload_A      |   1|   0|    1|          0|
    |stream_out_V_id_V_1_payload_B      |   1|   0|    1|          0|
    |stream_out_V_id_V_1_sel_rd         |   1|   0|    1|          0|
    |stream_out_V_id_V_1_sel_wr         |   1|   0|    1|          0|
    |stream_out_V_id_V_1_state          |   2|   0|    2|          0|
    |stream_out_V_keep_V_1_sel_rd       |   1|   0|    1|          0|
    |stream_out_V_keep_V_1_state        |   2|   0|    2|          0|
    |stream_out_V_last_V_1_payload_A    |   1|   0|    1|          0|
    |stream_out_V_last_V_1_payload_B    |   1|   0|    1|          0|
    |stream_out_V_last_V_1_sel_rd       |   1|   0|    1|          0|
    |stream_out_V_last_V_1_sel_wr       |   1|   0|    1|          0|
    |stream_out_V_last_V_1_state        |   2|   0|    2|          0|
    |stream_out_V_strb_V_1_sel_rd       |   1|   0|    1|          0|
    |stream_out_V_strb_V_1_state        |   2|   0|    2|          0|
    |stream_out_V_user_V_1_payload_A    |   1|   0|    1|          0|
    |stream_out_V_user_V_1_payload_B    |   1|   0|    1|          0|
    |stream_out_V_user_V_1_sel_rd       |   1|   0|    1|          0|
    |stream_out_V_user_V_1_sel_wr       |   1|   0|    1|          0|
    |stream_out_V_user_V_1_state        |   2|   0|    2|          0|
    |tmp_reg_249                        |   4|   0|   64|         60|
    +-----------------------------------+----+----+-----+-----------+
    |Total                              | 119|   0|  179|         60|
    +-----------------------------------+----+----+-----+-----------+



================================================================
== Interface
================================================================
* Summary: 
+-----------------------+-----+-----+------------+---------------------+--------------+
|       RTL Ports       | Dir | Bits|  Protocol  |    Source Object    |    C Type    |
+-----------------------+-----+-----+------------+---------------------+--------------+
|ap_clk                 |  in |    1| ap_ctrl_hs |        packer       | return value |
|ap_rst                 |  in |    1| ap_ctrl_hs |        packer       | return value |
|ap_start               |  in |    1| ap_ctrl_hs |        packer       | return value |
|ap_done                | out |    1| ap_ctrl_hs |        packer       | return value |
|ap_continue            |  in |    1| ap_ctrl_hs |        packer       | return value |
|ap_idle                | out |    1| ap_ctrl_hs |        packer       | return value |
|ap_ready               | out |    1| ap_ctrl_hs |        packer       | return value |
|stream_in_V_V_dout     |  in |   32|   ap_fifo  |    stream_in_V_V    |    pointer   |
|stream_in_V_V_empty_n  |  in |    1|   ap_fifo  |    stream_in_V_V    |    pointer   |
|stream_in_V_V_read     | out |    1|   ap_fifo  |    stream_in_V_V    |    pointer   |
|sdata_out_TDATA        | out |   32|    axis    | stream_out_V_data_V |    pointer   |
|sdata_out_TVALID       | out |    1|    axis    | stream_out_V_dest_V |    pointer   |
|sdata_out_TREADY       |  in |    1|    axis    | stream_out_V_dest_V |    pointer   |
|sdata_out_TDEST        | out |    1|    axis    | stream_out_V_dest_V |    pointer   |
|sdata_out_TKEEP        | out |    4|    axis    | stream_out_V_keep_V |    pointer   |
|sdata_out_TSTRB        | out |    4|    axis    | stream_out_V_strb_V |    pointer   |
|sdata_out_TUSER        | out |    1|    axis    | stream_out_V_user_V |    pointer   |
|sdata_out_TLAST        | out |    1|    axis    | stream_out_V_last_V |    pointer   |
|sdata_out_TID          | out |    1|    axis    |  stream_out_V_id_V  |    pointer   |
+-----------------------+-----+-----+------------+---------------------+--------------+

============================================================
+ Verbose Summary: Synthesis Manager
============================================================
InlineROM: 1
ExposeGlobal: 0
============================================================
+ Verbose Summary: CDFG Model
============================================================
IsTopModel: 0
ResetActiveHigh: 1
IsCombinational: 2
IsDatapathOnly: 0
HasWiredReturn: 1
HasMFsm: 0
HasVarLatency: 1
IsPipeline: 0
IsRtlPipelined: 0
IsInstanceOverlapped: 0
IsDontTouch: 0
HasImplIP: 0
IsGatedGlobalClock: 0

+ Individual pipeline summary: 
  * Pipeline-0: initiation interval (II) = 2, depth = 4


============================================================
+ Verbose Summary: Schedule
============================================================
* Number of FSM states : 6
* Pipeline : 1
  Pipeline-0 : II = 2, D = 4, States = { 2 3 4 5 }
* Dataflow Pipeline: 0

* FSM state transitions: 
1 --> 
	2  / true
2 --> 
	6  / (exitcond)
	3  / (!exitcond)
3 --> 
	4  / true
4 --> 
	5  / true
5 --> 
	2  / true
6 --> 

* FSM state operations: 

 <State 1> : 2.32ns
ST_1 : Operation 7 [1/1] (0.00ns)   --->   "call void (...)* @_ssdm_op_SpecInterface(i32* %stream_in_V_V, [8 x i8]* @ap_fifo_str, i32 0, i32 0, [1 x i8]* @p_str75, i32 0, i32 0, [1 x i8]* @p_str76, [1 x i8]* @p_str77, [1 x i8]* @p_str78, i32 2, i32 2, i32 16, i32 16, [1 x i8]* @p_str79, [1 x i8]* @p_str80)"
ST_1 : Operation 8 [1/1] (0.00ns)   --->   "call void (...)* @_ssdm_op_SpecInterface(i32* %stream_out_V_data_V, i4* %stream_out_V_keep_V, i4* %stream_out_V_strb_V, i1* %stream_out_V_user_V, i1* %stream_out_V_last_V, i1* %stream_out_V_id_V, i1* %stream_out_V_dest_V, [5 x i8]* @p_str, i32 1, i32 1, [5 x i8]* @p_str5, i32 0, i32 0, [1 x i8]* @p_str6, [1 x i8]* @p_str6, [1 x i8]* @p_str6, i32 0, i32 0, i32 0, i32 0, [1 x i8]* @p_str6, [1 x i8]* @p_str6) nounwind"
ST_1 : Operation 9 [1/1] (2.32ns)   --->   "%packet_user_V = alloca [10 x i1], align 1" [mnist/packer.h:8]   --->   Core 37 'RAM' <Latency = 1> <II = 1> <Delay = 2.32> <Storage> <Opcode : 'load' 'store'> <Ports = 2> <Width = 1> <Depth = 10> <RAM>
ST_1 : Operation 10 [1/1] (2.32ns)   --->   "%packet_last_V = alloca [10 x i1], align 1" [mnist/packer.h:8]   --->   Core 37 'RAM' <Latency = 1> <II = 1> <Delay = 2.32> <Storage> <Opcode : 'load' 'store'> <Ports = 2> <Width = 1> <Depth = 10> <RAM>
ST_1 : Operation 11 [1/1] (2.32ns)   --->   "%packet_id_V = alloca [10 x i1], align 1" [mnist/packer.h:8]   --->   Core 37 'RAM' <Latency = 1> <II = 1> <Delay = 2.32> <Storage> <Opcode : 'load' 'store'> <Ports = 2> <Width = 1> <Depth = 10> <RAM>
ST_1 : Operation 12 [1/1] (2.32ns)   --->   "%packet_dest_V = alloca [10 x i1], align 1" [mnist/packer.h:8]   --->   Core 37 'RAM' <Latency = 1> <II = 1> <Delay = 2.32> <Storage> <Opcode : 'load' 'store'> <Ports = 2> <Width = 1> <Depth = 10> <RAM>
ST_1 : Operation 13 [1/1] (0.00ns)   --->   "%packet_last_V_addr = getelementptr [10 x i1]* %packet_last_V, i64 0, i64 9" [mnist/packer.h:18]
ST_1 : Operation 14 [1/1] (1.76ns)   --->   "br label %.preheader" [mnist/packer.h:10]

 <State 2> : 2.32ns
ST_2 : Operation 15 [1/1] (0.00ns)   --->   "%i = phi i4 [ %i_2, %3 ], [ 0, %arrayctor.loop1.preheader ]"
ST_2 : Operation 16 [1/1] (1.30ns)   --->   "%exitcond = icmp eq i4 %i, -6" [mnist/packer.h:10]   --->   Core 25 'Cmp' <Latency = 0> <II = 1> <Delay = 1.30> <FuncUnit> <Opcode : 'icmp'> <InPorts = 2> <OutPorts = 1>
ST_2 : Operation 17 [1/1] (1.73ns)   --->   "%i_2 = add i4 %i, 1" [mnist/packer.h:10]   --->   Core 14 'AddSub' <Latency = 0> <II = 1> <Delay = 1.73> <FuncUnit> <Opcode : 'add' 'sub'> <InPorts = 2> <OutPorts = 1>
ST_2 : Operation 18 [1/1] (0.00ns)   --->   "br i1 %exitcond, label %4, label %0" [mnist/packer.h:10]
ST_2 : Operation 19 [1/1] (0.00ns)   --->   "%tmp = zext i4 %i to i64" [mnist/packer.h:12]
ST_2 : Operation 20 [1/1] (1.30ns)   --->   "%tmp_8 = icmp eq i4 %i, -7" [mnist/packer.h:17]   --->   Core 25 'Cmp' <Latency = 0> <II = 1> <Delay = 1.30> <FuncUnit> <Opcode : 'icmp'> <InPorts = 2> <OutPorts = 1>
ST_2 : Operation 21 [1/1] (0.00ns)   --->   "br i1 %tmp_8, label %1, label %2" [mnist/packer.h:17]
ST_2 : Operation 22 [1/1] (0.00ns)   --->   "%packet_last_V_addr_1 = getelementptr [10 x i1]* %packet_last_V, i64 0, i64 %tmp" [mnist/packer.h:20]
ST_2 : Operation 23 [1/1] (2.32ns)   --->   "store i1 false, i1* %packet_last_V_addr_1, align 1" [mnist/packer.h:20]   --->   Core 37 'RAM' <Latency = 1> <II = 1> <Delay = 2.32> <Storage> <Opcode : 'load' 'store'> <Ports = 2> <Width = 1> <Depth = 10> <RAM>
ST_2 : Operation 24 [1/1] (2.32ns)   --->   "store i1 true, i1* %packet_last_V_addr, align 1" [mnist/packer.h:18]   --->   Core 37 'RAM' <Latency = 1> <II = 1> <Delay = 2.32> <Storage> <Opcode : 'load' 'store'> <Ports = 2> <Width = 1> <Depth = 10> <RAM>

 <State 3> : 2.32ns
ST_3 : Operation 25 [1/1] (0.00ns)   --->   "%packet_user_V_addr = getelementptr [10 x i1]* %packet_user_V, i64 0, i64 %tmp" [mnist/packer.h:23]
ST_3 : Operation 26 [2/2] (2.32ns)   --->   "%tmp_user_V = load i1* %packet_user_V_addr, align 2" [mnist/packer.h:23]   --->   Core 37 'RAM' <Latency = 1> <II = 1> <Delay = 2.32> <Storage> <Opcode : 'load' 'store'> <Ports = 2> <Width = 1> <Depth = 10> <RAM>
ST_3 : Operation 27 [1/1] (0.00ns)   --->   "%packet_last_V_addr_2 = getelementptr [10 x i1]* %packet_last_V, i64 0, i64 %tmp" [mnist/packer.h:23]
ST_3 : Operation 28 [2/2] (2.32ns)   --->   "%tmp_last_V = load i1* %packet_last_V_addr_2, align 1" [mnist/packer.h:23]   --->   Core 37 'RAM' <Latency = 1> <II = 1> <Delay = 2.32> <Storage> <Opcode : 'load' 'store'> <Ports = 2> <Width = 1> <Depth = 10> <RAM>
ST_3 : Operation 29 [1/1] (0.00ns)   --->   "%packet_id_V_addr = getelementptr [10 x i1]* %packet_id_V, i64 0, i64 %tmp" [mnist/packer.h:23]
ST_3 : Operation 30 [2/2] (2.32ns)   --->   "%tmp_id_V = load i1* %packet_id_V_addr, align 4" [mnist/packer.h:23]   --->   Core 37 'RAM' <Latency = 1> <II = 1> <Delay = 2.32> <Storage> <Opcode : 'load' 'store'> <Ports = 2> <Width = 1> <Depth = 10> <RAM>
ST_3 : Operation 31 [1/1] (0.00ns)   --->   "%packet_dest_V_addr = getelementptr [10 x i1]* %packet_dest_V, i64 0, i64 %tmp" [mnist/packer.h:23]
ST_3 : Operation 32 [2/2] (2.32ns)   --->   "%tmp_dest_V = load i1* %packet_dest_V_addr, align 1" [mnist/packer.h:23]   --->   Core 37 'RAM' <Latency = 1> <II = 1> <Delay = 2.32> <Storage> <Opcode : 'load' 'store'> <Ports = 2> <Width = 1> <Depth = 10> <RAM>

 <State 4> : 3.63ns
ST_4 : Operation 33 [1/1] (3.63ns)   --->   "%tmp_V = call i32 @_ssdm_op_Read.ap_fifo.volatile.i32P(i32* %stream_in_V_V)" [mnist/packer.h:12]   --->   Core 32 'FIFO' <Latency = 0> <II = 1> <Delay = 3.63> <Storage> <Opcode : 'read' 'write' 'nbread' 'nbwrite'> <Ports = 0> <Width = 32> <Depth = 1> <FIFO>
ST_4 : Operation 34 [1/2] (2.32ns)   --->   "%tmp_user_V = load i1* %packet_user_V_addr, align 2" [mnist/packer.h:23]   --->   Core 37 'RAM' <Latency = 1> <II = 1> <Delay = 2.32> <Storage> <Opcode : 'load' 'store'> <Ports = 2> <Width = 1> <Depth = 10> <RAM>
ST_4 : Operation 35 [1/2] (2.32ns)   --->   "%tmp_last_V = load i1* %packet_last_V_addr_2, align 1" [mnist/packer.h:23]   --->   Core 37 'RAM' <Latency = 1> <II = 1> <Delay = 2.32> <Storage> <Opcode : 'load' 'store'> <Ports = 2> <Width = 1> <Depth = 10> <RAM>
ST_4 : Operation 36 [1/2] (2.32ns)   --->   "%tmp_id_V = load i1* %packet_id_V_addr, align 4" [mnist/packer.h:23]   --->   Core 37 'RAM' <Latency = 1> <II = 1> <Delay = 2.32> <Storage> <Opcode : 'load' 'store'> <Ports = 2> <Width = 1> <Depth = 10> <RAM>
ST_4 : Operation 37 [1/2] (2.32ns)   --->   "%tmp_dest_V = load i1* %packet_dest_V_addr, align 1" [mnist/packer.h:23]   --->   Core 37 'RAM' <Latency = 1> <II = 1> <Delay = 2.32> <Storage> <Opcode : 'load' 'store'> <Ports = 2> <Width = 1> <Depth = 10> <RAM>
ST_4 : Operation 38 [2/2] (0.00ns)   --->   "call void @_ssdm_op_Write.axis.volatile.i32P.i4P.i4P.i1P.i1P.i1P.i1P(i32* %stream_out_V_data_V, i4* %stream_out_V_keep_V, i4* %stream_out_V_strb_V, i1* %stream_out_V_user_V, i1* %stream_out_V_last_V, i1* %stream_out_V_id_V, i1* %stream_out_V_dest_V, i32 %tmp_V, i4 -1, i4 -1, i1 %tmp_user_V, i1 %tmp_last_V, i1 %tmp_id_V, i1 %tmp_dest_V)" [mnist/packer.h:23]   --->   Core 5 'AXI4Stream' <Latency = 0> <II = 1> <Delay = 1.00> <Adapter> <Opcode : >

 <State 5> : 0.00ns
ST_5 : Operation 39 [1/1] (0.00ns)   --->   "%empty = call i32 (...)* @_ssdm_op_SpecLoopTripCount(i64 10, i64 10, i64 10)"
ST_5 : Operation 40 [1/1] (0.00ns)   --->   "call void (...)* @_ssdm_op_SpecLoopName([5 x i8]* @p_str8) nounwind" [mnist/packer.h:10]
ST_5 : Operation 41 [1/1] (0.00ns)   --->   "%tmp_1 = call i32 (...)* @_ssdm_op_SpecRegionBegin([5 x i8]* @p_str8)" [mnist/packer.h:10]
ST_5 : Operation 42 [1/1] (0.00ns)   --->   "call void (...)* @_ssdm_op_SpecPipeline(i32 -1, i32 1, i32 1, i32 0, [1 x i8]* @p_str6) nounwind" [mnist/packer.h:11]
ST_5 : Operation 43 [1/1] (0.00ns)   --->   "br label %3"
ST_5 : Operation 44 [1/1] (0.00ns)   --->   "br label %3" [mnist/packer.h:19]
ST_5 : Operation 45 [1/2] (0.00ns)   --->   "call void @_ssdm_op_Write.axis.volatile.i32P.i4P.i4P.i1P.i1P.i1P.i1P(i32* %stream_out_V_data_V, i4* %stream_out_V_keep_V, i4* %stream_out_V_strb_V, i1* %stream_out_V_user_V, i1* %stream_out_V_last_V, i1* %stream_out_V_id_V, i1* %stream_out_V_dest_V, i32 %tmp_V, i4 -1, i4 -1, i1 %tmp_user_V, i1 %tmp_last_V, i1 %tmp_id_V, i1 %tmp_dest_V)" [mnist/packer.h:23]   --->   Core 5 'AXI4Stream' <Latency = 0> <II = 1> <Delay = 1.00> <Adapter> <Opcode : >
ST_5 : Operation 46 [1/1] (0.00ns)   --->   "%empty_11 = call i32 (...)* @_ssdm_op_SpecRegionEnd([5 x i8]* @p_str8, i32 %tmp_1)" [mnist/packer.h:24]
ST_5 : Operation 47 [1/1] (0.00ns)   --->   "br label %.preheader" [mnist/packer.h:10]

 <State 6> : 0.00ns
ST_6 : Operation 48 [1/1] (0.00ns)   --->   "ret void" [mnist/packer.h:25]


============================================================
+ Verbose Summary: Binding
============================================================
STG Binding: 
---------------- STG Properties BEGIN ----------------
- Is combinational: 0
- Is one-state seq: 0
- Is datapath-only: 0
- Is pipelined: 0
- Is top level: 0
Port [ Return ] is wired: 1; IO mode=ap_ctrl_hs:ce=0
Port [ stream_in_V_V]:  wired=1; compound=1; hidden=0; nouse=0; global=0; static=0; extern=0; dir=0; type=3; pingpong=0; private_global=0; IO mode=ap_fifo:ce=0
Port [ stream_out_V_data_V]:  wired=1; compound=1; hidden=0; nouse=0; global=0; static=0; extern=0; dir=1; type=0; pingpong=0; private_global=0; IO mode=axis:ce=0
Port [ stream_out_V_keep_V]:  wired=1; compound=1; hidden=0; nouse=0; global=0; static=0; extern=0; dir=1; type=0; pingpong=0; private_global=0; IO mode=axis:ce=0
Port [ stream_out_V_strb_V]:  wired=1; compound=1; hidden=0; nouse=0; global=0; static=0; extern=0; dir=1; type=0; pingpong=0; private_global=0; IO mode=axis:ce=0
Port [ stream_out_V_user_V]:  wired=1; compound=1; hidden=0; nouse=0; global=0; static=0; extern=0; dir=1; type=0; pingpong=0; private_global=0; IO mode=axis:ce=0
Port [ stream_out_V_last_V]:  wired=1; compound=1; hidden=0; nouse=0; global=0; static=0; extern=0; dir=1; type=0; pingpong=0; private_global=0; IO mode=axis:ce=0
Port [ stream_out_V_id_V]:  wired=1; compound=1; hidden=0; nouse=0; global=0; static=0; extern=0; dir=1; type=0; pingpong=0; private_global=0; IO mode=axis:ce=0
Port [ stream_out_V_dest_V]:  wired=1; compound=1; hidden=0; nouse=0; global=0; static=0; extern=0; dir=1; type=0; pingpong=0; private_global=0; IO mode=axis:ce=0
---------------- STG Properties END ------------------

---------------- Datapath Model BEGIN ----------------

<LifeTime>
<method=bitvector/>
StgValue_7           (specinterface    ) [ 0000000]
StgValue_8           (specinterface    ) [ 0000000]
packet_user_V        (alloca           ) [ 0011110]
packet_last_V        (alloca           ) [ 0011110]
packet_id_V          (alloca           ) [ 0011110]
packet_dest_V        (alloca           ) [ 0011110]
packet_last_V_addr   (getelementptr    ) [ 0011110]
StgValue_14          (br               ) [ 0111110]
i                    (phi              ) [ 0010000]
exitcond             (icmp             ) [ 0011110]
i_2                  (add              ) [ 0111110]
StgValue_18          (br               ) [ 0000000]
tmp                  (zext             ) [ 0001000]
tmp_8                (icmp             ) [ 0011110]
StgValue_21          (br               ) [ 0000000]
packet_last_V_addr_1 (getelementptr    ) [ 0000000]
StgValue_23          (store            ) [ 0000000]
StgValue_24          (store            ) [ 0000000]
packet_user_V_addr   (getelementptr    ) [ 0010100]
packet_last_V_addr_2 (getelementptr    ) [ 0010100]
packet_id_V_addr     (getelementptr    ) [ 0010100]
packet_dest_V_addr   (getelementptr    ) [ 0010100]
tmp_V                (read             ) [ 0001010]
tmp_user_V           (load             ) [ 0001010]
tmp_last_V           (load             ) [ 0001010]
tmp_id_V             (load             ) [ 0001010]
tmp_dest_V           (load             ) [ 0001010]
empty                (speclooptripcount) [ 0000000]
StgValue_40          (specloopname     ) [ 0000000]
tmp_1                (specregionbegin  ) [ 0000000]
StgValue_42          (specpipeline     ) [ 0000000]
StgValue_43          (br               ) [ 0000000]
StgValue_44          (br               ) [ 0000000]
StgValue_45          (write            ) [ 0000000]
empty_11             (specregionend    ) [ 0000000]
StgValue_47          (br               ) [ 0111110]
StgValue_48          (ret              ) [ 0000000]
</LifeTime>

<model>

<comp_list>
<comp id="0" class="1000" name="stream_in_V_V">
<pin_list>
<pin id="1" dir="1" index="0" bw="1" slack="0"/>
</pin_list>
<bind>
<StgValue><ssdm name="stream_in_V_V"/></StgValue>
</bind>
</comp>

<comp id="2" class="1000" name="stream_out_V_data_V">
<pin_list>
<pin id="3" dir="1" index="0" bw="1" slack="0"/>
</pin_list>
<bind>
<StgValue><ssdm name="stream_out_V_data_V"/></StgValue>
</bind>
</comp>

<comp id="4" class="1000" name="stream_out_V_keep_V">
<pin_list>
<pin id="5" dir="1" index="0" bw="1" slack="0"/>
</pin_list>
<bind>
<StgValue><ssdm name="stream_out_V_keep_V"/></StgValue>
</bind>
</comp>

<comp id="6" class="1000" name="stream_out_V_strb_V">
<pin_list>
<pin id="7" dir="1" index="0" bw="1" slack="0"/>
</pin_list>
<bind>
<StgValue><ssdm name="stream_out_V_strb_V"/></StgValue>
</bind>
</comp>

<comp id="8" class="1000" name="stream_out_V_user_V">
<pin_list>
<pin id="9" dir="1" index="0" bw="1" slack="0"/>
</pin_list>
<bind>
<StgValue><ssdm name="stream_out_V_user_V"/></StgValue>
</bind>
</comp>

<comp id="10" class="1000" name="stream_out_V_last_V">
<pin_list>
<pin id="11" dir="1" index="0" bw="1" slack="0"/>
</pin_list>
<bind>
<StgValue><ssdm name="stream_out_V_last_V"/></StgValue>
</bind>
</comp>

<comp id="12" class="1000" name="stream_out_V_id_V">
<pin_list>
<pin id="13" dir="1" index="0" bw="1" slack="0"/>
</pin_list>
<bind>
<StgValue><ssdm name="stream_out_V_id_V"/></StgValue>
</bind>
</comp>

<comp id="14" class="1000" name="stream_out_V_dest_V">
<pin_list>
<pin id="15" dir="1" index="0" bw="1" slack="0"/>
</pin_list>
<bind>
<StgValue><ssdm name="stream_out_V_dest_V"/></StgValue>
</bind>
</comp>

<comp id="16" class="1001" name="const_16">
<pin_list>
<pin id="17" dir="1" index="0" bw="1" slack="2147483647"/>
</pin_list>
<bind>
<StgValue><ssdm name="_ssdm_op_SpecInterface"/></StgValue>
</bind>
</comp>

<comp id="18" class="1001" name="const_18">
<pin_list>
<pin id="19" dir="1" index="0" bw="1" slack="2147483647"/>
</pin_list>
<bind>
<StgValue><ssdm name="ap_fifo_str"/></StgValue>
</bind>
</comp>

<comp id="20" class="1001" name="const_20">
<pin_list>
<pin id="21" dir="1" index="0" bw="1" slack="2147483647"/>
</pin_list>
<bind>
<StgValue><ssdm name=""/></StgValue>
</bind>
</comp>

<comp id="22" class="1001" name="const_22">
<pin_list>
<pin id="23" dir="1" index="0" bw="1" slack="2147483647"/>
</pin_list>
<bind>
<StgValue><ssdm name="p_str75"/></StgValue>
</bind>
</comp>

<comp id="24" class="1001" name="const_24">
<pin_list>
<pin id="25" dir="1" index="0" bw="1" slack="2147483647"/>
</pin_list>
<bind>
<StgValue><ssdm name="p_str76"/></StgValue>
</bind>
</comp>

<comp id="26" class="1001" name="const_26">
<pin_list>
<pin id="27" dir="1" index="0" bw="1" slack="2147483647"/>
</pin_list>
<bind>
<StgValue><ssdm name="p_str77"/></StgValue>
</bind>
</comp>

<comp id="28" class="1001" name="const_28">
<pin_list>
<pin id="29" dir="1" index="0" bw="1" slack="2147483647"/>
</pin_list>
<bind>
<StgValue><ssdm name="p_str78"/></StgValue>
</bind>
</comp>

<comp id="30" class="1001" name="const_30">
<pin_list>
<pin id="31" dir="1" index="0" bw="1" slack="2147483647"/>
</pin_list>
<bind>
<StgValue><ssdm name=""/></StgValue>
</bind>
</comp>

<comp id="32" class="1001" name="const_32">
<pin_list>
<pin id="33" dir="1" index="0" bw="1" slack="2147483647"/>
</pin_list>
<bind>
<StgValue><ssdm name=""/></StgValue>
</bind>
</comp>

<comp id="34" class="1001" name="const_34">
<pin_list>
<pin id="35" dir="1" index="0" bw="1" slack="2147483647"/>
</pin_list>
<bind>
<StgValue><ssdm name="p_str79"/></StgValue>
</bind>
</comp>

<comp id="36" class="1001" name="const_36">
<pin_list>
<pin id="37" dir="1" index="0" bw="1" slack="2147483647"/>
</pin_list>
<bind>
<StgValue><ssdm name="p_str80"/></StgValue>
</bind>
</comp>

<comp id="38" class="1001" name="const_38">
<pin_list>
<pin id="39" dir="1" index="0" bw="1" slack="2147483647"/>
</pin_list>
<bind>
<StgValue><ssdm name="p_str"/></StgValue>
</bind>
</comp>

<comp id="40" class="1001" name="const_40">
<pin_list>
<pin id="41" dir="1" index="0" bw="1" slack="2147483647"/>
</pin_list>
<bind>
<StgValue><ssdm name=""/></StgValue>
</bind>
</comp>

<comp id="42" class="1001" name="const_42">
<pin_list>
<pin id="43" dir="1" index="0" bw="1" slack="2147483647"/>
</pin_list>
<bind>
<StgValue><ssdm name="p_str5"/></StgValue>
</bind>
</comp>

<comp id="44" class="1001" name="const_44">
<pin_list>
<pin id="45" dir="1" index="0" bw="1" slack="2147483647"/>
</pin_list>
<bind>
<StgValue><ssdm name="p_str6"/></StgValue>
</bind>
</comp>

<comp id="46" class="1001" name="const_46">
<pin_list>
<pin id="47" dir="1" index="0" bw="1" slack="0"/>
</pin_list>
<bind>
<StgValue><ssdm name=""/></StgValue>
</bind>
</comp>

<comp id="48" class="1001" name="const_48">
<pin_list>
<pin id="49" dir="1" index="0" bw="1" slack="0"/>
</pin_list>
<bind>
<StgValue><ssdm name=""/></StgValue>
</bind>
</comp>

<comp id="50" class="1001" name="const_50">
<pin_list>
<pin id="51" dir="1" index="0" bw="1" slack="0"/>
</pin_list>
<bind>
<StgValue><ssdm name=""/></StgValue>
</bind>
</comp>

<comp id="52" class="1001" name="const_52">
<pin_list>
<pin id="53" dir="1" index="0" bw="1" slack="1"/>
</pin_list>
<bind>
<StgValue><ssdm name=""/></StgValue>
</bind>
</comp>

<comp id="54" class="1001" name="const_54">
<pin_list>
<pin id="55" dir="1" index="0" bw="1" slack="0"/>
</pin_list>
<bind>
<StgValue><ssdm name=""/></StgValue>
</bind>
</comp>

<comp id="56" class="1001" name="const_56">
<pin_list>
<pin id="57" dir="1" index="0" bw="1" slack="0"/>
</pin_list>
<bind>
<StgValue><ssdm name=""/></StgValue>
</bind>
</comp>

<comp id="58" class="1001" name="const_58">
<pin_list>
<pin id="59" dir="1" index="0" bw="1" slack="0"/>
</pin_list>
<bind>
<StgValue><ssdm name=""/></StgValue>
</bind>
</comp>

<comp id="60" class="1001" name="const_60">
<pin_list>
<pin id="61" dir="1" index="0" bw="1" slack="0"/>
</pin_list>
<bind>
<StgValue><ssdm name=""/></StgValue>
</bind>
</comp>

<comp id="62" class="1001" name="const_62">
<pin_list>
<pin id="63" dir="1" index="0" bw="1" slack="0"/>
</pin_list>
<bind>
<StgValue><ssdm name=""/></StgValue>
</bind>
</comp>

<comp id="64" class="1001" name="const_64">
<pin_list>
<pin id="65" dir="1" index="0" bw="1" slack="0"/>
</pin_list>
<bind>
<StgValue><ssdm name="_ssdm_op_Read.ap_fifo.volatile.i32P"/></StgValue>
</bind>
</comp>

<comp id="66" class="1001" name="const_66">
<pin_list>
<pin id="67" dir="1" index="0" bw="1" slack="0"/>
</pin_list>
<bind>
<StgValue><ssdm name="_ssdm_op_Write.axis.volatile.i32P.i4P.i4P.i1P.i1P.i1P.i1P"/></StgValue>
</bind>
</comp>

<comp id="68" class="1001" name="const_68">
<pin_list>
<pin id="69" dir="1" index="0" bw="1" slack="0"/>
</pin_list>
<bind>
<StgValue><ssdm name=""/></StgValue>
</bind>
</comp>

<comp id="70" class="1001" name="const_70">
<pin_list>
<pin id="71" dir="1" index="0" bw="1" slack="2147483647"/>
</pin_list>
<bind>
<StgValue><ssdm name="_ssdm_op_SpecLoopTripCount"/></StgValue>
</bind>
</comp>

<comp id="72" class="1001" name="const_72">
<pin_list>
<pin id="73" dir="1" index="0" bw="1" slack="2147483647"/>
</pin_list>
<bind>
<StgValue><ssdm name=""/></StgValue>
</bind>
</comp>

<comp id="74" class="1001" name="const_74">
<pin_list>
<pin id="75" dir="1" index="0" bw="1" slack="2147483647"/>
</pin_list>
<bind>
<StgValue><ssdm name="_ssdm_op_SpecLoopName"/></StgValue>
</bind>
</comp>

<comp id="76" class="1001" name="const_76">
<pin_list>
<pin id="77" dir="1" index="0" bw="1" slack="2147483647"/>
</pin_list>
<bind>
<StgValue><ssdm name="p_str8"/></StgValue>
</bind>
</comp>

<comp id="78" class="1001" name="const_78">
<pin_list>
<pin id="79" dir="1" index="0" bw="1" slack="2147483647"/>
</pin_list>
<bind>
<StgValue><ssdm name="_ssdm_op_SpecRegionBegin"/></StgValue>
</bind>
</comp>

<comp id="80" class="1001" name="const_80">
<pin_list>
<pin id="81" dir="1" index="0" bw="1" slack="2147483647"/>
</pin_list>
<bind>
<StgValue><ssdm name="_ssdm_op_SpecPipeline"/></StgValue>
</bind>
</comp>

<comp id="82" class="1001" name="const_82">
<pin_list>
<pin id="83" dir="1" index="0" bw="1" slack="2147483647"/>
</pin_list>
<bind>
<StgValue><ssdm name=""/></StgValue>
</bind>
</comp>

<comp id="84" class="1001" name="const_84">
<pin_list>
<pin id="85" dir="1" index="0" bw="1" slack="2147483647"/>
</pin_list>
<bind>
<StgValue><ssdm name="_ssdm_op_SpecRegionEnd"/></StgValue>
</bind>
</comp>

<comp id="86" class="1004" name="packet_user_V_alloca_fu_86">
<pin_list>
<pin id="87" dir="0" index="0" bw="1" slack="0"/>
<pin id="88" dir="1" index="1" bw="1" slack="2147483647"/>
</pin_list>
<bind>
<opcode="alloca(26) " fcode="alloca"/>
<opset="packet_user_V/1 "/>
</bind>
</comp>

<comp id="90" class="1004" name="packet_last_V_alloca_fu_90">
<pin_list>
<pin id="91" dir="0" index="0" bw="1" slack="0"/>
<pin id="92" dir="1" index="1" bw="1" slack="0"/>
</pin_list>
<bind>
<opcode="alloca(26) " fcode="alloca"/>
<opset="packet_last_V/1 "/>
</bind>
</comp>

<comp id="94" class="1004" name="packet_id_V_alloca_fu_94">
<pin_list>
<pin id="95" dir="0" index="0" bw="1" slack="0"/>
<pin id="96" dir="1" index="1" bw="1" slack="2147483647"/>
</pin_list>
<bind>
<opcode="alloca(26) " fcode="alloca"/>
<opset="packet_id_V/1 "/>
</bind>
</comp>

<comp id="98" class="1004" name="packet_dest_V_alloca_fu_98">
<pin_list>
<pin id="99" dir="0" index="0" bw="1" slack="0"/>
<pin id="100" dir="1" index="1" bw="1" slack="2147483647"/>
</pin_list>
<bind>
<opcode="alloca(26) " fcode="alloca"/>
<opset="packet_dest_V/1 "/>
</bind>
</comp>

<comp id="102" class="1004" name="tmp_V_read_fu_102">
<pin_list>
<pin id="103" dir="0" index="0" bw="32" slack="0"/>
<pin id="104" dir="0" index="1" bw="32" slack="0"/>
<pin id="105" dir="1" index="2" bw="32" slack="0"/>
</pin_list>
<bind>
<opcode="read(1150) " fcode="read"/>
<opset="tmp_V/4 "/>
</bind>
</comp>

<comp id="108" class="1004" name="grp_write_fu_108">
<pin_list>
<pin id="109" dir="0" index="0" bw="0" slack="0"/>
<pin id="110" dir="0" index="1" bw="32" slack="0"/>
<pin id="111" dir="0" index="2" bw="4" slack="0"/>
<pin id="112" dir="0" index="3" bw="4" slack="0"/>
<pin id="113" dir="0" index="4" bw="1" slack="0"/>
<pin id="114" dir="0" index="5" bw="1" slack="0"/>
<pin id="115" dir="0" index="6" bw="1" slack="0"/>
<pin id="116" dir="0" index="7" bw="1" slack="0"/>
<pin id="117" dir="0" index="8" bw="32" slack="0"/>
<pin id="118" dir="0" index="9" bw="1" slack="0"/>
<pin id="119" dir="0" index="10" bw="1" slack="0"/>
<pin id="120" dir="0" index="11" bw="1" slack="0"/>
<pin id="121" dir="0" index="12" bw="1" slack="0"/>
<pin id="122" dir="0" index="13" bw="1" slack="0"/>
<pin id="123" dir="0" index="14" bw="1" slack="0"/>
<pin id="124" dir="1" index="15" bw="0" slack="2147483647"/>
</pin_list>
<bind>
<opcode="write(1151) " fcode="write"/>
<opset="StgValue_38/4 "/>
</bind>
</comp>

<comp id="136" class="1004" name="packet_last_V_addr_gep_fu_136">
<pin_list>
<pin id="137" dir="0" index="0" bw="1" slack="0"/>
<pin id="138" dir="0" index="1" bw="1" slack="0"/>
<pin id="139" dir="0" index="2" bw="5" slack="0"/>
<pin id="140" dir="1" index="3" bw="4" slack="1"/>
</pin_list>
<bind>
<opcode="getelementptr(29) " fcode="getelementptr"/>
<opset="packet_last_V_addr/1 "/>
</bind>
</comp>

<comp id="144" class="1004" name="packet_last_V_addr_1_gep_fu_144">
<pin_list>
<pin id="145" dir="0" index="0" bw="1" slack="2147483647"/>
<pin id="146" dir="0" index="1" bw="1" slack="0"/>
<pin id="147" dir="0" index="2" bw="4" slack="0"/>
<pin id="148" dir="1" index="3" bw="4" slack="0"/>
</pin_list>
<bind>
<opcode="getelementptr(29) " fcode="getelementptr"/>
<opset="packet_last_V_addr_1/2 "/>
</bind>
</comp>

<comp id="150" class="1004" name="grp_access_fu_150">
<pin_list>
<pin id="151" dir="0" index="0" bw="4" slack="0"/>
<pin id="152" dir="0" index="1" bw="1" slack="0"/>
<pin id="153" dir="1" index="2" bw="1" slack="0"/>
</pin_list>
<bind>
<opcode="load(27) store(28) " fcode="load"/>
<opset="StgValue_23/2 StgValue_24/2 tmp_last_V/3 "/>
</bind>
</comp>

<comp id="157" class="1004" name="packet_user_V_addr_gep_fu_157">
<pin_list>
<pin id="158" dir="0" index="0" bw="1" slack="2147483647"/>
<pin id="159" dir="0" index="1" bw="1" slack="0"/>
<pin id="160" dir="0" index="2" bw="4" slack="1"/>
<pin id="161" dir="1" index="3" bw="4" slack="0"/>
</pin_list>
<bind>
<opcode="getelementptr(29) " fcode="getelementptr"/>
<opset="packet_user_V_addr/3 "/>
</bind>
</comp>

<comp id="163" class="1004" name="grp_access_fu_163">
<pin_list>
<pin id="164" dir="0" index="0" bw="4" slack="0"/>
<pin id="165" dir="0" index="1" bw="1" slack="2147483647"/>
<pin id="166" dir="1" index="2" bw="1" slack="0"/>
</pin_list>
<bind>
<opcode="load(27) " fcode="load"/>
<opset="tmp_user_V/3 "/>
</bind>
</comp>

<comp id="169" class="1004" name="packet_last_V_addr_2_gep_fu_169">
<pin_list>
<pin id="170" dir="0" index="0" bw="1" slack="2147483647"/>
<pin id="171" dir="0" index="1" bw="1" slack="0"/>
<pin id="172" dir="0" index="2" bw="4" slack="1"/>
<pin id="173" dir="1" index="3" bw="4" slack="0"/>
</pin_list>
<bind>
<opcode="getelementptr(29) " fcode="getelementptr"/>
<opset="packet_last_V_addr_2/3 "/>
</bind>
</comp>

<comp id="177" class="1004" name="packet_id_V_addr_gep_fu_177">
<pin_list>
<pin id="178" dir="0" index="0" bw="1" slack="2147483647"/>
<pin id="179" dir="0" index="1" bw="1" slack="0"/>
<pin id="180" dir="0" index="2" bw="4" slack="1"/>
<pin id="181" dir="1" index="3" bw="4" slack="0"/>
</pin_list>
<bind>
<opcode="getelementptr(29) " fcode="getelementptr"/>
<opset="packet_id_V_addr/3 "/>
</bind>
</comp>

<comp id="183" class="1004" name="grp_access_fu_183">
<pin_list>
<pin id="184" dir="0" index="0" bw="4" slack="0"/>
<pin id="185" dir="0" index="1" bw="1" slack="2147483647"/>
<pin id="186" dir="1" index="2" bw="1" slack="0"/>
</pin_list>
<bind>
<opcode="load(27) " fcode="load"/>
<opset="tmp_id_V/3 "/>
</bind>
</comp>

<comp id="189" class="1004" name="packet_dest_V_addr_gep_fu_189">
<pin_list>
<pin id="190" dir="0" index="0" bw="1" slack="2147483647"/>
<pin id="191" dir="0" index="1" bw="1" slack="0"/>
<pin id="192" dir="0" index="2" bw="4" slack="1"/>
<pin id="193" dir="1" index="3" bw="4" slack="0"/>
</pin_list>
<bind>
<opcode="getelementptr(29) " fcode="getelementptr"/>
<opset="packet_dest_V_addr/3 "/>
</bind>
</comp>

<comp id="195" class="1004" name="grp_access_fu_195">
<pin_list>
<pin id="196" dir="0" index="0" bw="4" slack="0"/>
<pin id="197" dir="0" index="1" bw="1" slack="2147483647"/>
<pin id="198" dir="1" index="2" bw="1" slack="0"/>
</pin_list>
<bind>
<opcode="load(27) " fcode="load"/>
<opset="tmp_dest_V/3 "/>
</bind>
</comp>

<comp id="201" class="1005" name="i_reg_201">
<pin_list>
<pin id="202" dir="0" index="0" bw="4" slack="1"/>
<pin id="203" dir="1" index="1" bw="4" slack="1"/>
</pin_list>
<bind>
<opset="i (phireg) "/>
</bind>
</comp>

<comp id="205" class="1004" name="i_phi_fu_205">
<pin_list>
<pin id="206" dir="0" index="0" bw="4" slack="0"/>
<pin id="207" dir="0" index="1" bw="0" slack="2147483647"/>
<pin id="208" dir="0" index="2" bw="1" slack="1"/>
<pin id="209" dir="0" index="3" bw="0" slack="2147483647"/>
<pin id="210" dir="1" index="4" bw="4" slack="0"/>
</pin_list>
<bind>
<opcode="phi(47) " fcode="phi"/>
<opset="i/2 "/>
</bind>
</comp>

<comp id="212" class="1004" name="exitcond_fu_212">
<pin_list>
<pin id="213" dir="0" index="0" bw="4" slack="0"/>
<pin id="214" dir="0" index="1" bw="4" slack="0"/>
<pin id="215" dir="1" index="2" bw="1" slack="1"/>
</pin_list>
<bind>
<opcode="icmp(45) " fcode="icmp"/>
<opset="exitcond/2 "/>
</bind>
</comp>

<comp id="218" class="1004" name="i_2_fu_218">
<pin_list>
<pin id="219" dir="0" index="0" bw="4" slack="0"/>
<pin id="220" dir="0" index="1" bw="1" slack="0"/>
<pin id="221" dir="1" index="2" bw="4" slack="0"/>
</pin_list>
<bind>
<opcode="add(8) " fcode="add"/>
<opset="i_2/2 "/>
</bind>
</comp>

<comp id="224" class="1004" name="tmp_fu_224">
<pin_list>
<pin id="225" dir="0" index="0" bw="4" slack="0"/>
<pin id="226" dir="1" index="1" bw="64" slack="0"/>
</pin_list>
<bind>
<opcode="zext(34) " fcode="zext"/>
<opset="tmp/2 "/>
</bind>
</comp>

<comp id="229" class="1004" name="tmp_8_fu_229">
<pin_list>
<pin id="230" dir="0" index="0" bw="4" slack="0"/>
<pin id="231" dir="0" index="1" bw="4" slack="0"/>
<pin id="232" dir="1" index="2" bw="1" slack="3"/>
</pin_list>
<bind>
<opcode="icmp(45) " fcode="icmp"/>
<opset="tmp_8/2 "/>
</bind>
</comp>

<comp id="235" class="1005" name="packet_last_V_addr_reg_235">
<pin_list>
<pin id="236" dir="0" index="0" bw="4" slack="1"/>
<pin id="237" dir="1" index="1" bw="4" slack="1"/>
</pin_list>
<bind>
<opset="packet_last_V_addr "/>
</bind>
</comp>

<comp id="240" class="1005" name="exitcond_reg_240">
<pin_list>
<pin id="241" dir="0" index="0" bw="1" slack="1"/>
<pin id="242" dir="1" index="1" bw="1" slack="2147483647"/>
</pin_list>
<bind>
<opset="exitcond "/>
</bind>
</comp>

<comp id="244" class="1005" name="i_2_reg_244">
<pin_list>
<pin id="245" dir="0" index="0" bw="4" slack="0"/>
<pin id="246" dir="1" index="1" bw="4" slack="0"/>
</pin_list>
<bind>
<opset="i_2 "/>
</bind>
</comp>

<comp id="249" class="1005" name="tmp_reg_249">
<pin_list>
<pin id="250" dir="0" index="0" bw="64" slack="1"/>
<pin id="251" dir="1" index="1" bw="64" slack="1"/>
</pin_list>
<bind>
<opset="tmp "/>
</bind>
</comp>

<comp id="257" class="1005" name="tmp_8_reg_257">
<pin_list>
<pin id="258" dir="0" index="0" bw="1" slack="3"/>
<pin id="259" dir="1" index="1" bw="1" slack="2147483647"/>
</pin_list>
<bind>
<opset="tmp_8 "/>
</bind>
</comp>

<comp id="261" class="1005" name="packet_user_V_addr_reg_261">
<pin_list>
<pin id="262" dir="0" index="0" bw="4" slack="1"/>
<pin id="263" dir="1" index="1" bw="4" slack="1"/>
</pin_list>
<bind>
<opset="packet_user_V_addr "/>
</bind>
</comp>

<comp id="266" class="1005" name="packet_last_V_addr_2_reg_266">
<pin_list>
<pin id="267" dir="0" index="0" bw="4" slack="1"/>
<pin id="268" dir="1" index="1" bw="4" slack="1"/>
</pin_list>
<bind>
<opset="packet_last_V_addr_2 "/>
</bind>
</comp>

<comp id="271" class="1005" name="packet_id_V_addr_reg_271">
<pin_list>
<pin id="272" dir="0" index="0" bw="4" slack="1"/>
<pin id="273" dir="1" index="1" bw="4" slack="1"/>
</pin_list>
<bind>
<opset="packet_id_V_addr "/>
</bind>
</comp>

<comp id="276" class="1005" name="packet_dest_V_addr_reg_276">
<pin_list>
<pin id="277" dir="0" index="0" bw="4" slack="1"/>
<pin id="278" dir="1" index="1" bw="4" slack="1"/>
</pin_list>
<bind>
<opset="packet_dest_V_addr "/>
</bind>
</comp>

<comp id="281" class="1005" name="tmp_V_reg_281">
<pin_list>
<pin id="282" dir="0" index="0" bw="32" slack="1"/>
<pin id="283" dir="1" index="1" bw="32" slack="1"/>
</pin_list>
<bind>
<opset="tmp_V "/>
</bind>
</comp>

<comp id="286" class="1005" name="tmp_user_V_reg_286">
<pin_list>
<pin id="287" dir="0" index="0" bw="1" slack="1"/>
<pin id="288" dir="1" index="1" bw="1" slack="1"/>
</pin_list>
<bind>
<opset="tmp_user_V "/>
</bind>
</comp>

<comp id="291" class="1005" name="tmp_last_V_reg_291">
<pin_list>
<pin id="292" dir="0" index="0" bw="1" slack="1"/>
<pin id="293" dir="1" index="1" bw="1" slack="1"/>
</pin_list>
<bind>
<opset="tmp_last_V "/>
</bind>
</comp>

<comp id="296" class="1005" name="tmp_id_V_reg_296">
<pin_list>
<pin id="297" dir="0" index="0" bw="1" slack="1"/>
<pin id="298" dir="1" index="1" bw="1" slack="1"/>
</pin_list>
<bind>
<opset="tmp_id_V "/>
</bind>
</comp>

<comp id="301" class="1005" name="tmp_dest_V_reg_301">
<pin_list>
<pin id="302" dir="0" index="0" bw="1" slack="1"/>
<pin id="303" dir="1" index="1" bw="1" slack="1"/>
</pin_list>
<bind>
<opset="tmp_dest_V "/>
</bind>
</comp>

</comp_list>

<net_list>
<net id="89"><net_src comp="46" pin="0"/><net_sink comp="86" pin=0"/></net>

<net id="93"><net_src comp="46" pin="0"/><net_sink comp="90" pin=0"/></net>

<net id="97"><net_src comp="46" pin="0"/><net_sink comp="94" pin=0"/></net>

<net id="101"><net_src comp="46" pin="0"/><net_sink comp="98" pin=0"/></net>

<net id="106"><net_src comp="64" pin="0"/><net_sink comp="102" pin=0"/></net>

<net id="107"><net_src comp="0" pin="0"/><net_sink comp="102" pin=1"/></net>

<net id="125"><net_src comp="66" pin="0"/><net_sink comp="108" pin=0"/></net>

<net id="126"><net_src comp="2" pin="0"/><net_sink comp="108" pin=1"/></net>

<net id="127"><net_src comp="4" pin="0"/><net_sink comp="108" pin=2"/></net>

<net id="128"><net_src comp="6" pin="0"/><net_sink comp="108" pin=3"/></net>

<net id="129"><net_src comp="8" pin="0"/><net_sink comp="108" pin=4"/></net>

<net id="130"><net_src comp="10" pin="0"/><net_sink comp="108" pin=5"/></net>

<net id="131"><net_src comp="12" pin="0"/><net_sink comp="108" pin=6"/></net>

<net id="132"><net_src comp="14" pin="0"/><net_sink comp="108" pin=7"/></net>

<net id="133"><net_src comp="102" pin="2"/><net_sink comp="108" pin=8"/></net>

<net id="134"><net_src comp="68" pin="0"/><net_sink comp="108" pin=9"/></net>

<net id="135"><net_src comp="68" pin="0"/><net_sink comp="108" pin=10"/></net>

<net id="141"><net_src comp="90" pin="1"/><net_sink comp="136" pin=0"/></net>

<net id="142"><net_src comp="48" pin="0"/><net_sink comp="136" pin=1"/></net>

<net id="143"><net_src comp="50" pin="0"/><net_sink comp="136" pin=2"/></net>

<net id="149"><net_src comp="48" pin="0"/><net_sink comp="144" pin=1"/></net>

<net id="154"><net_src comp="60" pin="0"/><net_sink comp="150" pin=1"/></net>

<net id="155"><net_src comp="144" pin="3"/><net_sink comp="150" pin=0"/></net>

<net id="156"><net_src comp="62" pin="0"/><net_sink comp="150" pin=1"/></net>

<net id="162"><net_src comp="48" pin="0"/><net_sink comp="157" pin=1"/></net>

<net id="167"><net_src comp="163" pin="2"/><net_sink comp="108" pin=11"/></net>

<net id="168"><net_src comp="157" pin="3"/><net_sink comp="163" pin=0"/></net>

<net id="174"><net_src comp="48" pin="0"/><net_sink comp="169" pin=1"/></net>

<net id="175"><net_src comp="150" pin="2"/><net_sink comp="108" pin=12"/></net>

<net id="176"><net_src comp="169" pin="3"/><net_sink comp="150" pin=0"/></net>

<net id="182"><net_src comp="48" pin="0"/><net_sink comp="177" pin=1"/></net>

<net id="187"><net_src comp="183" pin="2"/><net_sink comp="108" pin=13"/></net>

<net id="188"><net_src comp="177" pin="3"/><net_sink comp="183" pin=0"/></net>

<net id="194"><net_src comp="48" pin="0"/><net_sink comp="189" pin=1"/></net>

<net id="199"><net_src comp="195" pin="2"/><net_sink comp="108" pin=14"/></net>

<net id="200"><net_src comp="189" pin="3"/><net_sink comp="195" pin=0"/></net>

<net id="204"><net_src comp="52" pin="0"/><net_sink comp="201" pin=0"/></net>

<net id="211"><net_src comp="201" pin="1"/><net_sink comp="205" pin=2"/></net>

<net id="216"><net_src comp="205" pin="4"/><net_sink comp="212" pin=0"/></net>

<net id="217"><net_src comp="54" pin="0"/><net_sink comp="212" pin=1"/></net>

<net id="222"><net_src comp="205" pin="4"/><net_sink comp="218" pin=0"/></net>

<net id="223"><net_src comp="56" pin="0"/><net_sink comp="218" pin=1"/></net>

<net id="227"><net_src comp="205" pin="4"/><net_sink comp="224" pin=0"/></net>

<net id="228"><net_src comp="224" pin="1"/><net_sink comp="144" pin=2"/></net>

<net id="233"><net_src comp="205" pin="4"/><net_sink comp="229" pin=0"/></net>

<net id="234"><net_src comp="58" pin="0"/><net_sink comp="229" pin=1"/></net>

<net id="238"><net_src comp="136" pin="3"/><net_sink comp="235" pin=0"/></net>

<net id="239"><net_src comp="235" pin="1"/><net_sink comp="150" pin=0"/></net>

<net id="243"><net_src comp="212" pin="2"/><net_sink comp="240" pin=0"/></net>

<net id="247"><net_src comp="218" pin="2"/><net_sink comp="244" pin=0"/></net>

<net id="248"><net_src comp="244" pin="1"/><net_sink comp="205" pin=0"/></net>

<net id="252"><net_src comp="224" pin="1"/><net_sink comp="249" pin=0"/></net>

<net id="253"><net_src comp="249" pin="1"/><net_sink comp="157" pin=2"/></net>

<net id="254"><net_src comp="249" pin="1"/><net_sink comp="169" pin=2"/></net>

<net id="255"><net_src comp="249" pin="1"/><net_sink comp="177" pin=2"/></net>

<net id="256"><net_src comp="249" pin="1"/><net_sink comp="189" pin=2"/></net>

<net id="260"><net_src comp="229" pin="2"/><net_sink comp="257" pin=0"/></net>

<net id="264"><net_src comp="157" pin="3"/><net_sink comp="261" pin=0"/></net>

<net id="265"><net_src comp="261" pin="1"/><net_sink comp="163" pin=0"/></net>

<net id="269"><net_src comp="169" pin="3"/><net_sink comp="266" pin=0"/></net>

<net id="270"><net_src comp="266" pin="1"/><net_sink comp="150" pin=0"/></net>

<net id="274"><net_src comp="177" pin="3"/><net_sink comp="271" pin=0"/></net>

<net id="275"><net_src comp="271" pin="1"/><net_sink comp="183" pin=0"/></net>

<net id="279"><net_src comp="189" pin="3"/><net_sink comp="276" pin=0"/></net>

<net id="280"><net_src comp="276" pin="1"/><net_sink comp="195" pin=0"/></net>

<net id="284"><net_src comp="102" pin="2"/><net_sink comp="281" pin=0"/></net>

<net id="285"><net_src comp="281" pin="1"/><net_sink comp="108" pin=8"/></net>

<net id="289"><net_src comp="163" pin="2"/><net_sink comp="286" pin=0"/></net>

<net id="290"><net_src comp="286" pin="1"/><net_sink comp="108" pin=11"/></net>

<net id="294"><net_src comp="150" pin="2"/><net_sink comp="291" pin=0"/></net>

<net id="295"><net_src comp="291" pin="1"/><net_sink comp="108" pin=12"/></net>

<net id="299"><net_src comp="183" pin="2"/><net_sink comp="296" pin=0"/></net>

<net id="300"><net_src comp="296" pin="1"/><net_sink comp="108" pin=13"/></net>

<net id="304"><net_src comp="195" pin="2"/><net_sink comp="301" pin=0"/></net>

<net id="305"><net_src comp="301" pin="1"/><net_sink comp="108" pin=14"/></net>

</net_list>

</model> 
---------------- Datapath Model END ------------------

* FSMD analyzer results:
  - Output states:
	Port: stream_out_V_data_V | {5 }
	Port: stream_out_V_keep_V | {5 }
	Port: stream_out_V_strb_V | {5 }
	Port: stream_out_V_user_V | {5 }
	Port: stream_out_V_last_V | {5 }
	Port: stream_out_V_id_V | {5 }
	Port: stream_out_V_dest_V | {5 }
 - Input state : 
	Port: packer : stream_in_V_V | {4 }
	Port: packer : stream_out_V_data_V | {}
	Port: packer : stream_out_V_keep_V | {}
	Port: packer : stream_out_V_strb_V | {}
	Port: packer : stream_out_V_user_V | {}
	Port: packer : stream_out_V_last_V | {}
	Port: packer : stream_out_V_id_V | {}
	Port: packer : stream_out_V_dest_V | {}
  - Chain level:
	State 1
		packet_last_V_addr : 1
	State 2
		exitcond : 1
		i_2 : 1
		StgValue_18 : 2
		tmp : 1
		tmp_8 : 1
		StgValue_21 : 2
		packet_last_V_addr_1 : 2
		StgValue_23 : 3
	State 3
		tmp_user_V : 1
		tmp_last_V : 1
		tmp_id_V : 1
		tmp_dest_V : 1
	State 4
		StgValue_38 : 1
	State 5
		empty_11 : 1
	State 6


============================================================
+ Verbose Summary: Datapath Resource usage 
============================================================

* Functional unit list:
|----------|-------------------|---------|---------|
| Operation|  Functional Unit  |    FF   |   LUT   |
|----------|-------------------|---------|---------|
|   icmp   |  exitcond_fu_212  |    0    |    9    |
|          |    tmp_8_fu_229   |    0    |    9    |
|----------|-------------------|---------|---------|
|    add   |     i_2_fu_218    |    0    |    13   |
|----------|-------------------|---------|---------|
|   read   | tmp_V_read_fu_102 |    0    |    0    |
|----------|-------------------|---------|---------|
|   write  |  grp_write_fu_108 |    0    |    0    |
|----------|-------------------|---------|---------|
|   zext   |     tmp_fu_224    |    0    |    0    |
|----------|-------------------|---------|---------|
|   Total  |                   |    0    |    31   |
|----------|-------------------|---------|---------|

Memories:
+-------------+--------+--------+--------+
|             |  BRAM  |   FF   |   LUT  |
+-------------+--------+--------+--------+
|packet_dest_V|    0   |    2   |    1   |
| packet_id_V |    0   |    2   |    1   |
|packet_last_V|    0   |    2   |    1   |
|packet_user_V|    0   |    2   |    1   |
+-------------+--------+--------+--------+
|    Total    |    0   |    8   |    4   |
+-------------+--------+--------+--------+

* Register list:
+----------------------------+--------+
|                            |   FF   |
+----------------------------+--------+
|      exitcond_reg_240      |    1   |
|         i_2_reg_244        |    4   |
|          i_reg_201         |    4   |
| packet_dest_V_addr_reg_276 |    4   |
|  packet_id_V_addr_reg_271  |    4   |
|packet_last_V_addr_2_reg_266|    4   |
| packet_last_V_addr_reg_235 |    4   |
| packet_user_V_addr_reg_261 |    4   |
|        tmp_8_reg_257       |    1   |
|        tmp_V_reg_281       |   32   |
|     tmp_dest_V_reg_301     |    1   |
|      tmp_id_V_reg_296      |    1   |
|     tmp_last_V_reg_291     |    1   |
|         tmp_reg_249        |   64   |
|     tmp_user_V_reg_286     |    1   |
+----------------------------+--------+
|            Total           |   130  |
+----------------------------+--------+

* Multiplexer (MUX) list: 
|-------------------|------|------|------|--------||---------||---------|
|        Comp       |  Pin | Size |  BW  | S x BW ||  Delay  ||   LUT   |
|-------------------|------|------|------|--------||---------||---------|
|  grp_write_fu_108 |  p8  |   2  |  32  |   64   ||    9    |
|  grp_write_fu_108 |  p11 |   2  |   1  |    2   ||    9    |
|  grp_write_fu_108 |  p12 |   2  |   1  |    2   ||    9    |
|  grp_write_fu_108 |  p13 |   2  |   1  |    2   ||    9    |
|  grp_write_fu_108 |  p14 |   2  |   1  |    2   ||    9    |
| grp_access_fu_150 |  p0  |   4  |   4  |   16   ||    21   |
| grp_access_fu_150 |  p1  |   2  |   1  |    2   |
| grp_access_fu_163 |  p0  |   2  |   4  |    8   ||    9    |
| grp_access_fu_183 |  p0  |   2  |   4  |    8   ||    9    |
| grp_access_fu_195 |  p0  |   2  |   4  |    8   ||    9    |
|-------------------|------|------|------|--------||---------||---------|
|       Total       |      |      |      |   114  || 17.7815 ||    93   |
|-------------------|------|------|------|--------||---------||---------|



* Summary:
+-----------+--------+--------+--------+--------+
|           |  BRAM  |  Delay |   FF   |   LUT  |
+-----------+--------+--------+--------+--------+
|  Function |    -   |    -   |    0   |   31   |
|   Memory  |    0   |    -   |    8   |    4   |
|Multiplexer|    -   |   17   |    -   |   93   |
|  Register |    -   |    -   |   130  |    -   |
+-----------+--------+--------+--------+--------+
|   Total   |    0   |   17   |   138  |   128  |
+-----------+--------+--------+--------+--------+
