

================================================================
== Vivado HLS Report for 'unpacker'
================================================================
* Date:           Sun Apr 22 02:00:05 2018

* Version:        2017.4 (Build 2086221 on Fri Dec 15 21:13:33 MST 2017)
* Project:        mnist
* Solution:       base
* Product family: zynq
* Target device:  xc7z020clg400-1


================================================================
== Performance Estimates
================================================================
+ Timing (ns): 
    * Summary: 
    +--------+-------+----------+------------+
    |  Clock | Target| Estimated| Uncertainty|
    +--------+-------+----------+------------+
    |ap_clk  |  10.00|      3.63|        1.25|
    +--------+-------+----------+------------+

+ Latency (clock cycles): 
    * Summary: 
    +-----+-----+-----+-----+---------+
    |  Latency  |  Interval | Pipeline|
    | min | max | min | max |   Type  |
    +-----+-----+-----+-----+---------+
    |  786|  786|  786|  786|   none  |
    +-----+-----+-----+-----+---------+

    + Detail: 
        * Instance: 
        N/A

        * Loop: 
        +----------+-----+-----+----------+-----------+-----------+------+----------+
        |          |  Latency  | Iteration|  Initiation Interval  | Trip |          |
        | Loop Name| min | max |  Latency |  achieved |   target  | Count| Pipelined|
        +----------+-----+-----+----------+-----------+-----------+------+----------+
        |- Unpack  |  784|  784|         2|          1|          1|   784|    yes   |
        +----------+-----+-----+----------+-----------+-----------+------+----------+

============================================================
+ Verbose Summary: Synthesis Manager
============================================================
InlineROM: 1
ExposeGlobal: 0
============================================================
+ Verbose Summary: CDFG Model
============================================================
IsTopModel: 0
ResetActiveHigh: 1
IsCombinational: 2
IsDatapathOnly: 0
HasWiredReturn: 1
HasMFsm: 0
HasVarLatency: 1
IsPipeline: 0
IsRtlPipelined: 0
IsInstanceOverlapped: 0
IsDontTouch: 0
HasImplIP: 0
IsGatedGlobalClock: 0

+ Individual pipeline summary: 
  * Pipeline-0: initiation interval (II) = 1, depth = 2


============================================================
+ Verbose Summary: Schedule
============================================================
* Number of FSM states : 4
* Pipeline : 1
  Pipeline-0 : II = 1, D = 2, States = { 2 3 }
* Dataflow Pipeline: 0

* FSM state transitions: 
1 --> 
	2  / true
2 --> 
	4  / (exitcond)
	3  / (!exitcond)
3 --> 
	2  / true
4 --> 

* FSM state operations: 

 <State 1> : 1.77ns
ST_1 : Operation 5 [1/1] (0.00ns)   --->   "call void (...)* @_ssdm_op_SpecInterface(i8* %stream_out_V_V, [8 x i8]* @ap_fifo_str, i32 0, i32 0, [1 x i8]* @p_str68, i32 0, i32 0, [1 x i8]* @p_str69, [1 x i8]* @p_str70, [1 x i8]* @p_str71, i32 2, i32 2, i32 16, i32 16, [1 x i8]* @p_str72, [1 x i8]* @p_str73)"
ST_1 : Operation 6 [1/1] (0.00ns)   --->   "call void (...)* @_ssdm_op_SpecInterface(i8* %stream_in_V_data_V, i1* %stream_in_V_keep_V, i1* %stream_in_V_strb_V, i1* %stream_in_V_user_V, i1* %stream_in_V_last_V, i1* %stream_in_V_id_V, i1* %stream_in_V_dest_V, [5 x i8]* @p_str, i32 1, i32 1, [5 x i8]* @p_str5, i32 0, i32 0, [1 x i8]* @p_str6, [1 x i8]* @p_str6, [1 x i8]* @p_str6, i32 0, i32 0, i32 0, i32 0, [1 x i8]* @p_str6, [1 x i8]* @p_str6) nounwind"
ST_1 : Operation 7 [1/1] (1.76ns)   --->   "br label %.preheader" [mnist/unpacker.h:10]

 <State 2> : 2.70ns
ST_2 : Operation 8 [1/1] (0.00ns)   --->   "%i = phi i10 [ %i_1, %0 ], [ 0, %.preheader.preheader ]"
ST_2 : Operation 9 [1/1] (1.77ns)   --->   "%exitcond = icmp eq i10 %i, -240" [mnist/unpacker.h:10]   --->   Core 25 'Cmp' <Latency = 0> <II = 1> <Delay = 1.77> <FuncUnit> <Opcode : 'icmp'> <InPorts = 2> <OutPorts = 1>
ST_2 : Operation 10 [1/1] (1.95ns)   --->   "%i_1 = add i10 %i, 1" [mnist/unpacker.h:10]   --->   Core 14 'AddSub' <Latency = 0> <II = 1> <Delay = 1.95> <FuncUnit> <Opcode : 'add' 'sub'> <InPorts = 2> <OutPorts = 1>
ST_2 : Operation 11 [1/1] (0.00ns)   --->   "br i1 %exitcond, label %1, label %0" [mnist/unpacker.h:10]
ST_2 : Operation 12 [2/2] (0.00ns)   --->   "%empty_9 = call { i8, i1, i1, i1, i1, i1, i1 } @_ssdm_op_Read.axis.volatile.i8P.i1P.i1P.i1P.i1P.i1P.i1P(i8* %stream_in_V_data_V, i1* %stream_in_V_keep_V, i1* %stream_in_V_strb_V, i1* %stream_in_V_user_V, i1* %stream_in_V_last_V, i1* %stream_in_V_id_V, i1* %stream_in_V_dest_V)" [mnist/unpacker.h:12]   --->   Core 5 'AXI4Stream' <Latency = 0> <II = 1> <Delay = 1.00> <Adapter> <Opcode : >

 <State 3> : 3.63ns
ST_3 : Operation 13 [1/1] (0.00ns)   --->   "%empty = call i32 (...)* @_ssdm_op_SpecLoopTripCount(i64 784, i64 784, i64 784)"
ST_3 : Operation 14 [1/1] (0.00ns)   --->   "call void (...)* @_ssdm_op_SpecLoopName([7 x i8]* @p_str14) nounwind" [mnist/unpacker.h:10]
ST_3 : Operation 15 [1/1] (0.00ns)   --->   "%tmp = call i32 (...)* @_ssdm_op_SpecRegionBegin([7 x i8]* @p_str14)" [mnist/unpacker.h:10]
ST_3 : Operation 16 [1/1] (0.00ns)   --->   "call void (...)* @_ssdm_op_SpecPipeline(i32 -1, i32 1, i32 1, i32 0, [1 x i8]* @p_str6) nounwind" [mnist/unpacker.h:11]
ST_3 : Operation 17 [1/2] (0.00ns)   --->   "%empty_9 = call { i8, i1, i1, i1, i1, i1, i1 } @_ssdm_op_Read.axis.volatile.i8P.i1P.i1P.i1P.i1P.i1P.i1P(i8* %stream_in_V_data_V, i1* %stream_in_V_keep_V, i1* %stream_in_V_strb_V, i1* %stream_in_V_user_V, i1* %stream_in_V_last_V, i1* %stream_in_V_id_V, i1* %stream_in_V_dest_V)" [mnist/unpacker.h:12]   --->   Core 5 'AXI4Stream' <Latency = 0> <II = 1> <Delay = 1.00> <Adapter> <Opcode : >
ST_3 : Operation 18 [1/1] (0.00ns)   --->   "%tmp_data_V = extractvalue { i8, i1, i1, i1, i1, i1, i1 } %empty_9, 0" [mnist/unpacker.h:12]
ST_3 : Operation 19 [1/1] (3.63ns)   --->   "call void @_ssdm_op_Write.ap_fifo.volatile.i8P(i8* %stream_out_V_V, i8 %tmp_data_V)" [mnist/unpacker.h:14]   --->   Core 32 'FIFO' <Latency = 0> <II = 1> <Delay = 3.63> <Storage> <Opcode : 'read' 'write' 'nbread' 'nbwrite'> <Ports = 0> <Width = 8> <Depth = 1> <FIFO>
ST_3 : Operation 20 [1/1] (0.00ns)   --->   "%empty_10 = call i32 (...)* @_ssdm_op_SpecRegionEnd([7 x i8]* @p_str14, i32 %tmp)" [mnist/unpacker.h:15]
ST_3 : Operation 21 [1/1] (0.00ns)   --->   "br label %.preheader" [mnist/unpacker.h:10]

 <State 4> : 0.00ns
ST_4 : Operation 22 [1/1] (0.00ns)   --->   "ret void" [mnist/unpacker.h:16]


============================================================
+ Verbose Summary: Timing violations
============================================================
Target clock period: 10ns, clock uncertainty: 1.25ns.

 <State 1>: 1.77ns
The critical path consists of the following:
	multiplexor before 'phi' operation ('i') with incoming values : ('i', mnist/unpacker.h:10) [13]  (1.77 ns)

 <State 2>: 2.7ns
The critical path consists of the following:
	'icmp' operation ('exitcond', mnist/unpacker.h:10) [14]  (1.77 ns)
	blocking operation 0.931 ns on control path)

 <State 3>: 3.63ns
The critical path consists of the following:
	axis read on port 'stream_in_V_data_V' (mnist/unpacker.h:12) [22]  (0 ns)
	fifo write on port 'stream_out_V_V' (mnist/unpacker.h:14) [24]  (3.63 ns)

 <State 4>: 0ns
The critical path consists of the following:


============================================================
+ Verbose Summary: Binding
============================================================
N/A
* FSMD analyzer results:
  - Output states:
 - Input state : 
  - Chain level:
	State 1
	State 2
	State 3
	State 4


============================================================
+ Verbose Summary: Datapath Resource usage 
============================================================
N/A
