

================================================================
== Vivado HLS Report for 'get_result'
================================================================
* Date:           Mon Apr  9 21:30:12 2018

* Version:        2017.4 (Build 2086221 on Fri Dec 15 21:13:33 MST 2017)
* Project:        mnist_edpa
* Solution:       solution1
* Product family: zynq
* Target device:  xc7z020clg400-1


================================================================
== Performance Estimates
================================================================
+ Timing (ns): 
    * Summary: 
    +--------+-------+----------+------------+
    |  Clock | Target| Estimated| Uncertainty|
    +--------+-------+----------+------------+
    |ap_clk  |  15.00|     12.57|        1.88|
    +--------+-------+----------+------------+

+ Latency (clock cycles): 
    * Summary: 
    +-----+-----+-----+-----+----------+
    |  Latency  |  Interval | Pipeline |
    | min | max | min | max |   Type   |
    +-----+-----+-----+-----+----------+
    |    1|    1|    1|    1| function |
    +-----+-----+-----+-----+----------+

    + Detail: 
        * Instance: 
        N/A

        * Loop: 
        N/A



================================================================
== Utilization Estimates
================================================================
* Summary: 
+-----------------+---------+-------+--------+-------+
|       Name      | BRAM_18K| DSP48E|   FF   |  LUT  |
+-----------------+---------+-------+--------+-------+
|DSP              |        -|      -|       -|      -|
|Expression       |        -|      -|     292|   1044|
|FIFO             |        -|      -|       -|      -|
|Instance         |        -|      -|       -|      -|
|Memory           |        -|      -|       -|      -|
|Multiplexer      |        -|      -|       -|      -|
|Register         |        -|      -|     107|      -|
+-----------------+---------+-------+--------+-------+
|Total            |        0|      0|     399|   1044|
+-----------------+---------+-------+--------+-------+
|Available        |      280|    220|  106400|  53200|
+-----------------+---------+-------+--------+-------+
|Utilization (%)  |        0|      0|   ~0   |      1|
+-----------------+---------+-------+--------+-------+

+ Detail: 
    * Instance: 
    N/A

    * DSP48: 
    N/A

    * Memory: 
    N/A

    * FIFO: 
    N/A

    * Expression: 
    +-----------------------------+----------+-------+----+----+------------+------------+
    |        Variable Name        | Operation| DSP48E| FF | LUT| Bitwidth P0| Bitwidth P1|
    +-----------------------------+----------+-------+----+----+------------+------------+
    |index_assign_1_1_fu_312_p2   |     +    |      0|   0|  16|           2|           9|
    |mantissa_V_fu_817_p2         |     +    |      0|   0|  17|           1|          10|
    |r_V_2_fu_330_p2              |     +    |      0|   0|  16|           3|           9|
    |r_V_3_fu_356_p2              |     +    |      0|   0|  16|           3|           9|
    |r_V_4_fu_382_p2              |     +    |      0|   0|  16|           4|           9|
    |r_V_5_fu_408_p2              |     +    |      0|   0|  16|           4|           9|
    |r_V_6_fu_434_p2              |     +    |      0|   0|  16|           4|           9|
    |r_V_7_fu_460_p2              |     +    |      0|   0|  16|           4|           9|
    |r_V_8_fu_486_p2              |     +    |      0|   0|  16|           5|           9|
    |r_V_9_fu_512_p2              |     +    |      0|   0|  16|           5|           9|
    |tmp_2_fu_192_p2              |     +    |      0|   0|  15|           8|           8|
    |tmp_7_fu_250_p2              |     +    |      0|   0|  15|           8|           8|
    |addconv_fu_280_p2            |     -    |      0|   0|  16|           7|           9|
    |tmp_14_fu_550_p2             |     -    |      0|   0|  15|           4|           5|
    |sel_tmp_fu_840_p2            |    and   |      0|   0|   8|           1|           1|
    |tmp_15_fu_575_p2             |    and   |      0|   0|   8|           1|           1|
    |tmp_16_fu_584_p2             |    and   |      0|   0|   8|           1|           1|
    |tmp_17_fu_594_p2             |    and   |      0|   0|   8|           1|           1|
    |tmp_18_fu_604_p2             |    and   |      0|   0|   8|           1|           1|
    |tmp_20_fu_614_p2             |    and   |      0|   0|   8|           1|           1|
    |tmp_21_fu_624_p2             |    and   |      0|   0|   8|           1|           1|
    |tmp_22_fu_634_p2             |    and   |      0|   0|   8|           1|           1|
    |tmp_24_fu_644_p2             |    and   |      0|   0|   8|           1|           1|
    |tmp_25_fu_654_p2             |    and   |      0|   0|   8|           1|           1|
    |tmp_11_fu_234_p3             |   ctlz   |      0|  73|  71|          64|           0|
    |tmp_19_fu_110_p3             |   ctlz   |      0|  73|  71|          64|           0|
    |tmp_23_fu_140_p3             |   ctlz   |      0|  73|  71|          64|           0|
    |tmp_8_fu_176_p3              |   ctlz   |      0|  73|  71|          64|           0|
    |tmp_10_fu_206_p2             |   icmp   |      0|   0|  11|           8|           7|
    |tmp_28_fu_118_p2             |   icmp   |      0|   0|  29|          64|           1|
    |tmp_31_fu_148_p2             |   icmp   |      0|   0|  29|          64|           1|
    |tmp_36_1_fu_306_p2           |   icmp   |      0|   0|  13|           9|           1|
    |tmp_39_1_fu_708_p2           |    or    |      0|   0|   8|           1|           1|
    |tmp_39_2_fu_718_p2           |    or    |      0|   0|   8|           1|           1|
    |tmp_39_3_fu_728_p2           |    or    |      0|   0|   8|           1|           1|
    |tmp_39_4_fu_738_p2           |    or    |      0|   0|   8|           1|           1|
    |tmp_39_5_fu_748_p2           |    or    |      0|   0|   8|           1|           1|
    |tmp_39_6_fu_758_p2           |    or    |      0|   0|   8|           1|           1|
    |tmp_39_7_fu_768_p2           |    or    |      0|   0|   8|           1|           1|
    |tmp_39_fu_698_p2             |    or    |      0|   0|   8|           1|           1|
    |ap_return                    |  select  |      0|   0|  16|           1|           1|
    |leading_signs_V_1_fu_256_p3  |  select  |      0|   0|   8|           1|           8|
    |leading_signs_V_2_fu_264_p3  |  select  |      0|   0|   8|           1|           8|
    |leading_signs_V_fu_198_p3    |  select  |      0|   0|   8|           1|           8|
    |p_0274_1_fu_568_p3           |  select  |      0|   0|  10|           1|           1|
    |p_Repl2_s_fu_823_p3          |  select  |      0|   0|  10|           1|          10|
    |exponent_V_fu_555_p2         |    xor   |      0|   0|  13|           5|           6|
    |flipped_V_fu_124_p2          |    xor   |      0|   0|  87|           2|          80|
    |p_not1_fu_703_p2             |    xor   |      0|   0|   8|           1|           2|
    |p_not2_fu_713_p2             |    xor   |      0|   0|   8|           1|           2|
    |p_not3_fu_723_p2             |    xor   |      0|   0|   8|           1|           2|
    |p_not4_fu_733_p2             |    xor   |      0|   0|   8|           1|           2|
    |p_not5_fu_743_p2             |    xor   |      0|   0|   8|           1|           2|
    |p_not6_fu_753_p2             |    xor   |      0|   0|   8|           1|           2|
    |p_not7_fu_763_p2             |    xor   |      0|   0|   8|           1|           2|
    |p_not_fu_693_p2              |    xor   |      0|   0|   8|           1|           2|
    |rev1_fu_599_p2               |    xor   |      0|   0|   8|           1|           2|
    |rev2_fu_609_p2               |    xor   |      0|   0|   8|           1|           2|
    |rev3_fu_619_p2               |    xor   |      0|   0|   8|           1|           2|
    |rev4_fu_629_p2               |    xor   |      0|   0|   8|           1|           2|
    |rev5_fu_639_p2               |    xor   |      0|   0|   8|           1|           2|
    |rev6_fu_649_p2               |    xor   |      0|   0|   8|           1|           2|
    |rev7_fu_579_p2               |    xor   |      0|   0|   8|           1|           2|
    |rev_fu_589_p2                |    xor   |      0|   0|   8|           1|           2|
    |tmp_39_8_fu_773_p2           |    xor   |      0|   0|   8|           1|           2|
    |tmp_39_9_fu_787_p2           |    xor   |      0|   0|   8|           1|           2|
    |tmp_s_fu_545_p2              |    xor   |      0|   0|   8|           1|           2|
    +-----------------------------+----------+-------+----+----+------------+------------+
    |Total                        |          |      0| 292|1044|         513|         309|
    +-----------------------------+----------+-------+----+----+------------+------------+

    * Multiplexer: 
    N/A

    * Register: 
    +------------------------------+----+----+-----+-----------+
    |             Name             | FF | LUT| Bits| Const Bits|
    +------------------------------+----+----+-----+-----------+
    |CompleteRegister_m_c_reg_853  |  80|   0|   80|          0|
    |tmp_10_reg_864                |   1|   0|    1|          0|
    |tmp_36_1_reg_884              |   1|   0|    1|          0|
    |tmp_74_reg_869                |   5|   0|    5|          0|
    |tmp_75_reg_874                |   1|   0|    1|          0|
    |tmp_76_reg_879                |   1|   0|    1|          0|
    |tmp_77_reg_889                |   1|   0|    1|          0|
    |tmp_78_reg_894                |   1|   0|    1|          0|
    |tmp_79_reg_900                |   1|   0|    1|          0|
    |tmp_80_reg_906                |   1|   0|    1|          0|
    |tmp_81_reg_912                |   1|   0|    1|          0|
    |tmp_82_reg_918                |   1|   0|    1|          0|
    |tmp_83_reg_924                |   1|   0|    1|          0|
    |tmp_84_reg_930                |   1|   0|    1|          0|
    |tmp_85_reg_936                |   1|   0|    1|          0|
    |tmp_86_reg_942                |   1|   0|    1|          0|
    |tmp_87_reg_948                |   1|   0|    1|          0|
    |tmp_88_reg_954                |   1|   0|    1|          0|
    |tmp_89_reg_960                |   1|   0|    1|          0|
    |tmp_90_reg_966                |   1|   0|    1|          0|
    |tmp_91_reg_972                |   1|   0|    1|          0|
    |tmp_92_reg_978                |   1|   0|    1|          0|
    |tmp_93_reg_984                |   1|   0|    1|          0|
    |tmp_reg_858                   |   1|   0|    1|          0|
    +------------------------------+----+----+-----+-----------+
    |Total                         | 107|   0|  107|          0|
    +------------------------------+----+----+-----+-----------+



================================================================
== Interface
================================================================
* Summary: 
+----------------------------------------------------+-----+-----+------------+----------------------------------------------------+--------------+
|                      RTL Ports                     | Dir | Bits|  Protocol  |                    Source Object                   |    C Type    |
+----------------------------------------------------+-----+-----+------------+----------------------------------------------------+--------------+
|ap_clk                                              |  in |    1| ap_ctrl_hs |                     get_result                     | return value |
|ap_rst                                              |  in |    1| ap_ctrl_hs |                     get_result                     | return value |
|ap_return                                           | out |   16| ap_ctrl_hs |                     get_result                     | return value |
|ap_ce                                               |  in |    1| ap_ctrl_hs |                     get_result                     | return value |
|CompleteRegister_ap_uint_16_ap_uint_16_m_cr_V_read  |  in |   80|   ap_none  | CompleteRegister_ap_uint_16_ap_uint_16_m_cr_V_read |    scalar    |
+----------------------------------------------------+-----+-----+------------+----------------------------------------------------+--------------+

